{"/Users/mariakaspur/Desktop/github/RSReact/src/scripts/components/BtnError/BtnError.tsx": {"path":"/Users/mariakaspur/Desktop/github/RSReact/src/scripts/components/BtnError/BtnError.tsx","all":false,"statementMap":{"0":{"start":{"line":1,"column":0},"end":{"line":1,"column":33}},"1":{"start":{"line":2,"column":0},"end":{"line":2,"column":26}},"2":{"start":{"line":3,"column":0},"end":{"line":3,"column":92}},"3":{"start":{"line":4,"column":0},"end":{"line":4,"column":26}},"4":{"start":{"line":5,"column":0},"end":{"line":5,"column":0}},"5":{"start":{"line":6,"column":0},"end":{"line":6,"column":35}},"6":{"start":{"line":7,"column":0},"end":{"line":7,"column":50}},"7":{"start":{"line":8,"column":0},"end":{"line":8,"column":48}},"8":{"start":{"line":9,"column":0},"end":{"line":9,"column":0}},"9":{"start":{"line":10,"column":0},"end":{"line":10,"column":10}},"10":{"start":{"line":11,"column":0},"end":{"line":11,"column":58}},"11":{"start":{"line":12,"column":0},"end":{"line":12,"column":70}},"12":{"start":{"line":13,"column":0},"end":{"line":13,"column":48}},"13":{"start":{"line":14,"column":0},"end":{"line":14,"column":15}},"14":{"start":{"line":15,"column":0},"end":{"line":15,"column":10}},"15":{"start":{"line":16,"column":0},"end":{"line":16,"column":4}},"16":{"start":{"line":17,"column":0},"end":{"line":17,"column":3}},"17":{"start":{"line":18,"column":0},"end":{"line":18,"column":0}},"18":{"start":{"line":19,"column":0},"end":{"line":19,"column":24}}},"s":{"0":1,"1":1,"2":1,"3":1,"4":1,"5":1,"6":28,"7":28,"8":23,"9":23,"10":23,"11":23,"12":23,"13":23,"14":23,"15":23,"16":23,"17":1,"18":1},"branchMap":{"0":{"type":"branch","line":6,"loc":{"start":{"line":6,"column":28},"end":{"line":17,"column":3}},"locations":[{"start":{"line":6,"column":28},"end":{"line":17,"column":3}}]},"1":{"type":"branch","line":8,"loc":{"start":{"line":8,"column":16},"end":{"line":8,"column":48}},"locations":[{"start":{"line":8,"column":16},"end":{"line":8,"column":48}}]},"2":{"type":"branch","line":8,"loc":{"start":{"line":8,"column":46},"end":{"line":17,"column":3}},"locations":[{"start":{"line":8,"column":46},"end":{"line":17,"column":3}}]},"3":{"type":"branch","line":12,"loc":{"start":{"line":12,"column":45},"end":{"line":12,"column":70}},"locations":[{"start":{"line":12,"column":45},"end":{"line":12,"column":70}}]}},"b":{"0":[28],"1":[4],"2":[23],"3":[1]},"fnMap":{"0":{"name":"onClick","decl":{"start":{"line":12,"column":45},"end":{"line":12,"column":70}},"loc":{"start":{"line":12,"column":45},"end":{"line":12,"column":70}},"line":12}},"f":{"0":1}}
,"/Users/mariakaspur/Desktop/github/RSReact/src/scripts/components/CardPotion/CardPotion.tsx": {"path":"/Users/mariakaspur/Desktop/github/RSReact/src/scripts/components/CardPotion/CardPotion.tsx","all":false,"statementMap":{"0":{"start":{"line":1,"column":0},"end":{"line":1,"column":49}},"1":{"start":{"line":2,"column":0},"end":{"line":2,"column":27}},"2":{"start":{"line":3,"column":0},"end":{"line":3,"column":18}},"3":{"start":{"line":4,"column":0},"end":{"line":4,"column":19}},"4":{"start":{"line":5,"column":0},"end":{"line":5,"column":1}},"5":{"start":{"line":6,"column":0},"end":{"line":6,"column":109}},"6":{"start":{"line":7,"column":0},"end":{"line":7,"column":43}},"7":{"start":{"line":8,"column":0},"end":{"line":8,"column":0}},"8":{"start":{"line":9,"column":0},"end":{"line":9,"column":58}},"9":{"start":{"line":10,"column":0},"end":{"line":10,"column":33}},"10":{"start":{"line":11,"column":0},"end":{"line":11,"column":62}},"11":{"start":{"line":12,"column":0},"end":{"line":12,"column":0}},"12":{"start":{"line":13,"column":0},"end":{"line":13,"column":10}},"13":{"start":{"line":14,"column":0},"end":{"line":14,"column":71}},"14":{"start":{"line":15,"column":0},"end":{"line":15,"column":40}},"15":{"start":{"line":16,"column":0},"end":{"line":16,"column":78}},"16":{"start":{"line":17,"column":0},"end":{"line":17,"column":12}},"17":{"start":{"line":18,"column":0},"end":{"line":18,"column":48}},"18":{"start":{"line":19,"column":0},"end":{"line":19,"column":43}},"19":{"start":{"line":20,"column":0},"end":{"line":20,"column":43}},"20":{"start":{"line":21,"column":0},"end":{"line":21,"column":89}},"21":{"start":{"line":22,"column":0},"end":{"line":22,"column":56}},"22":{"start":{"line":23,"column":0},"end":{"line":23,"column":16}},"23":{"start":{"line":24,"column":0},"end":{"line":24,"column":13}},"24":{"start":{"line":25,"column":0},"end":{"line":25,"column":12}},"25":{"start":{"line":26,"column":0},"end":{"line":26,"column":10}},"26":{"start":{"line":27,"column":0},"end":{"line":27,"column":12}},"27":{"start":{"line":28,"column":0},"end":{"line":28,"column":10}},"28":{"start":{"line":29,"column":0},"end":{"line":29,"column":4}},"29":{"start":{"line":30,"column":0},"end":{"line":30,"column":1}}},"s":{"0":1,"1":1,"2":1,"3":1,"4":1,"5":1,"6":1,"7":1,"8":460,"9":460,"10":460,"11":460,"12":460,"13":460,"14":460,"15":460,"16":460,"17":460,"18":460,"19":460,"20":259,"21":259,"22":259,"23":201,"24":201,"25":460,"26":460,"27":460,"28":460,"29":460},"branchMap":{"0":{"type":"branch","line":9,"loc":{"start":{"line":9,"column":0},"end":{"line":30,"column":1}},"locations":[{"start":{"line":9,"column":0},"end":{"line":30,"column":1}}]},"1":{"type":"branch","line":11,"loc":{"start":{"line":11,"column":40},"end":{"line":11,"column":55}},"locations":[{"start":{"line":11,"column":40},"end":{"line":11,"column":55}}]},"2":{"type":"branch","line":11,"loc":{"start":{"line":11,"column":46},"end":{"line":11,"column":62}},"locations":[{"start":{"line":11,"column":46},"end":{"line":11,"column":62}}]},"3":{"type":"branch","line":14,"loc":{"start":{"line":14,"column":46},"end":{"line":14,"column":65}},"locations":[{"start":{"line":14,"column":46},"end":{"line":14,"column":65}}]},"4":{"type":"branch","line":14,"loc":{"start":{"line":14,"column":55},"end":{"line":14,"column":67}},"locations":[{"start":{"line":14,"column":55},"end":{"line":14,"column":67}}]},"5":{"type":"branch","line":16,"loc":{"start":{"line":16,"column":38},"end":{"line":16,"column":63}},"locations":[{"start":{"line":16,"column":38},"end":{"line":16,"column":63}}]},"6":{"type":"branch","line":20,"loc":{"start":{"line":20,"column":29},"end":{"line":23,"column":16}},"locations":[{"start":{"line":20,"column":29},"end":{"line":23,"column":16}}]},"7":{"type":"branch","line":23,"loc":{"start":{"line":23,"column":10},"end":{"line":25,"column":12}},"locations":[{"start":{"line":23,"column":10},"end":{"line":25,"column":12}}]}},"b":{"0":[460],"1":[303],"2":[157],"3":[157],"4":[303],"5":[50],"6":[259],"7":[201]},"fnMap":{"0":{"name":"CardPotion","decl":{"start":{"line":9,"column":0},"end":{"line":30,"column":1}},"loc":{"start":{"line":9,"column":0},"end":{"line":30,"column":1}},"line":9}},"f":{"0":460}}
,"/Users/mariakaspur/Desktop/github/RSReact/src/scripts/components/Cards/Cards.tsx": {"path":"/Users/mariakaspur/Desktop/github/RSReact/src/scripts/components/Cards/Cards.tsx","all":false,"statementMap":{"0":{"start":{"line":1,"column":0},"end":{"line":1,"column":22}},"1":{"start":{"line":2,"column":0},"end":{"line":2,"column":50}},"2":{"start":{"line":3,"column":0},"end":{"line":3,"column":56}},"3":{"start":{"line":4,"column":0},"end":{"line":4,"column":35}},"4":{"start":{"line":5,"column":0},"end":{"line":5,"column":61}},"5":{"start":{"line":6,"column":0},"end":{"line":6,"column":49}},"6":{"start":{"line":7,"column":0},"end":{"line":7,"column":57}},"7":{"start":{"line":8,"column":0},"end":{"line":8,"column":0}},"8":{"start":{"line":9,"column":0},"end":{"line":9,"column":33}},"9":{"start":{"line":10,"column":0},"end":{"line":10,"column":56}},"10":{"start":{"line":11,"column":0},"end":{"line":11,"column":33}},"11":{"start":{"line":12,"column":0},"end":{"line":12,"column":62}},"12":{"start":{"line":13,"column":0},"end":{"line":13,"column":0}},"13":{"start":{"line":14,"column":0},"end":{"line":14,"column":43}},"14":{"start":{"line":15,"column":0},"end":{"line":15,"column":12}},"15":{"start":{"line":16,"column":0},"end":{"line":16,"column":29}},"16":{"start":{"line":17,"column":0},"end":{"line":17,"column":30}},"17":{"start":{"line":18,"column":0},"end":{"line":18,"column":29}},"18":{"start":{"line":19,"column":0},"end":{"line":19,"column":22}},"19":{"start":{"line":20,"column":0},"end":{"line":20,"column":27}},"20":{"start":{"line":21,"column":0},"end":{"line":21,"column":5}},"21":{"start":{"line":22,"column":0},"end":{"line":22,"column":34}},"22":{"start":{"line":23,"column":0},"end":{"line":23,"column":14}},"23":{"start":{"line":24,"column":0},"end":{"line":24,"column":5}},"24":{"start":{"line":25,"column":0},"end":{"line":25,"column":0}},"25":{"start":{"line":26,"column":0},"end":{"line":26,"column":28}},"26":{"start":{"line":27,"column":0},"end":{"line":27,"column":78}},"27":{"start":{"line":28,"column":0},"end":{"line":28,"column":7}},"28":{"start":{"line":29,"column":0},"end":{"line":29,"column":53}},"29":{"start":{"line":30,"column":0},"end":{"line":30,"column":11}},"30":{"start":{"line":31,"column":0},"end":{"line":31,"column":44}},"31":{"start":{"line":32,"column":0},"end":{"line":32,"column":8}},"32":{"start":{"line":33,"column":0},"end":{"line":33,"column":4}},"33":{"start":{"line":34,"column":0},"end":{"line":34,"column":1}}},"s":{"0":1,"1":1,"2":1,"3":1,"4":1,"5":1,"6":1,"7":1,"8":77,"9":77,"10":77,"11":77,"12":77,"13":77,"14":458,"15":458,"16":458,"17":458,"18":458,"19":458,"20":458,"21":458,"22":458,"23":77,"24":77,"25":77,"26":54,"27":23,"28":23,"29":23,"30":23,"31":23,"32":77,"33":77},"branchMap":{"0":{"type":"branch","line":9,"loc":{"start":{"line":9,"column":0},"end":{"line":34,"column":1}},"locations":[{"start":{"line":9,"column":0},"end":{"line":34,"column":1}}]},"1":{"type":"branch","line":12,"loc":{"start":{"line":12,"column":40},"end":{"line":12,"column":55}},"locations":[{"start":{"line":12,"column":40},"end":{"line":12,"column":55}}]},"2":{"type":"branch","line":12,"loc":{"start":{"line":12,"column":46},"end":{"line":12,"column":62}},"locations":[{"start":{"line":12,"column":46},"end":{"line":12,"column":62}}]},"3":{"type":"branch","line":26,"loc":{"start":{"line":26,"column":23},"end":{"line":27,"column":78}},"locations":[{"start":{"line":26,"column":23},"end":{"line":27,"column":78}}]},"4":{"type":"branch","line":27,"loc":{"start":{"line":27,"column":41},"end":{"line":27,"column":59}},"locations":[{"start":{"line":27,"column":41},"end":{"line":27,"column":59}}]},"5":{"type":"branch","line":27,"loc":{"start":{"line":27,"column":50},"end":{"line":27,"column":61}},"locations":[{"start":{"line":27,"column":50},"end":{"line":27,"column":61}}]},"6":{"type":"branch","line":27,"loc":{"start":{"line":27,"column":72},"end":{"line":32,"column":8}},"locations":[{"start":{"line":27,"column":72},"end":{"line":32,"column":8}}]},"7":{"type":"branch","line":14,"loc":{"start":{"line":14,"column":26},"end":{"line":23,"column":14}},"locations":[{"start":{"line":14,"column":26},"end":{"line":23,"column":14}}]}},"b":{"0":[77],"1":[56],"2":[21],"3":[54],"4":[19],"5":[35],"6":[23],"7":[458]},"fnMap":{"0":{"name":"Cards","decl":{"start":{"line":9,"column":0},"end":{"line":34,"column":1}},"loc":{"start":{"line":9,"column":0},"end":{"line":34,"column":1}},"line":9}},"f":{"0":77}}
,"/Users/mariakaspur/Desktop/github/RSReact/src/scripts/components/ErrorBoundary/ErrorBoundary.tsx": {"path":"/Users/mariakaspur/Desktop/github/RSReact/src/scripts/components/ErrorBoundary/ErrorBoundary.tsx","all":false,"statementMap":{"0":{"start":{"line":1,"column":0},"end":{"line":1,"column":45}},"1":{"start":{"line":2,"column":0},"end":{"line":2,"column":56}},"2":{"start":{"line":3,"column":0},"end":{"line":3,"column":0}},"3":{"start":{"line":4,"column":0},"end":{"line":4,"column":18}},"4":{"start":{"line":5,"column":0},"end":{"line":5,"column":22}},"5":{"start":{"line":6,"column":0},"end":{"line":6,"column":1}},"6":{"start":{"line":7,"column":0},"end":{"line":7,"column":0}},"7":{"start":{"line":8,"column":0},"end":{"line":8,"column":18}},"8":{"start":{"line":9,"column":0},"end":{"line":9,"column":20}},"9":{"start":{"line":10,"column":0},"end":{"line":10,"column":1}},"10":{"start":{"line":11,"column":0},"end":{"line":11,"column":0}},"11":{"start":{"line":12,"column":0},"end":{"line":12,"column":70}},"12":{"start":{"line":13,"column":0},"end":{"line":13,"column":40}},"13":{"start":{"line":14,"column":0},"end":{"line":14,"column":17}},"14":{"start":{"line":15,"column":0},"end":{"line":15,"column":37}},"15":{"start":{"line":16,"column":0},"end":{"line":16,"column":3}},"16":{"start":{"line":17,"column":0},"end":{"line":17,"column":0}},"17":{"start":{"line":18,"column":0},"end":{"line":18,"column":37}},"18":{"start":{"line":19,"column":0},"end":{"line":19,"column":30}},"19":{"start":{"line":20,"column":0},"end":{"line":20,"column":3}},"20":{"start":{"line":21,"column":0},"end":{"line":21,"column":0}},"21":{"start":{"line":22,"column":0},"end":{"line":22,"column":12}},"22":{"start":{"line":23,"column":0},"end":{"line":23,"column":30}},"23":{"start":{"line":24,"column":0},"end":{"line":24,"column":27}},"24":{"start":{"line":25,"column":0},"end":{"line":25,"column":5}},"25":{"start":{"line":26,"column":0},"end":{"line":26,"column":0}},"26":{"start":{"line":27,"column":0},"end":{"line":27,"column":31}},"27":{"start":{"line":28,"column":0},"end":{"line":28,"column":3}},"28":{"start":{"line":29,"column":0},"end":{"line":29,"column":1}}},"s":{"0":1,"1":1,"2":1,"3":1,"4":1,"5":1,"6":1,"7":1,"8":1,"9":1,"10":1,"11":1,"12":1,"13":3,"14":3,"15":3,"16":1,"17":1,"18":2,"19":2,"20":1,"21":1,"22":4,"23":2,"24":2,"25":2,"26":2,"27":4,"28":1},"branchMap":{"0":{"type":"branch","line":13,"loc":{"start":{"line":13,"column":2},"end":{"line":16,"column":3}},"locations":[{"start":{"line":13,"column":2},"end":{"line":16,"column":3}}]},"1":{"type":"branch","line":18,"loc":{"start":{"line":18,"column":9},"end":{"line":20,"column":3}},"locations":[{"start":{"line":18,"column":9},"end":{"line":20,"column":3}}]},"2":{"type":"branch","line":22,"loc":{"start":{"line":22,"column":2},"end":{"line":28,"column":3}},"locations":[{"start":{"line":22,"column":2},"end":{"line":28,"column":3}}]},"3":{"type":"branch","line":23,"loc":{"start":{"line":23,"column":29},"end":{"line":27,"column":31}},"locations":[{"start":{"line":23,"column":29},"end":{"line":27,"column":31}}]}},"b":{"0":[3],"1":[2],"2":[4],"3":[2]},"fnMap":{"0":{"name":"ErrorBoundary","decl":{"start":{"line":13,"column":2},"end":{"line":16,"column":3}},"loc":{"start":{"line":13,"column":2},"end":{"line":16,"column":3}},"line":13},"1":{"name":"getDerivedStateFromError","decl":{"start":{"line":18,"column":9},"end":{"line":20,"column":3}},"loc":{"start":{"line":18,"column":9},"end":{"line":20,"column":3}},"line":18},"2":{"name":"render","decl":{"start":{"line":22,"column":2},"end":{"line":28,"column":3}},"loc":{"start":{"line":22,"column":2},"end":{"line":28,"column":3}},"line":22}},"f":{"0":3,"1":2,"2":4}}
,"/Users/mariakaspur/Desktop/github/RSReact/src/scripts/components/InputNumber/InputNumber.tsx": {"path":"/Users/mariakaspur/Desktop/github/RSReact/src/scripts/components/InputNumber/InputNumber.tsx","all":false,"statementMap":{"0":{"start":{"line":1,"column":0},"end":{"line":1,"column":58}},"1":{"start":{"line":2,"column":0},"end":{"line":2,"column":43}},"2":{"start":{"line":3,"column":0},"end":{"line":3,"column":82}},"3":{"start":{"line":4,"column":0},"end":{"line":4,"column":0}},"4":{"start":{"line":5,"column":0},"end":{"line":5,"column":18}},"5":{"start":{"line":6,"column":0},"end":{"line":6,"column":20}},"6":{"start":{"line":7,"column":0},"end":{"line":7,"column":20}},"7":{"start":{"line":8,"column":0},"end":{"line":8,"column":17}},"8":{"start":{"line":9,"column":0},"end":{"line":9,"column":1}},"9":{"start":{"line":10,"column":0},"end":{"line":10,"column":0}},"10":{"start":{"line":11,"column":0},"end":{"line":11,"column":76}},"11":{"start":{"line":12,"column":0},"end":{"line":12,"column":80}},"12":{"start":{"line":13,"column":0},"end":{"line":13,"column":24}},"13":{"start":{"line":14,"column":0},"end":{"line":14,"column":26}},"14":{"start":{"line":15,"column":0},"end":{"line":15,"column":68}},"15":{"start":{"line":16,"column":0},"end":{"line":16,"column":0}},"16":{"start":{"line":17,"column":0},"end":{"line":17,"column":48}},"17":{"start":{"line":18,"column":0},"end":{"line":18,"column":24}},"18":{"start":{"line":19,"column":0},"end":{"line":19,"column":27}},"19":{"start":{"line":20,"column":0},"end":{"line":20,"column":32}},"20":{"start":{"line":21,"column":0},"end":{"line":21,"column":6}},"21":{"start":{"line":22,"column":0},"end":{"line":22,"column":43}},"22":{"start":{"line":23,"column":0},"end":{"line":23,"column":4}},"23":{"start":{"line":24,"column":0},"end":{"line":24,"column":0}},"24":{"start":{"line":25,"column":0},"end":{"line":25,"column":34}},"25":{"start":{"line":26,"column":0},"end":{"line":26,"column":34}},"26":{"start":{"line":27,"column":0},"end":{"line":27,"column":34}},"27":{"start":{"line":28,"column":0},"end":{"line":28,"column":20}},"28":{"start":{"line":29,"column":0},"end":{"line":29,"column":17}},"29":{"start":{"line":30,"column":0},"end":{"line":30,"column":34}},"30":{"start":{"line":31,"column":0},"end":{"line":31,"column":16}},"31":{"start":{"line":32,"column":0},"end":{"line":32,"column":17}},"32":{"start":{"line":33,"column":0},"end":{"line":33,"column":34}},"33":{"start":{"line":34,"column":0},"end":{"line":34,"column":16}},"34":{"start":{"line":35,"column":0},"end":{"line":35,"column":16}},"35":{"start":{"line":36,"column":0},"end":{"line":36,"column":16}},"36":{"start":{"line":37,"column":0},"end":{"line":37,"column":7}},"37":{"start":{"line":38,"column":0},"end":{"line":38,"column":36}},"38":{"start":{"line":39,"column":0},"end":{"line":39,"column":23}},"39":{"start":{"line":40,"column":0},"end":{"line":40,"column":7}},"40":{"start":{"line":41,"column":0},"end":{"line":41,"column":38}},"41":{"start":{"line":42,"column":0},"end":{"line":42,"column":42}},"42":{"start":{"line":43,"column":0},"end":{"line":43,"column":6}},"43":{"start":{"line":44,"column":0},"end":{"line":44,"column":45}},"44":{"start":{"line":45,"column":0},"end":{"line":45,"column":4}},"45":{"start":{"line":46,"column":0},"end":{"line":46,"column":0}},"46":{"start":{"line":47,"column":0},"end":{"line":47,"column":10}},"47":{"start":{"line":48,"column":0},"end":{"line":48,"column":56}},"48":{"start":{"line":49,"column":0},"end":{"line":49,"column":57}},"49":{"start":{"line":50,"column":0},"end":{"line":50,"column":32}},"50":{"start":{"line":51,"column":0},"end":{"line":51,"column":15}},"51":{"start":{"line":52,"column":0},"end":{"line":52,"column":96}},"52":{"start":{"line":53,"column":0},"end":{"line":53,"column":23}},"53":{"start":{"line":54,"column":0},"end":{"line":54,"column":42}},"54":{"start":{"line":55,"column":0},"end":{"line":55,"column":42}},"55":{"start":{"line":56,"column":0},"end":{"line":56,"column":9}},"56":{"start":{"line":57,"column":0},"end":{"line":57,"column":11}},"57":{"start":{"line":58,"column":0},"end":{"line":58,"column":17}},"58":{"start":{"line":59,"column":0},"end":{"line":59,"column":14}},"59":{"start":{"line":60,"column":0},"end":{"line":60,"column":34}},"60":{"start":{"line":61,"column":0},"end":{"line":61,"column":23}},"61":{"start":{"line":62,"column":0},"end":{"line":62,"column":24}},"62":{"start":{"line":63,"column":0},"end":{"line":63,"column":24}},"63":{"start":{"line":64,"column":0},"end":{"line":64,"column":25}},"64":{"start":{"line":65,"column":0},"end":{"line":65,"column":30}},"65":{"start":{"line":66,"column":0},"end":{"line":66,"column":28}},"66":{"start":{"line":67,"column":0},"end":{"line":67,"column":41}},"67":{"start":{"line":68,"column":0},"end":{"line":68,"column":12}},"68":{"start":{"line":69,"column":0},"end":{"line":69,"column":10}},"69":{"start":{"line":70,"column":0},"end":{"line":70,"column":15}},"70":{"start":{"line":71,"column":0},"end":{"line":71,"column":90}},"71":{"start":{"line":72,"column":0},"end":{"line":72,"column":42}},"72":{"start":{"line":73,"column":0},"end":{"line":73,"column":23}},"73":{"start":{"line":74,"column":0},"end":{"line":74,"column":42}},"74":{"start":{"line":75,"column":0},"end":{"line":75,"column":9}},"75":{"start":{"line":76,"column":0},"end":{"line":76,"column":11}},"76":{"start":{"line":77,"column":0},"end":{"line":77,"column":17}},"77":{"start":{"line":78,"column":0},"end":{"line":78,"column":12}},"78":{"start":{"line":79,"column":0},"end":{"line":79,"column":10}},"79":{"start":{"line":80,"column":0},"end":{"line":80,"column":4}},"80":{"start":{"line":81,"column":0},"end":{"line":81,"column":1}}},"s":{"0":1,"1":1,"2":1,"3":1,"4":1,"5":1,"6":1,"7":1,"8":1,"9":1,"10":121,"11":121,"12":121,"13":121,"14":121,"15":121,"16":121,"17":121,"18":3,"19":3,"20":3,"21":121,"22":121,"23":121,"24":121,"25":121,"26":3,"27":3,"28":3,"29":1,"30":1,"31":3,"32":1,"33":1,"34":3,"35":1,"36":3,"37":3,"38":1,"39":1,"40":3,"41":3,"42":3,"43":121,"44":121,"45":121,"46":121,"47":121,"48":121,"49":121,"50":121,"51":121,"52":121,"53":121,"54":121,"55":121,"56":121,"57":121,"58":121,"59":121,"60":121,"61":121,"62":121,"63":121,"64":121,"65":121,"66":1,"67":1,"68":121,"69":121,"70":121,"71":121,"72":121,"73":121,"74":121,"75":121,"76":121,"77":121,"78":121,"79":121,"80":121},"branchMap":{"0":{"type":"branch","line":11,"loc":{"start":{"line":11,"column":0},"end":{"line":81,"column":1}},"locations":[{"start":{"line":11,"column":0},"end":{"line":81,"column":1}}]},"1":{"type":"branch","line":49,"loc":{"start":{"line":49,"column":7},"end":{"line":49,"column":54}},"locations":[{"start":{"line":49,"column":7},"end":{"line":49,"column":54}}]},"2":{"type":"branch","line":49,"loc":{"start":{"line":49,"column":46},"end":{"line":49,"column":57}},"locations":[{"start":{"line":49,"column":46},"end":{"line":49,"column":57}}]},"3":{"type":"branch","line":52,"loc":{"start":{"line":52,"column":62},"end":{"line":52,"column":91}},"locations":[{"start":{"line":52,"column":62},"end":{"line":52,"column":91}}]},"4":{"type":"branch","line":52,"loc":{"start":{"line":52,"column":86},"end":{"line":52,"column":93}},"locations":[{"start":{"line":52,"column":86},"end":{"line":52,"column":93}}]},"5":{"type":"branch","line":71,"loc":{"start":{"line":71,"column":61},"end":{"line":71,"column":85}},"locations":[{"start":{"line":71,"column":61},"end":{"line":71,"column":85}}]},"6":{"type":"branch","line":71,"loc":{"start":{"line":71,"column":72},"end":{"line":71,"column":87}},"locations":[{"start":{"line":71,"column":72},"end":{"line":71,"column":87}}]},"7":{"type":"branch","line":18,"loc":{"start":{"line":18,"column":4},"end":{"line":21,"column":6}},"locations":[{"start":{"line":18,"column":4},"end":{"line":21,"column":6}}]},"8":{"type":"branch","line":26,"loc":{"start":{"line":26,"column":4},"end":{"line":43,"column":6}},"locations":[{"start":{"line":26,"column":4},"end":{"line":43,"column":6}}]},"9":{"type":"branch","line":29,"loc":{"start":{"line":29,"column":8},"end":{"line":31,"column":16}},"locations":[{"start":{"line":29,"column":8},"end":{"line":31,"column":16}}]},"10":{"type":"branch","line":32,"loc":{"start":{"line":32,"column":8},"end":{"line":34,"column":16}},"locations":[{"start":{"line":32,"column":8},"end":{"line":34,"column":16}}]},"11":{"type":"branch","line":35,"loc":{"start":{"line":35,"column":8},"end":{"line":36,"column":16}},"locations":[{"start":{"line":35,"column":8},"end":{"line":36,"column":16}}]},"12":{"type":"branch","line":38,"loc":{"start":{"line":38,"column":35},"end":{"line":40,"column":7}},"locations":[{"start":{"line":38,"column":35},"end":{"line":40,"column":7}}]},"13":{"type":"branch","line":41,"loc":{"start":{"line":41,"column":22},"end":{"line":41,"column":36}},"locations":[{"start":{"line":41,"column":22},"end":{"line":41,"column":36}}]},"14":{"type":"branch","line":54,"loc":{"start":{"line":54,"column":19},"end":{"line":54,"column":42}},"locations":[{"start":{"line":54,"column":19},"end":{"line":54,"column":42}}]},"15":{"type":"branch","line":66,"loc":{"start":{"line":66,"column":20},"end":{"line":68,"column":12}},"locations":[{"start":{"line":66,"column":20},"end":{"line":68,"column":12}}]},"16":{"type":"branch","line":74,"loc":{"start":{"line":74,"column":19},"end":{"line":74,"column":42}},"locations":[{"start":{"line":74,"column":19},"end":{"line":74,"column":42}}]}},"b":{"0":[121],"1":[120],"2":[1],"3":[1],"4":[120],"5":[1],"6":[120],"7":[3],"8":[3],"9":[1],"10":[1],"11":[1],"12":[1],"13":[3],"14":[1],"15":[1],"16":[1]},"fnMap":{"0":{"name":"InputNumber","decl":{"start":{"line":11,"column":0},"end":{"line":81,"column":1}},"loc":{"start":{"line":11,"column":0},"end":{"line":81,"column":1}},"line":11},"1":{"name":"onClick","decl":{"start":{"line":54,"column":19},"end":{"line":54,"column":42}},"loc":{"start":{"line":54,"column":19},"end":{"line":54,"column":42}},"line":54},"2":{"name":"onChange","decl":{"start":{"line":66,"column":20},"end":{"line":68,"column":12}},"loc":{"start":{"line":66,"column":20},"end":{"line":68,"column":12}},"line":66},"3":{"name":"onClick","decl":{"start":{"line":74,"column":19},"end":{"line":74,"column":42}},"loc":{"start":{"line":74,"column":19},"end":{"line":74,"column":42}},"line":74}},"f":{"0":121,"1":1,"2":1,"3":1}}
,"/Users/mariakaspur/Desktop/github/RSReact/src/scripts/components/Pagination/Pagination.tsx": {"path":"/Users/mariakaspur/Desktop/github/RSReact/src/scripts/components/Pagination/Pagination.tsx","all":false,"statementMap":{"0":{"start":{"line":1,"column":0},"end":{"line":1,"column":48}},"1":{"start":{"line":2,"column":0},"end":{"line":2,"column":27}},"2":{"start":{"line":3,"column":0},"end":{"line":3,"column":50}},"3":{"start":{"line":4,"column":0},"end":{"line":4,"column":82}},"4":{"start":{"line":5,"column":0},"end":{"line":5,"column":54}},"5":{"start":{"line":6,"column":0},"end":{"line":6,"column":26}},"6":{"start":{"line":7,"column":0},"end":{"line":7,"column":0}},"7":{"start":{"line":8,"column":0},"end":{"line":8,"column":18}},"8":{"start":{"line":9,"column":0},"end":{"line":9,"column":26}},"9":{"start":{"line":10,"column":0},"end":{"line":10,"column":1}},"10":{"start":{"line":11,"column":0},"end":{"line":11,"column":0}},"11":{"start":{"line":12,"column":0},"end":{"line":12,"column":59}},"12":{"start":{"line":13,"column":0},"end":{"line":13,"column":59}},"13":{"start":{"line":14,"column":0},"end":{"line":14,"column":24}},"14":{"start":{"line":15,"column":0},"end":{"line":15,"column":26}},"15":{"start":{"line":16,"column":0},"end":{"line":16,"column":0}},"16":{"start":{"line":17,"column":0},"end":{"line":17,"column":44}},"17":{"start":{"line":18,"column":0},"end":{"line":18,"column":49}},"18":{"start":{"line":19,"column":0},"end":{"line":19,"column":32}},"19":{"start":{"line":20,"column":0},"end":{"line":20,"column":20}},"20":{"start":{"line":21,"column":0},"end":{"line":21,"column":21}},"21":{"start":{"line":22,"column":0},"end":{"line":22,"column":19}},"22":{"start":{"line":23,"column":0},"end":{"line":23,"column":16}},"23":{"start":{"line":24,"column":0},"end":{"line":24,"column":20}},"24":{"start":{"line":25,"column":0},"end":{"line":25,"column":26}},"25":{"start":{"line":26,"column":0},"end":{"line":26,"column":16}},"26":{"start":{"line":27,"column":0},"end":{"line":27,"column":20}},"27":{"start":{"line":28,"column":0},"end":{"line":28,"column":26}},"28":{"start":{"line":29,"column":0},"end":{"line":29,"column":16}},"29":{"start":{"line":30,"column":0},"end":{"line":30,"column":19}},"30":{"start":{"line":31,"column":0},"end":{"line":31,"column":34}},"31":{"start":{"line":32,"column":0},"end":{"line":32,"column":16}},"32":{"start":{"line":33,"column":0},"end":{"line":33,"column":7}},"33":{"start":{"line":34,"column":0},"end":{"line":34,"column":30}},"34":{"start":{"line":35,"column":0},"end":{"line":35,"column":6}},"35":{"start":{"line":36,"column":0},"end":{"line":36,"column":51}},"36":{"start":{"line":37,"column":0},"end":{"line":37,"column":4}},"37":{"start":{"line":38,"column":0},"end":{"line":38,"column":10}},"38":{"start":{"line":39,"column":0},"end":{"line":39,"column":32}},"39":{"start":{"line":40,"column":0},"end":{"line":40,"column":10}},"40":{"start":{"line":41,"column":0},"end":{"line":41,"column":100}},"41":{"start":{"line":42,"column":0},"end":{"line":42,"column":54}},"42":{"start":{"line":43,"column":0},"end":{"line":43,"column":37}},"43":{"start":{"line":44,"column":0},"end":{"line":44,"column":7}},"44":{"start":{"line":45,"column":0},"end":{"line":45,"column":21}},"45":{"start":{"line":46,"column":0},"end":{"line":46,"column":12}},"46":{"start":{"line":47,"column":0},"end":{"line":47,"column":10}},"47":{"start":{"line":48,"column":0},"end":{"line":48,"column":99}},"48":{"start":{"line":49,"column":0},"end":{"line":49,"column":53}},"49":{"start":{"line":50,"column":0},"end":{"line":50,"column":36}},"50":{"start":{"line":51,"column":0},"end":{"line":51,"column":7}},"51":{"start":{"line":52,"column":0},"end":{"line":52,"column":15}},"52":{"start":{"line":53,"column":0},"end":{"line":53,"column":12}},"53":{"start":{"line":54,"column":0},"end":{"line":54,"column":84}},"54":{"start":{"line":55,"column":0},"end":{"line":55,"column":24}},"55":{"start":{"line":56,"column":0},"end":{"line":56,"column":12}},"56":{"start":{"line":57,"column":0},"end":{"line":57,"column":10}},"57":{"start":{"line":58,"column":0},"end":{"line":58,"column":55}},"58":{"start":{"line":59,"column":0},"end":{"line":59,"column":67}},"59":{"start":{"line":60,"column":0},"end":{"line":60,"column":11}},"60":{"start":{"line":61,"column":0},"end":{"line":61,"column":53}},"61":{"start":{"line":62,"column":0},"end":{"line":62,"column":36}},"62":{"start":{"line":63,"column":0},"end":{"line":63,"column":7}},"63":{"start":{"line":64,"column":0},"end":{"line":64,"column":15}},"64":{"start":{"line":65,"column":0},"end":{"line":65,"column":12}},"65":{"start":{"line":66,"column":0},"end":{"line":66,"column":10}},"66":{"start":{"line":67,"column":0},"end":{"line":67,"column":54}},"67":{"start":{"line":68,"column":0},"end":{"line":68,"column":67}},"68":{"start":{"line":69,"column":0},"end":{"line":69,"column":11}},"69":{"start":{"line":70,"column":0},"end":{"line":70,"column":52}},"70":{"start":{"line":71,"column":0},"end":{"line":71,"column":35}},"71":{"start":{"line":72,"column":0},"end":{"line":72,"column":7}},"72":{"start":{"line":73,"column":0},"end":{"line":73,"column":21}},"73":{"start":{"line":74,"column":0},"end":{"line":74,"column":12}},"74":{"start":{"line":75,"column":0},"end":{"line":75,"column":10}},"75":{"start":{"line":76,"column":0},"end":{"line":76,"column":4}},"76":{"start":{"line":77,"column":0},"end":{"line":77,"column":3}},"77":{"start":{"line":78,"column":0},"end":{"line":78,"column":0}},"78":{"start":{"line":79,"column":0},"end":{"line":79,"column":26}}},"s":{"0":1,"1":1,"2":1,"3":1,"4":1,"5":1,"6":1,"7":1,"8":1,"9":1,"10":1,"11":1,"12":57,"13":57,"14":57,"15":57,"16":57,"17":57,"18":9,"19":9,"20":9,"21":2,"22":2,"23":9,"24":2,"25":2,"26":9,"27":3,"28":3,"29":9,"30":2,"31":2,"32":9,"33":9,"34":9,"35":57,"36":57,"37":57,"38":57,"39":57,"40":57,"41":57,"42":57,"43":57,"44":57,"45":57,"46":57,"47":57,"48":57,"49":57,"50":57,"51":57,"52":57,"53":57,"54":57,"55":57,"56":57,"57":57,"58":57,"59":57,"60":57,"61":57,"62":57,"63":57,"64":57,"65":57,"66":57,"67":57,"68":57,"69":57,"70":57,"71":57,"72":57,"73":57,"74":57,"75":57,"76":57,"77":1,"78":1},"branchMap":{"0":{"type":"branch","line":12,"loc":{"start":{"line":12,"column":30},"end":{"line":77,"column":3}},"locations":[{"start":{"line":12,"column":30},"end":{"line":77,"column":3}}]},"1":{"type":"branch","line":41,"loc":{"start":{"line":41,"column":78},"end":{"line":41,"column":95}},"locations":[{"start":{"line":41,"column":78},"end":{"line":41,"column":95}}]},"2":{"type":"branch","line":41,"loc":{"start":{"line":41,"column":82},"end":{"line":41,"column":97}},"locations":[{"start":{"line":41,"column":82},"end":{"line":41,"column":97}}]},"3":{"type":"branch","line":48,"loc":{"start":{"line":48,"column":77},"end":{"line":48,"column":94}},"locations":[{"start":{"line":48,"column":77},"end":{"line":48,"column":94}}]},"4":{"type":"branch","line":48,"loc":{"start":{"line":48,"column":81},"end":{"line":48,"column":96}},"locations":[{"start":{"line":48,"column":81},"end":{"line":48,"column":96}}]},"5":{"type":"branch","line":59,"loc":{"start":{"line":59,"column":42},"end":{"line":59,"column":65}},"locations":[{"start":{"line":59,"column":42},"end":{"line":59,"column":65}}]},"6":{"type":"branch","line":59,"loc":{"start":{"line":59,"column":52},"end":{"line":59,"column":67}},"locations":[{"start":{"line":59,"column":52},"end":{"line":59,"column":67}}]},"7":{"type":"branch","line":68,"loc":{"start":{"line":68,"column":42},"end":{"line":68,"column":65}},"locations":[{"start":{"line":68,"column":42},"end":{"line":68,"column":65}}]},"8":{"type":"branch","line":68,"loc":{"start":{"line":68,"column":52},"end":{"line":68,"column":67}},"locations":[{"start":{"line":68,"column":52},"end":{"line":68,"column":67}}]},"9":{"type":"branch","line":18,"loc":{"start":{"line":18,"column":4},"end":{"line":35,"column":6}},"locations":[{"start":{"line":18,"column":4},"end":{"line":35,"column":6}}]},"10":{"type":"branch","line":21,"loc":{"start":{"line":21,"column":8},"end":{"line":23,"column":16}},"locations":[{"start":{"line":21,"column":8},"end":{"line":23,"column":16}}]},"11":{"type":"branch","line":24,"loc":{"start":{"line":24,"column":8},"end":{"line":26,"column":16}},"locations":[{"start":{"line":24,"column":8},"end":{"line":26,"column":16}}]},"12":{"type":"branch","line":27,"loc":{"start":{"line":27,"column":8},"end":{"line":29,"column":16}},"locations":[{"start":{"line":27,"column":8},"end":{"line":29,"column":16}}]},"13":{"type":"branch","line":30,"loc":{"start":{"line":30,"column":8},"end":{"line":32,"column":16}},"locations":[{"start":{"line":30,"column":8},"end":{"line":32,"column":16}}]},"14":{"type":"branch","line":42,"loc":{"start":{"line":42,"column":17},"end":{"line":42,"column":54}},"locations":[{"start":{"line":42,"column":17},"end":{"line":42,"column":54}}]},"15":{"type":"branch","line":49,"loc":{"start":{"line":49,"column":17},"end":{"line":49,"column":53}},"locations":[{"start":{"line":49,"column":17},"end":{"line":49,"column":53}}]},"16":{"type":"branch","line":61,"loc":{"start":{"line":61,"column":17},"end":{"line":61,"column":53}},"locations":[{"start":{"line":61,"column":17},"end":{"line":61,"column":53}}]},"17":{"type":"branch","line":70,"loc":{"start":{"line":70,"column":17},"end":{"line":70,"column":52}},"locations":[{"start":{"line":70,"column":17},"end":{"line":70,"column":52}}]}},"b":{"0":[57],"1":[9],"2":[48],"3":[9],"4":[48],"5":[9],"6":[48],"7":[9],"8":[48],"9":[9],"10":[2],"11":[2],"12":[3],"13":[2],"14":[2],"15":[2],"16":[3],"17":[2]},"fnMap":{"0":{"name":"onClick","decl":{"start":{"line":42,"column":17},"end":{"line":42,"column":54}},"loc":{"start":{"line":42,"column":17},"end":{"line":42,"column":54}},"line":42},"1":{"name":"onClick","decl":{"start":{"line":49,"column":17},"end":{"line":49,"column":53}},"loc":{"start":{"line":49,"column":17},"end":{"line":49,"column":53}},"line":49},"2":{"name":"onClick","decl":{"start":{"line":61,"column":17},"end":{"line":61,"column":53}},"loc":{"start":{"line":61,"column":17},"end":{"line":61,"column":53}},"line":61},"3":{"name":"onClick","decl":{"start":{"line":70,"column":17},"end":{"line":70,"column":52}},"loc":{"start":{"line":70,"column":17},"end":{"line":70,"column":52}},"line":70}},"f":{"0":2,"1":2,"2":3,"3":2}}
,"/Users/mariakaspur/Desktop/github/RSReact/src/scripts/components/Pagination/data/arrowsIco.tsx": {"path":"/Users/mariakaspur/Desktop/github/RSReact/src/scripts/components/Pagination/data/arrowsIco.tsx","all":false,"statementMap":{"0":{"start":{"line":1,"column":0},"end":{"line":1,"column":22}},"1":{"start":{"line":2,"column":0},"end":{"line":2,"column":62}},"2":{"start":{"line":3,"column":0},"end":{"line":3,"column":9}},"3":{"start":{"line":4,"column":0},"end":{"line":4,"column":132}},"4":{"start":{"line":5,"column":0},"end":{"line":5,"column":25}},"5":{"start":{"line":6,"column":0},"end":{"line":6,"column":35}},"6":{"start":{"line":7,"column":0},"end":{"line":7,"column":29}},"7":{"start":{"line":8,"column":0},"end":{"line":8,"column":12}},"8":{"start":{"line":9,"column":0},"end":{"line":9,"column":47}},"9":{"start":{"line":10,"column":0},"end":{"line":10,"column":8}},"10":{"start":{"line":11,"column":0},"end":{"line":11,"column":2}},"11":{"start":{"line":12,"column":0},"end":{"line":12,"column":0}},"12":{"start":{"line":13,"column":0},"end":{"line":13,"column":28}},"13":{"start":{"line":14,"column":0},"end":{"line":14,"column":62}},"14":{"start":{"line":15,"column":0},"end":{"line":15,"column":27}},"15":{"start":{"line":16,"column":0},"end":{"line":16,"column":11}},"16":{"start":{"line":17,"column":0},"end":{"line":17,"column":136}},"17":{"start":{"line":18,"column":0},"end":{"line":18,"column":37}},"18":{"start":{"line":19,"column":0},"end":{"line":19,"column":31}},"19":{"start":{"line":20,"column":0},"end":{"line":20,"column":14}},"20":{"start":{"line":21,"column":0},"end":{"line":21,"column":11}},"21":{"start":{"line":22,"column":0},"end":{"line":22,"column":137}},"22":{"start":{"line":23,"column":0},"end":{"line":23,"column":37}},"23":{"start":{"line":24,"column":0},"end":{"line":24,"column":31}},"24":{"start":{"line":25,"column":0},"end":{"line":25,"column":14}},"25":{"start":{"line":26,"column":0},"end":{"line":26,"column":8}},"26":{"start":{"line":27,"column":0},"end":{"line":27,"column":8}},"27":{"start":{"line":28,"column":0},"end":{"line":28,"column":2}}},"s":{"0":1,"1":1,"2":1,"3":1,"4":1,"5":1,"6":1,"7":1,"8":1,"9":1,"10":1,"11":1,"12":1,"13":1,"14":1,"15":1,"16":1,"17":1,"18":1,"19":1,"20":1,"21":1,"22":1,"23":1,"24":1,"25":1,"26":1,"27":1},"branchMap":{},"b":{},"fnMap":{},"f":{}}
,"/Users/mariakaspur/Desktop/github/RSReact/src/scripts/components/Preloader/Preloader.tsx": {"path":"/Users/mariakaspur/Desktop/github/RSReact/src/scripts/components/Preloader/Preloader.tsx","all":false,"statementMap":{"0":{"start":{"line":1,"column":0},"end":{"line":1,"column":26}},"1":{"start":{"line":2,"column":0},"end":{"line":2,"column":0}},"2":{"start":{"line":3,"column":0},"end":{"line":3,"column":37}},"3":{"start":{"line":4,"column":0},"end":{"line":4,"column":10}},"4":{"start":{"line":5,"column":0},"end":{"line":5,"column":31}},"5":{"start":{"line":6,"column":0},"end":{"line":6,"column":46}},"6":{"start":{"line":7,"column":0},"end":{"line":7,"column":10}},"7":{"start":{"line":8,"column":0},"end":{"line":8,"column":4}},"8":{"start":{"line":9,"column":0},"end":{"line":9,"column":1}}},"s":{"0":1,"1":1,"2":42,"3":42,"4":42,"5":42,"6":42,"7":42,"8":42},"branchMap":{"0":{"type":"branch","line":3,"loc":{"start":{"line":3,"column":0},"end":{"line":9,"column":1}},"locations":[{"start":{"line":3,"column":0},"end":{"line":9,"column":1}}]}},"b":{"0":[42]},"fnMap":{"0":{"name":"Preloader","decl":{"start":{"line":3,"column":0},"end":{"line":9,"column":1}},"loc":{"start":{"line":3,"column":0},"end":{"line":9,"column":1}},"line":3}},"f":{"0":42}}
,"/Users/mariakaspur/Desktop/github/RSReact/src/scripts/components/Search/Search.tsx": {"path":"/Users/mariakaspur/Desktop/github/RSReact/src/scripts/components/Search/Search.tsx","all":false,"statementMap":{"0":{"start":{"line":1,"column":0},"end":{"line":1,"column":58}},"1":{"start":{"line":2,"column":0},"end":{"line":2,"column":23}},"2":{"start":{"line":3,"column":0},"end":{"line":3,"column":57}},"3":{"start":{"line":4,"column":0},"end":{"line":4,"column":62}},"4":{"start":{"line":5,"column":0},"end":{"line":5,"column":43}},"5":{"start":{"line":6,"column":0},"end":{"line":6,"column":82}},"6":{"start":{"line":7,"column":0},"end":{"line":7,"column":26}},"7":{"start":{"line":8,"column":0},"end":{"line":8,"column":57}},"8":{"start":{"line":9,"column":0},"end":{"line":9,"column":0}},"9":{"start":{"line":10,"column":0},"end":{"line":10,"column":33}},"10":{"start":{"line":11,"column":0},"end":{"line":11,"column":95}},"11":{"start":{"line":12,"column":0},"end":{"line":12,"column":59}},"12":{"start":{"line":13,"column":0},"end":{"line":13,"column":0}},"13":{"start":{"line":14,"column":0},"end":{"line":14,"column":89}},"14":{"start":{"line":15,"column":0},"end":{"line":15,"column":58}},"15":{"start":{"line":16,"column":0},"end":{"line":16,"column":0}},"16":{"start":{"line":17,"column":0},"end":{"line":17,"column":71}},"17":{"start":{"line":18,"column":0},"end":{"line":18,"column":0}},"18":{"start":{"line":19,"column":0},"end":{"line":19,"column":33}},"19":{"start":{"line":20,"column":0},"end":{"line":20,"column":0}},"20":{"start":{"line":21,"column":0},"end":{"line":21,"column":43}},"21":{"start":{"line":22,"column":0},"end":{"line":22,"column":39}},"22":{"start":{"line":23,"column":0},"end":{"line":23,"column":26}},"23":{"start":{"line":24,"column":0},"end":{"line":24,"column":25}},"24":{"start":{"line":25,"column":0},"end":{"line":25,"column":36}},"25":{"start":{"line":26,"column":0},"end":{"line":26,"column":20}},"26":{"start":{"line":27,"column":0},"end":{"line":27,"column":5}},"27":{"start":{"line":28,"column":0},"end":{"line":28,"column":95}},"28":{"start":{"line":29,"column":0},"end":{"line":29,"column":0}},"29":{"start":{"line":30,"column":0},"end":{"line":30,"column":10}},"30":{"start":{"line":31,"column":0},"end":{"line":31,"column":28}},"31":{"start":{"line":32,"column":0},"end":{"line":32,"column":38}},"32":{"start":{"line":33,"column":0},"end":{"line":33,"column":14}},"33":{"start":{"line":34,"column":0},"end":{"line":34,"column":35}},"34":{"start":{"line":35,"column":0},"end":{"line":35,"column":21}},"35":{"start":{"line":36,"column":0},"end":{"line":36,"column":18}},"36":{"start":{"line":37,"column":0},"end":{"line":37,"column":23}},"37":{"start":{"line":38,"column":0},"end":{"line":38,"column":28}},"38":{"start":{"line":39,"column":0},"end":{"line":39,"column":37}},"39":{"start":{"line":40,"column":0},"end":{"line":40,"column":12}},"40":{"start":{"line":41,"column":0},"end":{"line":41,"column":10}},"41":{"start":{"line":42,"column":0},"end":{"line":42,"column":0}},"42":{"start":{"line":43,"column":0},"end":{"line":43,"column":51}},"43":{"start":{"line":44,"column":0},"end":{"line":44,"column":16}},"44":{"start":{"line":45,"column":0},"end":{"line":45,"column":16}},"45":{"start":{"line":46,"column":0},"end":{"line":46,"column":41}},"46":{"start":{"line":47,"column":0},"end":{"line":47,"column":15}},"47":{"start":{"line":48,"column":0},"end":{"line":48,"column":14}},"48":{"start":{"line":49,"column":0},"end":{"line":49,"column":0}},"49":{"start":{"line":50,"column":0},"end":{"line":50,"column":13}},"50":{"start":{"line":51,"column":0},"end":{"line":51,"column":67}},"51":{"start":{"line":52,"column":0},"end":{"line":52,"column":36}},"52":{"start":{"line":53,"column":0},"end":{"line":53,"column":7}},"53":{"start":{"line":54,"column":0},"end":{"line":54,"column":18}},"54":{"start":{"line":55,"column":0},"end":{"line":55,"column":15}},"55":{"start":{"line":56,"column":0},"end":{"line":56,"column":0}},"56":{"start":{"line":57,"column":0},"end":{"line":57,"column":91}},"57":{"start":{"line":58,"column":0},"end":{"line":58,"column":50}},"58":{"start":{"line":59,"column":0},"end":{"line":59,"column":91}},"59":{"start":{"line":60,"column":0},"end":{"line":60,"column":14}},"60":{"start":{"line":61,"column":0},"end":{"line":61,"column":79}},"61":{"start":{"line":62,"column":0},"end":{"line":62,"column":42}},"62":{"start":{"line":63,"column":0},"end":{"line":63,"column":15}},"63":{"start":{"line":64,"column":0},"end":{"line":64,"column":47}},"64":{"start":{"line":65,"column":0},"end":{"line":65,"column":40}},"65":{"start":{"line":66,"column":0},"end":{"line":66,"column":31}},"66":{"start":{"line":67,"column":0},"end":{"line":67,"column":57}},"67":{"start":{"line":68,"column":0},"end":{"line":68,"column":35}},"68":{"start":{"line":69,"column":0},"end":{"line":69,"column":84}},"69":{"start":{"line":70,"column":0},"end":{"line":70,"column":18}},"70":{"start":{"line":71,"column":0},"end":{"line":71,"column":16}},"71":{"start":{"line":72,"column":0},"end":{"line":72,"column":13}},"72":{"start":{"line":73,"column":0},"end":{"line":73,"column":39}},"73":{"start":{"line":74,"column":0},"end":{"line":74,"column":17}},"74":{"start":{"line":75,"column":0},"end":{"line":75,"column":13}},"75":{"start":{"line":76,"column":0},"end":{"line":76,"column":13}},"76":{"start":{"line":77,"column":0},"end":{"line":77,"column":12}},"77":{"start":{"line":78,"column":0},"end":{"line":78,"column":0}},"78":{"start":{"line":79,"column":0},"end":{"line":79,"column":94}},"79":{"start":{"line":80,"column":0},"end":{"line":80,"column":22}},"80":{"start":{"line":81,"column":0},"end":{"line":81,"column":15}},"81":{"start":{"line":82,"column":0},"end":{"line":82,"column":10}},"82":{"start":{"line":83,"column":0},"end":{"line":83,"column":4}},"83":{"start":{"line":84,"column":0},"end":{"line":84,"column":3}},"84":{"start":{"line":85,"column":0},"end":{"line":85,"column":0}},"85":{"start":{"line":86,"column":0},"end":{"line":86,"column":22}}},"s":{"0":1,"1":1,"2":1,"3":1,"4":1,"5":1,"6":1,"7":1,"8":1,"9":1,"10":72,"11":72,"12":72,"13":72,"14":72,"15":72,"16":72,"17":72,"18":72,"19":72,"20":72,"21":1,"22":1,"23":1,"24":1,"25":0,"26":0,"27":72,"28":72,"29":72,"30":72,"31":72,"32":72,"33":72,"34":72,"35":72,"36":72,"37":72,"38":1,"39":1,"40":72,"41":72,"42":72,"43":72,"44":72,"45":72,"46":72,"47":72,"48":72,"49":72,"50":72,"51":72,"52":72,"53":72,"54":72,"55":72,"56":72,"57":72,"58":72,"59":72,"60":72,"61":72,"62":648,"63":648,"64":648,"65":648,"66":0,"67":0,"68":0,"69":0,"70":0,"71":648,"72":648,"73":648,"74":72,"75":72,"76":72,"77":72,"78":72,"79":72,"80":72,"81":72,"82":72,"83":72,"84":1,"85":1},"branchMap":{"0":{"type":"branch","line":10,"loc":{"start":{"line":10,"column":26},"end":{"line":84,"column":3}},"locations":[{"start":{"line":10,"column":26},"end":{"line":84,"column":3}}]},"1":{"type":"branch","line":51,"loc":{"start":{"line":51,"column":46},"end":{"line":51,"column":56}},"locations":[{"start":{"line":51,"column":46},"end":{"line":51,"column":56}}]},"2":{"type":"branch","line":51,"loc":{"start":{"line":51,"column":51},"end":{"line":51,"column":64}},"locations":[{"start":{"line":51,"column":51},"end":{"line":51,"column":64}}]},"3":{"type":"branch","line":59,"loc":{"start":{"line":59,"column":40},"end":{"line":59,"column":68}},"locations":[{"start":{"line":59,"column":40},"end":{"line":59,"column":68}}]},"4":{"type":"branch","line":61,"loc":{"start":{"line":61,"column":45},"end":{"line":61,"column":73}},"locations":[{"start":{"line":61,"column":45},"end":{"line":61,"column":73}}]},"5":{"type":"branch","line":21,"loc":{"start":{"line":21,"column":36},"end":{"line":28,"column":5}},"locations":[{"start":{"line":21,"column":36},"end":{"line":28,"column":5}}]},"6":{"type":"branch","line":25,"loc":{"start":{"line":25,"column":35},"end":{"line":27,"column":5}},"locations":[{"start":{"line":25,"column":35},"end":{"line":27,"column":5}}]},"7":{"type":"branch","line":38,"loc":{"start":{"line":38,"column":20},"end":{"line":40,"column":12}},"locations":[{"start":{"line":38,"column":20},"end":{"line":40,"column":12}}]},"8":{"type":"branch","line":62,"loc":{"start":{"line":62,"column":26},"end":{"line":74,"column":17}},"locations":[{"start":{"line":62,"column":26},"end":{"line":74,"column":17}}]},"9":{"type":"branch","line":79,"loc":{"start":{"line":79,"column":47},"end":{"line":79,"column":70}},"locations":[{"start":{"line":79,"column":47},"end":{"line":79,"column":70}}]}},"b":{"0":[72],"1":[68],"2":[4],"3":[0],"4":[0],"5":[1],"6":[0],"7":[1],"8":[648],"9":[1]},"fnMap":{"0":{"name":"onChange","decl":{"start":{"line":38,"column":20},"end":{"line":40,"column":12}},"loc":{"start":{"line":38,"column":20},"end":{"line":40,"column":12}},"line":38},"1":{"name":"onClick","decl":{"start":{"line":52,"column":17},"end":{"line":52,"column":36}},"loc":{"start":{"line":52,"column":17},"end":{"line":52,"column":36}},"line":52},"2":{"name":"onClick","decl":{"start":{"line":57,"column":49},"end":{"line":57,"column":91}},"loc":{"start":{"line":57,"column":49},"end":{"line":57,"column":91}},"line":57},"3":{"name":"onClick","decl":{"start":{"line":66,"column":23},"end":{"line":71,"column":16}},"loc":{"start":{"line":66,"column":23},"end":{"line":71,"column":16}},"line":66},"4":{"name":"onClick","decl":{"start":{"line":79,"column":47},"end":{"line":79,"column":70}},"loc":{"start":{"line":79,"column":47},"end":{"line":79,"column":70}},"line":79}},"f":{"0":1,"1":0,"2":0,"3":0,"4":1}}
,"/Users/mariakaspur/Desktop/github/RSReact/src/scripts/components/Search/data/ico.tsx": {"path":"/Users/mariakaspur/Desktop/github/RSReact/src/scripts/components/Search/data/ico.tsx","all":false,"statementMap":{"0":{"start":{"line":1,"column":0},"end":{"line":1,"column":25}},"1":{"start":{"line":2,"column":0},"end":{"line":2,"column":75}},"2":{"start":{"line":3,"column":0},"end":{"line":3,"column":49}},"3":{"start":{"line":4,"column":0},"end":{"line":4,"column":9}},"4":{"start":{"line":5,"column":0},"end":{"line":5,"column":22}},"5":{"start":{"line":6,"column":0},"end":{"line":6,"column":27}},"6":{"start":{"line":7,"column":0},"end":{"line":7,"column":28}},"7":{"start":{"line":8,"column":0},"end":{"line":8,"column":22}},"8":{"start":{"line":9,"column":0},"end":{"line":9,"column":38}},"9":{"start":{"line":10,"column":0},"end":{"line":10,"column":20}},"10":{"start":{"line":11,"column":0},"end":{"line":11,"column":43}},"11":{"start":{"line":12,"column":0},"end":{"line":12,"column":12}},"12":{"start":{"line":13,"column":0},"end":{"line":13,"column":8}},"13":{"start":{"line":14,"column":0},"end":{"line":14,"column":2}},"14":{"start":{"line":15,"column":0},"end":{"line":15,"column":0}},"15":{"start":{"line":16,"column":0},"end":{"line":16,"column":29}},"16":{"start":{"line":17,"column":0},"end":{"line":17,"column":73}},"17":{"start":{"line":18,"column":0},"end":{"line":18,"column":27}},"18":{"start":{"line":19,"column":0},"end":{"line":19,"column":11}},"19":{"start":{"line":20,"column":0},"end":{"line":20,"column":306}},"20":{"start":{"line":21,"column":0},"end":{"line":21,"column":22}},"21":{"start":{"line":22,"column":0},"end":{"line":22,"column":31}},"22":{"start":{"line":23,"column":0},"end":{"line":23,"column":14}},"23":{"start":{"line":24,"column":0},"end":{"line":24,"column":11}},"24":{"start":{"line":25,"column":0},"end":{"line":25,"column":111}},"25":{"start":{"line":26,"column":0},"end":{"line":26,"column":22}},"26":{"start":{"line":27,"column":0},"end":{"line":27,"column":31}},"27":{"start":{"line":28,"column":0},"end":{"line":28,"column":14}},"28":{"start":{"line":29,"column":0},"end":{"line":29,"column":8}},"29":{"start":{"line":30,"column":0},"end":{"line":30,"column":8}},"30":{"start":{"line":31,"column":0},"end":{"line":31,"column":2}},"31":{"start":{"line":32,"column":0},"end":{"line":32,"column":0}},"32":{"start":{"line":33,"column":0},"end":{"line":33,"column":25}},"33":{"start":{"line":34,"column":0},"end":{"line":34,"column":6}},"34":{"start":{"line":35,"column":0},"end":{"line":35,"column":15}},"35":{"start":{"line":36,"column":0},"end":{"line":36,"column":21}},"36":{"start":{"line":37,"column":0},"end":{"line":37,"column":23}},"37":{"start":{"line":38,"column":0},"end":{"line":38,"column":38}},"38":{"start":{"line":39,"column":0},"end":{"line":39,"column":14}},"39":{"start":{"line":40,"column":0},"end":{"line":40,"column":3}},"40":{"start":{"line":41,"column":0},"end":{"line":41,"column":9}},"41":{"start":{"line":42,"column":0},"end":{"line":42,"column":22}},"42":{"start":{"line":43,"column":0},"end":{"line":43,"column":22}},"43":{"start":{"line":44,"column":0},"end":{"line":44,"column":27}},"44":{"start":{"line":45,"column":0},"end":{"line":45,"column":28}},"45":{"start":{"line":46,"column":0},"end":{"line":46,"column":31}},"46":{"start":{"line":47,"column":0},"end":{"line":47,"column":12}},"47":{"start":{"line":48,"column":0},"end":{"line":48,"column":8}},"48":{"start":{"line":49,"column":0},"end":{"line":49,"column":2}}},"s":{"0":1,"1":1,"2":1,"3":1,"4":1,"5":1,"6":1,"7":1,"8":1,"9":1,"10":1,"11":1,"12":1,"13":1,"14":1,"15":1,"16":1,"17":1,"18":1,"19":1,"20":1,"21":1,"22":1,"23":1,"24":1,"25":1,"26":1,"27":1,"28":1,"29":1,"30":1,"31":1,"32":1,"33":1,"34":1,"35":1,"36":1,"37":1,"38":1,"39":1,"40":1,"41":1,"42":1,"43":1,"44":1,"45":1,"46":1,"47":1,"48":1},"branchMap":{},"b":{},"fnMap":{},"f":{}}
,"/Users/mariakaspur/Desktop/github/RSReact/src/scripts/data/closeIco.tsx": {"path":"/Users/mariakaspur/Desktop/github/RSReact/src/scripts/data/closeIco.tsx","all":false,"statementMap":{"0":{"start":{"line":1,"column":0},"end":{"line":1,"column":25}},"1":{"start":{"line":2,"column":0},"end":{"line":2,"column":6}},"2":{"start":{"line":3,"column":0},"end":{"line":3,"column":26}},"3":{"start":{"line":4,"column":0},"end":{"line":4,"column":23}},"4":{"start":{"line":5,"column":0},"end":{"line":5,"column":15}},"5":{"start":{"line":6,"column":0},"end":{"line":6,"column":23}},"6":{"start":{"line":7,"column":0},"end":{"line":7,"column":14}},"7":{"start":{"line":8,"column":0},"end":{"line":8,"column":38}},"8":{"start":{"line":9,"column":0},"end":{"line":9,"column":3}},"9":{"start":{"line":10,"column":0},"end":{"line":10,"column":9}},"10":{"start":{"line":11,"column":0},"end":{"line":11,"column":94}},"11":{"start":{"line":12,"column":0},"end":{"line":12,"column":24}},"12":{"start":{"line":13,"column":0},"end":{"line":13,"column":6}},"13":{"start":{"line":14,"column":0},"end":{"line":14,"column":9}},"14":{"start":{"line":15,"column":0},"end":{"line":15,"column":93}},"15":{"start":{"line":16,"column":0},"end":{"line":16,"column":24}},"16":{"start":{"line":17,"column":0},"end":{"line":17,"column":6}},"17":{"start":{"line":18,"column":0},"end":{"line":18,"column":8}},"18":{"start":{"line":19,"column":0},"end":{"line":19,"column":2}}},"s":{"0":1,"1":1,"2":1,"3":1,"4":1,"5":1,"6":1,"7":1,"8":1,"9":1,"10":1,"11":1,"12":1,"13":1,"14":1,"15":1,"16":1,"17":1,"18":1},"branchMap":{},"b":{},"fnMap":{},"f":{}}
,"/Users/mariakaspur/Desktop/github/RSReact/src/scripts/pages/App/App.tsx": {"path":"/Users/mariakaspur/Desktop/github/RSReact/src/scripts/pages/App/App.tsx","all":false,"statementMap":{"0":{"start":{"line":1,"column":0},"end":{"line":1,"column":56}},"1":{"start":{"line":2,"column":0},"end":{"line":2,"column":52}},"2":{"start":{"line":3,"column":0},"end":{"line":3,"column":49}},"3":{"start":{"line":4,"column":0},"end":{"line":4,"column":58}},"4":{"start":{"line":5,"column":0},"end":{"line":5,"column":64}},"5":{"start":{"line":6,"column":0},"end":{"line":6,"column":58}},"6":{"start":{"line":7,"column":0},"end":{"line":7,"column":58}},"7":{"start":{"line":8,"column":0},"end":{"line":8,"column":20}},"8":{"start":{"line":9,"column":0},"end":{"line":9,"column":67}},"9":{"start":{"line":10,"column":0},"end":{"line":10,"column":64}},"10":{"start":{"line":11,"column":0},"end":{"line":11,"column":34}},"11":{"start":{"line":12,"column":0},"end":{"line":12,"column":69}},"12":{"start":{"line":13,"column":0},"end":{"line":13,"column":82}},"13":{"start":{"line":14,"column":0},"end":{"line":14,"column":58}},"14":{"start":{"line":15,"column":0},"end":{"line":15,"column":56}},"15":{"start":{"line":16,"column":0},"end":{"line":16,"column":26}},"16":{"start":{"line":17,"column":0},"end":{"line":17,"column":0}},"17":{"start":{"line":18,"column":0},"end":{"line":18,"column":30}},"18":{"start":{"line":19,"column":0},"end":{"line":19,"column":18}},"19":{"start":{"line":20,"column":0},"end":{"line":20,"column":16}},"20":{"start":{"line":21,"column":0},"end":{"line":21,"column":1}},"21":{"start":{"line":22,"column":0},"end":{"line":22,"column":0}},"22":{"start":{"line":23,"column":0},"end":{"line":23,"column":30}},"23":{"start":{"line":24,"column":0},"end":{"line":24,"column":91}},"24":{"start":{"line":25,"column":0},"end":{"line":25,"column":59}},"25":{"start":{"line":26,"column":0},"end":{"line":26,"column":0}},"26":{"start":{"line":27,"column":0},"end":{"line":27,"column":58}},"27":{"start":{"line":28,"column":0},"end":{"line":28,"column":66}},"28":{"start":{"line":29,"column":0},"end":{"line":29,"column":0}},"29":{"start":{"line":30,"column":0},"end":{"line":30,"column":73}},"30":{"start":{"line":31,"column":0},"end":{"line":31,"column":33}},"31":{"start":{"line":32,"column":0},"end":{"line":32,"column":33}},"32":{"start":{"line":33,"column":0},"end":{"line":33,"column":0}},"33":{"start":{"line":34,"column":0},"end":{"line":34,"column":19}},"34":{"start":{"line":35,"column":0},"end":{"line":35,"column":94}},"35":{"start":{"line":36,"column":0},"end":{"line":36,"column":29}},"36":{"start":{"line":37,"column":0},"end":{"line":37,"column":52}},"37":{"start":{"line":38,"column":0},"end":{"line":38,"column":28}},"38":{"start":{"line":39,"column":0},"end":{"line":39,"column":38}},"39":{"start":{"line":40,"column":0},"end":{"line":40,"column":98}},"40":{"start":{"line":41,"column":0},"end":{"line":41,"column":30}},"41":{"start":{"line":42,"column":0},"end":{"line":42,"column":45}},"42":{"start":{"line":43,"column":0},"end":{"line":43,"column":7}},"43":{"start":{"line":44,"column":0},"end":{"line":44,"column":86}},"44":{"start":{"line":45,"column":0},"end":{"line":45,"column":0}},"45":{"start":{"line":46,"column":0},"end":{"line":46,"column":20}},"46":{"start":{"line":47,"column":0},"end":{"line":47,"column":39}},"47":{"start":{"line":48,"column":0},"end":{"line":48,"column":39}},"48":{"start":{"line":49,"column":0},"end":{"line":49,"column":51}},"49":{"start":{"line":50,"column":0},"end":{"line":50,"column":20}},"50":{"start":{"line":51,"column":0},"end":{"line":51,"column":18}},"51":{"start":{"line":52,"column":0},"end":{"line":52,"column":12}},"52":{"start":{"line":53,"column":0},"end":{"line":53,"column":42}},"53":{"start":{"line":54,"column":0},"end":{"line":54,"column":12}},"54":{"start":{"line":55,"column":0},"end":{"line":55,"column":80}},"55":{"start":{"line":56,"column":0},"end":{"line":56,"column":27}},"56":{"start":{"line":57,"column":0},"end":{"line":57,"column":44}},"57":{"start":{"line":58,"column":0},"end":{"line":58,"column":34}},"58":{"start":{"line":59,"column":0},"end":{"line":59,"column":28}},"59":{"start":{"line":60,"column":0},"end":{"line":60,"column":13}},"60":{"start":{"line":61,"column":0},"end":{"line":61,"column":12}},"61":{"start":{"line":62,"column":0},"end":{"line":62,"column":9}},"62":{"start":{"line":63,"column":0},"end":{"line":63,"column":88}},"63":{"start":{"line":64,"column":0},"end":{"line":64,"column":100}},"64":{"start":{"line":65,"column":0},"end":{"line":65,"column":37}},"65":{"start":{"line":66,"column":0},"end":{"line":66,"column":14}},"66":{"start":{"line":67,"column":0},"end":{"line":67,"column":18}},"67":{"start":{"line":68,"column":0},"end":{"line":68,"column":12}},"68":{"start":{"line":69,"column":0},"end":{"line":69,"column":10}},"69":{"start":{"line":70,"column":0},"end":{"line":70,"column":4}},"70":{"start":{"line":71,"column":0},"end":{"line":71,"column":0}},"71":{"start":{"line":72,"column":0},"end":{"line":72,"column":10}},"72":{"start":{"line":73,"column":0},"end":{"line":73,"column":39}},"73":{"start":{"line":74,"column":0},"end":{"line":74,"column":34}},"74":{"start":{"line":75,"column":0},"end":{"line":75,"column":16}},"75":{"start":{"line":76,"column":0},"end":{"line":76,"column":27}},"76":{"start":{"line":77,"column":0},"end":{"line":77,"column":4}},"77":{"start":{"line":78,"column":0},"end":{"line":78,"column":3}},"78":{"start":{"line":79,"column":0},"end":{"line":79,"column":0}},"79":{"start":{"line":80,"column":0},"end":{"line":80,"column":19}}},"s":{"0":1,"1":1,"2":1,"3":1,"4":1,"5":1,"6":1,"7":1,"8":1,"9":1,"10":1,"11":1,"12":1,"13":1,"14":1,"15":1,"16":1,"17":1,"18":1,"19":1,"20":1,"21":1,"22":1,"23":113,"24":113,"25":113,"26":113,"27":113,"28":113,"29":113,"30":113,"31":113,"32":113,"33":113,"34":42,"35":42,"36":42,"37":40,"38":40,"39":40,"40":40,"41":40,"42":42,"43":113,"44":113,"45":113,"46":113,"47":113,"48":113,"49":113,"50":113,"51":113,"52":113,"53":113,"54":113,"55":113,"56":9,"57":0,"58":0,"59":0,"60":9,"61":113,"62":113,"63":113,"64":113,"65":113,"66":113,"67":113,"68":113,"69":113,"70":113,"71":113,"72":113,"73":113,"74":113,"75":113,"76":113,"77":113,"78":1,"79":1},"branchMap":{"0":{"type":"branch","line":23,"loc":{"start":{"line":23,"column":23},"end":{"line":78,"column":3}},"locations":[{"start":{"line":23,"column":23},"end":{"line":78,"column":3}}]},"1":{"type":"branch","line":55,"loc":{"start":{"line":55,"column":60},"end":{"line":55,"column":75}},"locations":[{"start":{"line":55,"column":60},"end":{"line":55,"column":75}}]},"2":{"type":"branch","line":55,"loc":{"start":{"line":55,"column":66},"end":{"line":55,"column":77}},"locations":[{"start":{"line":55,"column":66},"end":{"line":55,"column":77}}]},"3":{"type":"branch","line":64,"loc":{"start":{"line":64,"column":11},"end":{"line":64,"column":37}},"locations":[{"start":{"line":64,"column":11},"end":{"line":64,"column":37}}]},"4":{"type":"branch","line":64,"loc":{"start":{"line":64,"column":23},"end":{"line":64,"column":56}},"locations":[{"start":{"line":64,"column":23},"end":{"line":64,"column":56}}]},"5":{"type":"branch","line":64,"loc":{"start":{"line":64,"column":52},"end":{"line":64,"column":97}},"locations":[{"start":{"line":64,"column":52},"end":{"line":64,"column":97}}]},"6":{"type":"branch","line":64,"loc":{"start":{"line":64,"column":92},"end":{"line":64,"column":100}},"locations":[{"start":{"line":64,"column":92},"end":{"line":64,"column":100}}]},"7":{"type":"branch","line":65,"loc":{"start":{"line":65,"column":11},"end":{"line":65,"column":34}},"locations":[{"start":{"line":65,"column":11},"end":{"line":65,"column":34}}]},"8":{"type":"branch","line":65,"loc":{"start":{"line":65,"column":29},"end":{"line":65,"column":37}},"locations":[{"start":{"line":65,"column":29},"end":{"line":65,"column":37}}]},"9":{"type":"branch","line":74,"loc":{"start":{"line":74,"column":7},"end":{"line":74,"column":23}},"locations":[{"start":{"line":74,"column":7},"end":{"line":74,"column":23}}]},"10":{"type":"branch","line":74,"loc":{"start":{"line":74,"column":18},"end":{"line":74,"column":34}},"locations":[{"start":{"line":74,"column":18},"end":{"line":74,"column":34}}]},"11":{"type":"branch","line":34,"loc":{"start":{"line":34,"column":12},"end":{"line":44,"column":5}},"locations":[{"start":{"line":34,"column":12},"end":{"line":44,"column":5}}]},"12":{"type":"branch","line":36,"loc":{"start":{"line":36,"column":16},"end":{"line":36,"column":27}},"locations":[{"start":{"line":36,"column":16},"end":{"line":36,"column":27}}]},"13":{"type":"branch","line":37,"loc":{"start":{"line":37,"column":24},"end":{"line":43,"column":5}},"locations":[{"start":{"line":37,"column":24},"end":{"line":43,"column":5}}]},"14":{"type":"branch","line":38,"loc":{"start":{"line":38,"column":15},"end":{"line":38,"column":26}},"locations":[{"start":{"line":38,"column":15},"end":{"line":38,"column":26}}]},"15":{"type":"branch","line":39,"loc":{"start":{"line":39,"column":20},"end":{"line":39,"column":36}},"locations":[{"start":{"line":39,"column":20},"end":{"line":39,"column":36}}]},"16":{"type":"branch","line":41,"loc":{"start":{"line":41,"column":18},"end":{"line":41,"column":28}},"locations":[{"start":{"line":41,"column":18},"end":{"line":41,"column":28}}]},"17":{"type":"branch","line":56,"loc":{"start":{"line":56,"column":19},"end":{"line":61,"column":12}},"locations":[{"start":{"line":56,"column":19},"end":{"line":61,"column":12}}]},"18":{"type":"branch","line":57,"loc":{"start":{"line":57,"column":43},"end":{"line":60,"column":13}},"locations":[{"start":{"line":57,"column":43},"end":{"line":60,"column":13}}]}},"b":{"0":[113],"1":[31],"2":[82],"3":[71],"4":[51],"5":[50],"6":[63],"7":[71],"8":[42],"9":[71],"10":[42],"11":[42],"12":[42],"13":[40],"14":[40],"15":[40],"16":[40],"17":[9],"18":[0]},"fnMap":{"0":{"name":"onClick","decl":{"start":{"line":56,"column":19},"end":{"line":61,"column":12}},"loc":{"start":{"line":56,"column":19},"end":{"line":61,"column":12}},"line":56}},"f":{"0":9}}
,"/Users/mariakaspur/Desktop/github/RSReact/src/scripts/pages/CardDetail/CardDetail.tsx": {"path":"/Users/mariakaspur/Desktop/github/RSReact/src/scripts/pages/CardDetail/CardDetail.tsx","all":false,"statementMap":{"0":{"start":{"line":1,"column":0},"end":{"line":1,"column":51}},"1":{"start":{"line":2,"column":0},"end":{"line":2,"column":42}},"2":{"start":{"line":3,"column":0},"end":{"line":3,"column":44}},"3":{"start":{"line":4,"column":0},"end":{"line":4,"column":36}},"4":{"start":{"line":5,"column":0},"end":{"line":5,"column":57}},"5":{"start":{"line":6,"column":0},"end":{"line":6,"column":105}},"6":{"start":{"line":7,"column":0},"end":{"line":7,"column":54}},"7":{"start":{"line":8,"column":0},"end":{"line":8,"column":47}},"8":{"start":{"line":9,"column":0},"end":{"line":9,"column":0}},"9":{"start":{"line":10,"column":0},"end":{"line":10,"column":38}},"10":{"start":{"line":11,"column":0},"end":{"line":11,"column":29}},"11":{"start":{"line":12,"column":0},"end":{"line":12,"column":50}},"12":{"start":{"line":13,"column":0},"end":{"line":13,"column":72}},"13":{"start":{"line":14,"column":0},"end":{"line":14,"column":0}},"14":{"start":{"line":15,"column":0},"end":{"line":15,"column":19}},"15":{"start":{"line":16,"column":0},"end":{"line":16,"column":33}},"16":{"start":{"line":17,"column":0},"end":{"line":17,"column":49}},"17":{"start":{"line":18,"column":0},"end":{"line":18,"column":23}},"18":{"start":{"line":19,"column":0},"end":{"line":19,"column":30}},"19":{"start":{"line":20,"column":0},"end":{"line":20,"column":30}},"20":{"start":{"line":21,"column":0},"end":{"line":21,"column":6}},"21":{"start":{"line":22,"column":0},"end":{"line":22,"column":14}},"22":{"start":{"line":23,"column":0},"end":{"line":23,"column":18}},"23":{"start":{"line":24,"column":0},"end":{"line":24,"column":20}},"24":{"start":{"line":25,"column":0},"end":{"line":25,"column":6}},"25":{"start":{"line":26,"column":0},"end":{"line":26,"column":11}},"26":{"start":{"line":27,"column":0},"end":{"line":27,"column":0}},"27":{"start":{"line":28,"column":0},"end":{"line":28,"column":10}},"28":{"start":{"line":29,"column":0},"end":{"line":29,"column":74}},"29":{"start":{"line":30,"column":0},"end":{"line":30,"column":75}},"30":{"start":{"line":31,"column":0},"end":{"line":31,"column":18}},"31":{"start":{"line":32,"column":0},"end":{"line":32,"column":13}},"32":{"start":{"line":33,"column":0},"end":{"line":33,"column":0}},"33":{"start":{"line":34,"column":0},"end":{"line":34,"column":19}},"34":{"start":{"line":35,"column":0},"end":{"line":35,"column":35}},"35":{"start":{"line":36,"column":0},"end":{"line":36,"column":42}},"36":{"start":{"line":37,"column":0},"end":{"line":37,"column":16}},"37":{"start":{"line":38,"column":0},"end":{"line":38,"column":41}},"38":{"start":{"line":39,"column":0},"end":{"line":39,"column":61}},"39":{"start":{"line":40,"column":0},"end":{"line":40,"column":25}},"40":{"start":{"line":41,"column":0},"end":{"line":41,"column":14}},"41":{"start":{"line":42,"column":0},"end":{"line":42,"column":16}},"42":{"start":{"line":43,"column":0},"end":{"line":43,"column":43}},"43":{"start":{"line":44,"column":0},"end":{"line":44,"column":79}},"44":{"start":{"line":45,"column":0},"end":{"line":45,"column":37}},"45":{"start":{"line":46,"column":0},"end":{"line":46,"column":17}},"46":{"start":{"line":47,"column":0},"end":{"line":47,"column":69}},"47":{"start":{"line":48,"column":0},"end":{"line":48,"column":81}},"48":{"start":{"line":49,"column":0},"end":{"line":49,"column":57}},"49":{"start":{"line":50,"column":0},"end":{"line":50,"column":75}},"50":{"start":{"line":51,"column":0},"end":{"line":51,"column":28}},"51":{"start":{"line":52,"column":0},"end":{"line":52,"column":24}},"52":{"start":{"line":53,"column":0},"end":{"line":53,"column":77}},"53":{"start":{"line":54,"column":0},"end":{"line":54,"column":29}},"54":{"start":{"line":55,"column":0},"end":{"line":55,"column":24}},"55":{"start":{"line":56,"column":0},"end":{"line":56,"column":22}},"56":{"start":{"line":57,"column":0},"end":{"line":57,"column":17}},"57":{"start":{"line":58,"column":0},"end":{"line":58,"column":18}},"58":{"start":{"line":59,"column":0},"end":{"line":59,"column":16}},"59":{"start":{"line":60,"column":0},"end":{"line":60,"column":14}},"60":{"start":{"line":61,"column":0},"end":{"line":61,"column":11}},"61":{"start":{"line":62,"column":0},"end":{"line":62,"column":59}},"62":{"start":{"line":63,"column":0},"end":{"line":63,"column":8}},"63":{"start":{"line":64,"column":0},"end":{"line":64,"column":10}},"64":{"start":{"line":65,"column":0},"end":{"line":65,"column":4}},"65":{"start":{"line":66,"column":0},"end":{"line":66,"column":1}}},"s":{"0":1,"1":1,"2":1,"3":1,"4":1,"5":1,"6":1,"7":1,"8":1,"9":21,"10":21,"11":21,"12":21,"13":21,"14":21,"15":8,"16":8,"17":8,"18":8,"19":8,"20":8,"21":8,"22":8,"23":8,"24":8,"25":21,"26":21,"27":21,"28":21,"29":21,"30":21,"31":21,"32":21,"33":21,"34":13,"35":13,"36":13,"37":13,"38":13,"39":13,"40":13,"41":13,"42":13,"43":13,"44":13,"45":13,"46":13,"47":13,"48":84,"49":84,"50":84,"51":84,"52":84,"53":84,"54":84,"55":84,"56":13,"57":13,"58":13,"59":13,"60":8,"61":8,"62":21,"63":21,"64":21,"65":21},"branchMap":{"0":{"type":"branch","line":10,"loc":{"start":{"line":10,"column":0},"end":{"line":66,"column":1}},"locations":[{"start":{"line":10,"column":0},"end":{"line":66,"column":1}}]},"1":{"type":"branch","line":34,"loc":{"start":{"line":34,"column":7},"end":{"line":60,"column":14}},"locations":[{"start":{"line":34,"column":7},"end":{"line":60,"column":14}}]},"2":{"type":"branch","line":39,"loc":{"start":{"line":39,"column":22},"end":{"line":39,"column":39}},"locations":[{"start":{"line":39,"column":22},"end":{"line":39,"column":39}}]},"3":{"type":"branch","line":39,"loc":{"start":{"line":39,"column":39},"end":{"line":39,"column":58}},"locations":[{"start":{"line":39,"column":39},"end":{"line":39,"column":58}}]},"4":{"type":"branch","line":45,"loc":{"start":{"line":45,"column":15},"end":{"line":45,"column":32}},"locations":[{"start":{"line":45,"column":15},"end":{"line":45,"column":32}}]},"5":{"type":"branch","line":60,"loc":{"start":{"line":60,"column":8},"end":{"line":62,"column":59}},"locations":[{"start":{"line":60,"column":8},"end":{"line":62,"column":59}}]},"6":{"type":"branch","line":15,"loc":{"start":{"line":15,"column":12},"end":{"line":26,"column":5}},"locations":[{"start":{"line":15,"column":12},"end":{"line":26,"column":5}}]},"7":{"type":"branch","line":16,"loc":{"start":{"line":16,"column":20},"end":{"line":21,"column":6}},"locations":[{"start":{"line":16,"column":20},"end":{"line":21,"column":6}}]},"8":{"type":"branch","line":18,"loc":{"start":{"line":18,"column":16},"end":{"line":18,"column":23}},"locations":[{"start":{"line":18,"column":16},"end":{"line":18,"column":23}}]},"9":{"type":"branch","line":19,"loc":{"start":{"line":19,"column":14},"end":{"line":19,"column":28}},"locations":[{"start":{"line":19,"column":14},"end":{"line":19,"column":28}}]},"10":{"type":"branch","line":20,"loc":{"start":{"line":20,"column":18},"end":{"line":20,"column":28}},"locations":[{"start":{"line":20,"column":18},"end":{"line":20,"column":28}}]},"11":{"type":"branch","line":23,"loc":{"start":{"line":23,"column":11},"end":{"line":25,"column":6}},"locations":[{"start":{"line":23,"column":11},"end":{"line":25,"column":6}}]},"12":{"type":"branch","line":48,"loc":{"start":{"line":48,"column":58},"end":{"line":56,"column":22}},"locations":[{"start":{"line":48,"column":58},"end":{"line":56,"column":22}}]}},"b":{"0":[21],"1":[13],"2":[12],"3":[1],"4":[12],"5":[8],"6":[8],"7":[8],"8":[0],"9":[8],"10":[8],"11":[8],"12":[84]},"fnMap":{"0":{"name":"CardDetail","decl":{"start":{"line":10,"column":0},"end":{"line":66,"column":1}},"loc":{"start":{"line":10,"column":0},"end":{"line":66,"column":1}},"line":10},"1":{"name":"getData","decl":{"start":{"line":16,"column":20},"end":{"line":21,"column":6}},"loc":{"start":{"line":16,"column":20},"end":{"line":21,"column":6}},"line":16}},"f":{"0":21,"1":8}}
,"/Users/mariakaspur/Desktop/github/RSReact/src/scripts/pages/CardDetail/createAttributes.tsx": {"path":"/Users/mariakaspur/Desktop/github/RSReact/src/scripts/pages/CardDetail/createAttributes.tsx","all":false,"statementMap":{"0":{"start":{"line":1,"column":0},"end":{"line":1,"column":57}},"1":{"start":{"line":2,"column":0},"end":{"line":2,"column":0}},"2":{"start":{"line":3,"column":0},"end":{"line":3,"column":71}},"3":{"start":{"line":4,"column":0},"end":{"line":4,"column":23}},"4":{"start":{"line":5,"column":0},"end":{"line":5,"column":0}},"5":{"start":{"line":6,"column":0},"end":{"line":6,"column":10}},"6":{"start":{"line":7,"column":0},"end":{"line":7,"column":86}},"7":{"start":{"line":8,"column":0},"end":{"line":8,"column":76}},"8":{"start":{"line":9,"column":0},"end":{"line":9,"column":68}},"9":{"start":{"line":10,"column":0},"end":{"line":10,"column":82}},"10":{"start":{"line":11,"column":0},"end":{"line":11,"column":74}},"11":{"start":{"line":12,"column":0},"end":{"line":12,"column":82}},"12":{"start":{"line":13,"column":0},"end":{"line":13,"column":16}},"13":{"start":{"line":14,"column":0},"end":{"line":14,"column":33}},"14":{"start":{"line":15,"column":0},"end":{"line":15,"column":23}},"15":{"start":{"line":16,"column":0},"end":{"line":16,"column":19}},"16":{"start":{"line":17,"column":0},"end":{"line":17,"column":30}},"17":{"start":{"line":18,"column":0},"end":{"line":18,"column":40}},"18":{"start":{"line":19,"column":0},"end":{"line":19,"column":44}},"19":{"start":{"line":20,"column":0},"end":{"line":20,"column":16}},"20":{"start":{"line":21,"column":0},"end":{"line":21,"column":29}},"21":{"start":{"line":22,"column":0},"end":{"line":22,"column":4}},"22":{"start":{"line":23,"column":0},"end":{"line":23,"column":1}}},"s":{"0":1,"1":1,"2":1,"3":13,"4":12,"5":12,"6":13,"7":13,"8":13,"9":13,"10":13,"11":13,"12":13,"13":13,"14":13,"15":13,"16":13,"17":12,"18":12,"19":12,"20":13,"21":13,"22":13},"branchMap":{"0":{"type":"branch","line":3,"loc":{"start":{"line":3,"column":7},"end":{"line":23,"column":1}},"locations":[{"start":{"line":3,"column":7},"end":{"line":23,"column":1}}]},"1":{"type":"branch","line":4,"loc":{"start":{"line":4,"column":13},"end":{"line":4,"column":23}},"locations":[{"start":{"line":4,"column":13},"end":{"line":4,"column":23}}]},"2":{"type":"branch","line":4,"loc":{"start":{"line":4,"column":21},"end":{"line":7,"column":66}},"locations":[{"start":{"line":4,"column":21},"end":{"line":7,"column":66}}]},"3":{"type":"branch","line":7,"loc":{"start":{"line":7,"column":66},"end":{"line":7,"column":86}},"locations":[{"start":{"line":7,"column":66},"end":{"line":7,"column":86}}]},"4":{"type":"branch","line":8,"loc":{"start":{"line":8,"column":32},"end":{"line":8,"column":56}},"locations":[{"start":{"line":8,"column":32},"end":{"line":8,"column":56}}]},"5":{"type":"branch","line":8,"loc":{"start":{"line":8,"column":56},"end":{"line":8,"column":76}},"locations":[{"start":{"line":8,"column":56},"end":{"line":8,"column":76}}]},"6":{"type":"branch","line":9,"loc":{"start":{"line":9,"column":28},"end":{"line":9,"column":48}},"locations":[{"start":{"line":9,"column":28},"end":{"line":9,"column":48}}]},"7":{"type":"branch","line":9,"loc":{"start":{"line":9,"column":48},"end":{"line":9,"column":68}},"locations":[{"start":{"line":9,"column":48},"end":{"line":9,"column":68}}]},"8":{"type":"branch","line":10,"loc":{"start":{"line":10,"column":35},"end":{"line":10,"column":62}},"locations":[{"start":{"line":10,"column":35},"end":{"line":10,"column":62}}]},"9":{"type":"branch","line":10,"loc":{"start":{"line":10,"column":62},"end":{"line":10,"column":82}},"locations":[{"start":{"line":10,"column":62},"end":{"line":10,"column":82}}]},"10":{"type":"branch","line":11,"loc":{"start":{"line":11,"column":31},"end":{"line":11,"column":54}},"locations":[{"start":{"line":11,"column":31},"end":{"line":11,"column":54}}]},"11":{"type":"branch","line":11,"loc":{"start":{"line":11,"column":54},"end":{"line":11,"column":74}},"locations":[{"start":{"line":11,"column":54},"end":{"line":11,"column":74}}]},"12":{"type":"branch","line":12,"loc":{"start":{"line":12,"column":36},"end":{"line":12,"column":62}},"locations":[{"start":{"line":12,"column":36},"end":{"line":12,"column":62}}]},"13":{"type":"branch","line":12,"loc":{"start":{"line":12,"column":62},"end":{"line":12,"column":82}},"locations":[{"start":{"line":12,"column":62},"end":{"line":12,"column":82}}]},"14":{"type":"branch","line":14,"loc":{"start":{"line":14,"column":22},"end":{"line":15,"column":22}},"locations":[{"start":{"line":14,"column":22},"end":{"line":15,"column":22}}]},"15":{"type":"branch","line":21,"loc":{"start":{"line":21,"column":9},"end":{"line":21,"column":29}},"locations":[{"start":{"line":21,"column":9},"end":{"line":21,"column":29}}]},"16":{"type":"branch","line":17,"loc":{"start":{"line":17,"column":13},"end":{"line":20,"column":16}},"locations":[{"start":{"line":17,"column":13},"end":{"line":20,"column":16}}]},"17":{"type":"branch","line":19,"loc":{"start":{"line":19,"column":26},"end":{"line":19,"column":36}},"locations":[{"start":{"line":19,"column":26},"end":{"line":19,"column":36}}]}},"b":{"0":[13],"1":[1],"2":[12],"3":[0],"4":[0],"5":[12],"6":[12],"7":[0],"8":[0],"9":[12],"10":[12],"11":[0],"12":[0],"13":[12],"14":[12],"15":[0],"16":[12],"17":[0]},"fnMap":{"0":{"name":"createAttributes","decl":{"start":{"line":3,"column":7},"end":{"line":23,"column":1}},"loc":{"start":{"line":3,"column":7},"end":{"line":23,"column":1}},"line":3}},"f":{"0":13}}
,"/Users/mariakaspur/Desktop/github/RSReact/src/scripts/pages/ErrorPage/ErrorPage.tsx": {"path":"/Users/mariakaspur/Desktop/github/RSReact/src/scripts/pages/ErrorPage/ErrorPage.tsx","all":false,"statementMap":{"0":{"start":{"line":1,"column":0},"end":{"line":1,"column":27}},"1":{"start":{"line":2,"column":0},"end":{"line":2,"column":71}},"2":{"start":{"line":3,"column":0},"end":{"line":3,"column":0}},"3":{"start":{"line":4,"column":0},"end":{"line":4,"column":37}},"4":{"start":{"line":5,"column":0},"end":{"line":5,"column":10}},"5":{"start":{"line":6,"column":0},"end":{"line":6,"column":31}},"6":{"start":{"line":7,"column":0},"end":{"line":7,"column":38}},"7":{"start":{"line":8,"column":0},"end":{"line":8,"column":47}},"8":{"start":{"line":9,"column":0},"end":{"line":9,"column":41}},"9":{"start":{"line":10,"column":0},"end":{"line":10,"column":44}},"10":{"start":{"line":11,"column":0},"end":{"line":11,"column":14}},"11":{"start":{"line":12,"column":0},"end":{"line":12,"column":12}},"12":{"start":{"line":13,"column":0},"end":{"line":13,"column":80}},"13":{"start":{"line":14,"column":0},"end":{"line":14,"column":10}},"14":{"start":{"line":15,"column":0},"end":{"line":15,"column":4}},"15":{"start":{"line":16,"column":0},"end":{"line":16,"column":1}}},"s":{"0":1,"1":1,"2":1,"3":4,"4":4,"5":4,"6":4,"7":4,"8":4,"9":4,"10":4,"11":4,"12":4,"13":4,"14":4,"15":4},"branchMap":{"0":{"type":"branch","line":4,"loc":{"start":{"line":4,"column":0},"end":{"line":16,"column":1}},"locations":[{"start":{"line":4,"column":0},"end":{"line":16,"column":1}}]}},"b":{"0":[4]},"fnMap":{"0":{"name":"ErrorPage","decl":{"start":{"line":4,"column":0},"end":{"line":16,"column":1}},"loc":{"start":{"line":4,"column":0},"end":{"line":16,"column":1}},"line":4}},"f":{"0":4}}
,"/Users/mariakaspur/Desktop/github/RSReact/src/scripts/providers/CardsProvider.tsx": {"path":"/Users/mariakaspur/Desktop/github/RSReact/src/scripts/providers/CardsProvider.tsx","all":false,"statementMap":{"0":{"start":{"line":1,"column":0},"end":{"line":1,"column":50}},"1":{"start":{"line":2,"column":0},"end":{"line":2,"column":55}},"2":{"start":{"line":3,"column":0},"end":{"line":3,"column":0}},"3":{"start":{"line":4,"column":0},"end":{"line":4,"column":27}},"4":{"start":{"line":5,"column":0},"end":{"line":5,"column":32}},"5":{"start":{"line":6,"column":0},"end":{"line":6,"column":1}},"6":{"start":{"line":7,"column":0},"end":{"line":7,"column":0}},"7":{"start":{"line":8,"column":0},"end":{"line":8,"column":71}},"8":{"start":{"line":9,"column":0},"end":{"line":9,"column":0}},"9":{"start":{"line":10,"column":0},"end":{"line":10,"column":38}},"10":{"start":{"line":11,"column":0},"end":{"line":11,"column":11}},"11":{"start":{"line":12,"column":0},"end":{"line":12,"column":7}},"12":{"start":{"line":13,"column":0},"end":{"line":13,"column":10}},"13":{"start":{"line":14,"column":0},"end":{"line":14,"column":4}},"14":{"start":{"line":15,"column":0},"end":{"line":15,"column":22}},"15":{"start":{"line":16,"column":0},"end":{"line":16,"column":32}},"16":{"start":{"line":17,"column":0},"end":{"line":17,"column":7}},"17":{"start":{"line":18,"column":0},"end":{"line":18,"column":62}},"18":{"start":{"line":19,"column":0},"end":{"line":19,"column":0}},"19":{"start":{"line":20,"column":0},"end":{"line":20,"column":10}},"20":{"start":{"line":21,"column":0},"end":{"line":21,"column":52}},"21":{"start":{"line":22,"column":0},"end":{"line":22,"column":16}},"22":{"start":{"line":23,"column":0},"end":{"line":23,"column":28}},"23":{"start":{"line":24,"column":0},"end":{"line":24,"column":4}},"24":{"start":{"line":25,"column":0},"end":{"line":25,"column":2}}},"s":{"0":1,"1":1,"2":1,"3":1,"4":1,"5":1,"6":1,"7":1,"8":1,"9":1,"10":119,"11":119,"12":119,"13":119,"14":119,"15":119,"16":119,"17":119,"18":119,"19":119,"20":119,"21":119,"22":119,"23":119,"24":119},"branchMap":{"0":{"type":"branch","line":10,"loc":{"start":{"line":10,"column":36},"end":{"line":25,"column":2}},"locations":[{"start":{"line":10,"column":36},"end":{"line":25,"column":2}}]},"1":{"type":"branch","line":18,"loc":{"start":{"line":18,"column":24},"end":{"line":18,"column":54}},"locations":[{"start":{"line":18,"column":24},"end":{"line":18,"column":54}}]}},"b":{"0":[119],"1":[44]},"fnMap":{"0":{"name":"CardsContextProvider","decl":{"start":{"line":10,"column":36},"end":{"line":25,"column":2}},"loc":{"start":{"line":10,"column":36},"end":{"line":25,"column":2}},"line":10}},"f":{"0":119}}
,"/Users/mariakaspur/Desktop/github/RSReact/src/scripts/providers/HPParamsProvider.tsx": {"path":"/Users/mariakaspur/Desktop/github/RSReact/src/scripts/providers/HPParamsProvider.tsx","all":false,"statementMap":{"0":{"start":{"line":1,"column":0},"end":{"line":1,"column":79}},"1":{"start":{"line":2,"column":0},"end":{"line":2,"column":72}},"2":{"start":{"line":3,"column":0},"end":{"line":3,"column":55}},"3":{"start":{"line":4,"column":0},"end":{"line":4,"column":26}},"4":{"start":{"line":5,"column":0},"end":{"line":5,"column":73}},"5":{"start":{"line":6,"column":0},"end":{"line":6,"column":71}},"6":{"start":{"line":7,"column":0},"end":{"line":7,"column":0}},"7":{"start":{"line":8,"column":0},"end":{"line":8,"column":51}},"8":{"start":{"line":9,"column":0},"end":{"line":9,"column":0}},"9":{"start":{"line":10,"column":0},"end":{"line":10,"column":27}},"10":{"start":{"line":11,"column":0},"end":{"line":11,"column":33}},"11":{"start":{"line":12,"column":0},"end":{"line":12,"column":63}},"12":{"start":{"line":13,"column":0},"end":{"line":13,"column":0}},"13":{"start":{"line":14,"column":0},"end":{"line":14,"column":22}},"14":{"start":{"line":15,"column":0},"end":{"line":15,"column":57}},"15":{"start":{"line":16,"column":0},"end":{"line":16,"column":0}},"16":{"start":{"line":17,"column":0},"end":{"line":17,"column":26}},"17":{"start":{"line":18,"column":0},"end":{"line":18,"column":65}},"18":{"start":{"line":19,"column":0},"end":{"line":19,"column":0}},"19":{"start":{"line":20,"column":0},"end":{"line":20,"column":25}},"20":{"start":{"line":21,"column":0},"end":{"line":21,"column":63}},"21":{"start":{"line":22,"column":0},"end":{"line":22,"column":0}},"22":{"start":{"line":23,"column":0},"end":{"line":23,"column":39}},"23":{"start":{"line":24,"column":0},"end":{"line":24,"column":1}},"24":{"start":{"line":25,"column":0},"end":{"line":25,"column":0}},"25":{"start":{"line":26,"column":0},"end":{"line":26,"column":34}},"26":{"start":{"line":27,"column":0},"end":{"line":27,"column":25}},"27":{"start":{"line":28,"column":0},"end":{"line":28,"column":18}},"28":{"start":{"line":29,"column":0},"end":{"line":29,"column":22}},"29":{"start":{"line":30,"column":0},"end":{"line":30,"column":20}},"30":{"start":{"line":31,"column":0},"end":{"line":31,"column":2}},"31":{"start":{"line":32,"column":0},"end":{"line":32,"column":0}},"32":{"start":{"line":33,"column":0},"end":{"line":33,"column":82}},"33":{"start":{"line":34,"column":0},"end":{"line":34,"column":0}},"34":{"start":{"line":35,"column":0},"end":{"line":35,"column":91}},"35":{"start":{"line":36,"column":0},"end":{"line":36,"column":60}},"36":{"start":{"line":37,"column":0},"end":{"line":37,"column":0}},"37":{"start":{"line":38,"column":0},"end":{"line":38,"column":37}},"38":{"start":{"line":39,"column":0},"end":{"line":39,"column":45}},"39":{"start":{"line":40,"column":0},"end":{"line":40,"column":34}},"40":{"start":{"line":41,"column":0},"end":{"line":41,"column":84}},"41":{"start":{"line":42,"column":0},"end":{"line":42,"column":0}},"42":{"start":{"line":43,"column":0},"end":{"line":43,"column":71}},"43":{"start":{"line":44,"column":0},"end":{"line":44,"column":97}},"44":{"start":{"line":45,"column":0},"end":{"line":45,"column":4}},"45":{"start":{"line":46,"column":0},"end":{"line":46,"column":49}},"46":{"start":{"line":47,"column":0},"end":{"line":47,"column":85}},"47":{"start":{"line":48,"column":0},"end":{"line":48,"column":33}},"48":{"start":{"line":49,"column":0},"end":{"line":49,"column":10}},"49":{"start":{"line":50,"column":0},"end":{"line":50,"column":4}},"50":{"start":{"line":51,"column":0},"end":{"line":51,"column":85}},"51":{"start":{"line":52,"column":0},"end":{"line":52,"column":82}},"52":{"start":{"line":53,"column":0},"end":{"line":53,"column":0}},"53":{"start":{"line":54,"column":0},"end":{"line":54,"column":38}},"54":{"start":{"line":55,"column":0},"end":{"line":55,"column":9}},"55":{"start":{"line":56,"column":0},"end":{"line":56,"column":8}},"56":{"start":{"line":57,"column":0},"end":{"line":57,"column":24}},"57":{"start":{"line":58,"column":0},"end":{"line":58,"column":27}},"58":{"start":{"line":59,"column":0},"end":{"line":59,"column":21}},"59":{"start":{"line":60,"column":0},"end":{"line":60,"column":21}},"60":{"start":{"line":61,"column":0},"end":{"line":61,"column":4}},"61":{"start":{"line":62,"column":0},"end":{"line":62,"column":37}},"62":{"start":{"line":63,"column":0},"end":{"line":63,"column":12}},"63":{"start":{"line":64,"column":0},"end":{"line":64,"column":21}},"64":{"start":{"line":65,"column":0},"end":{"line":65,"column":24}},"65":{"start":{"line":66,"column":0},"end":{"line":66,"column":7}},"66":{"start":{"line":67,"column":0},"end":{"line":67,"column":20}},"67":{"start":{"line":68,"column":0},"end":{"line":68,"column":4}},"68":{"start":{"line":69,"column":0},"end":{"line":69,"column":37}},"69":{"start":{"line":70,"column":0},"end":{"line":70,"column":9}},"70":{"start":{"line":71,"column":0},"end":{"line":71,"column":8}},"71":{"start":{"line":72,"column":0},"end":{"line":72,"column":23}},"72":{"start":{"line":73,"column":0},"end":{"line":73,"column":26}},"73":{"start":{"line":74,"column":0},"end":{"line":74,"column":24}},"74":{"start":{"line":75,"column":0},"end":{"line":75,"column":21}},"75":{"start":{"line":76,"column":0},"end":{"line":76,"column":37}},"76":{"start":{"line":77,"column":0},"end":{"line":77,"column":4}},"77":{"start":{"line":78,"column":0},"end":{"line":78,"column":0}},"78":{"start":{"line":79,"column":0},"end":{"line":79,"column":34}},"79":{"start":{"line":80,"column":0},"end":{"line":80,"column":9}},"80":{"start":{"line":81,"column":0},"end":{"line":81,"column":8}},"81":{"start":{"line":82,"column":0},"end":{"line":82,"column":20}},"82":{"start":{"line":83,"column":0},"end":{"line":83,"column":23}},"83":{"start":{"line":84,"column":0},"end":{"line":84,"column":24}},"84":{"start":{"line":85,"column":0},"end":{"line":85,"column":21}},"85":{"start":{"line":86,"column":0},"end":{"line":86,"column":34}},"86":{"start":{"line":87,"column":0},"end":{"line":87,"column":4}},"87":{"start":{"line":88,"column":0},"end":{"line":88,"column":0}},"88":{"start":{"line":89,"column":0},"end":{"line":89,"column":10}},"89":{"start":{"line":90,"column":0},"end":{"line":90,"column":34}},"90":{"start":{"line":91,"column":0},"end":{"line":91,"column":14}},"91":{"start":{"line":92,"column":0},"end":{"line":92,"column":30}},"92":{"start":{"line":93,"column":0},"end":{"line":93,"column":31}},"93":{"start":{"line":94,"column":0},"end":{"line":94,"column":30}},"94":{"start":{"line":95,"column":0},"end":{"line":95,"column":27}},"95":{"start":{"line":96,"column":0},"end":{"line":96,"column":8}},"96":{"start":{"line":97,"column":0},"end":{"line":97,"column":16}},"97":{"start":{"line":98,"column":0},"end":{"line":98,"column":5}},"98":{"start":{"line":99,"column":0},"end":{"line":99,"column":16}},"99":{"start":{"line":100,"column":0},"end":{"line":100,"column":36}},"100":{"start":{"line":101,"column":0},"end":{"line":101,"column":4}},"101":{"start":{"line":102,"column":0},"end":{"line":102,"column":2}}},"s":{"0":1,"1":1,"2":1,"3":1,"4":1,"5":1,"6":1,"7":1,"8":1,"9":1,"10":1,"11":1,"12":1,"13":1,"14":1,"15":1,"16":1,"17":1,"18":1,"19":1,"20":1,"21":1,"22":1,"23":1,"24":1,"25":1,"26":1,"27":1,"28":1,"29":1,"30":1,"31":1,"32":1,"33":1,"34":1,"35":85,"36":85,"37":85,"38":85,"39":0,"40":85,"41":85,"42":85,"43":85,"44":85,"45":85,"46":85,"47":0,"48":85,"49":85,"50":85,"51":85,"52":85,"53":85,"54":85,"55":29,"56":29,"57":29,"58":29,"59":85,"60":85,"61":85,"62":85,"63":26,"64":26,"65":26,"66":85,"67":85,"68":85,"69":85,"70":56,"71":56,"72":56,"73":56,"74":56,"75":85,"76":85,"77":85,"78":85,"79":85,"80":44,"81":44,"82":44,"83":44,"84":44,"85":85,"86":85,"87":85,"88":85,"89":85,"90":85,"91":85,"92":85,"93":85,"94":85,"95":85,"96":85,"97":85,"98":85,"99":85,"100":85,"101":85},"branchMap":{"0":{"type":"branch","line":35,"loc":{"start":{"line":35,"column":37},"end":{"line":102,"column":2}},"locations":[{"start":{"line":35,"column":37},"end":{"line":102,"column":2}}]},"1":{"type":"branch","line":39,"loc":{"start":{"line":39,"column":4},"end":{"line":39,"column":45}},"locations":[{"start":{"line":39,"column":4},"end":{"line":39,"column":45}}]},"2":{"type":"branch","line":39,"loc":{"start":{"line":39,"column":44},"end":{"line":40,"column":34}},"locations":[{"start":{"line":39,"column":44},"end":{"line":40,"column":34}}]},"3":{"type":"branch","line":44,"loc":{"start":{"line":44,"column":14},"end":{"line":44,"column":58}},"locations":[{"start":{"line":44,"column":14},"end":{"line":44,"column":58}}]},"4":{"type":"branch","line":44,"loc":{"start":{"line":44,"column":54},"end":{"line":44,"column":91}},"locations":[{"start":{"line":44,"column":54},"end":{"line":44,"column":91}}]},"5":{"type":"branch","line":47,"loc":{"start":{"line":47,"column":15},"end":{"line":47,"column":60}},"locations":[{"start":{"line":47,"column":15},"end":{"line":47,"column":60}}]},"6":{"type":"branch","line":47,"loc":{"start":{"line":47,"column":55},"end":{"line":47,"column":85}},"locations":[{"start":{"line":47,"column":55},"end":{"line":47,"column":85}}]},"7":{"type":"branch","line":47,"loc":{"start":{"line":47,"column":81},"end":{"line":48,"column":33}},"locations":[{"start":{"line":47,"column":81},"end":{"line":48,"column":33}}]},"8":{"type":"branch","line":55,"loc":{"start":{"line":55,"column":4},"end":{"line":59,"column":21}},"locations":[{"start":{"line":55,"column":4},"end":{"line":59,"column":21}}]},"9":{"type":"branch","line":63,"loc":{"start":{"line":63,"column":4},"end":{"line":66,"column":7}},"locations":[{"start":{"line":63,"column":4},"end":{"line":66,"column":7}}]},"10":{"type":"branch","line":70,"loc":{"start":{"line":70,"column":4},"end":{"line":75,"column":21}},"locations":[{"start":{"line":70,"column":4},"end":{"line":75,"column":21}}]},"11":{"type":"branch","line":80,"loc":{"start":{"line":80,"column":4},"end":{"line":85,"column":21}},"locations":[{"start":{"line":80,"column":4},"end":{"line":85,"column":21}}]}},"b":{"0":[85],"1":[0],"2":[0],"3":[0],"4":[0],"5":[0],"6":[0],"7":[0],"8":[29],"9":[26],"10":[56],"11":[44]},"fnMap":{"0":{"name":"PotionsParamsProvider","decl":{"start":{"line":35,"column":37},"end":{"line":102,"column":2}},"loc":{"start":{"line":35,"column":37},"end":{"line":102,"column":2}},"line":35}},"f":{"0":85}}
,"/Users/mariakaspur/Desktop/github/RSReact/src/scripts/router/router.tsx": {"path":"/Users/mariakaspur/Desktop/github/RSReact/src/scripts/router/router.tsx","all":false,"statementMap":{"0":{"start":{"line":1,"column":0},"end":{"line":1,"column":55}},"1":{"start":{"line":2,"column":0},"end":{"line":2,"column":35}},"2":{"start":{"line":3,"column":0},"end":{"line":3,"column":53}},"3":{"start":{"line":4,"column":0},"end":{"line":4,"column":56}},"4":{"start":{"line":5,"column":0},"end":{"line":5,"column":70}},"5":{"start":{"line":6,"column":0},"end":{"line":6,"column":0}},"6":{"start":{"line":7,"column":0},"end":{"line":7,"column":23}},"7":{"start":{"line":8,"column":0},"end":{"line":8,"column":3}},"8":{"start":{"line":9,"column":0},"end":{"line":9,"column":14}},"9":{"start":{"line":10,"column":0},"end":{"line":10,"column":14}},"10":{"start":{"line":11,"column":0},"end":{"line":11,"column":29}},"11":{"start":{"line":12,"column":0},"end":{"line":12,"column":15}},"12":{"start":{"line":13,"column":0},"end":{"line":13,"column":30}},"13":{"start":{"line":14,"column":0},"end":{"line":14,"column":6}},"14":{"start":{"line":15,"column":0},"end":{"line":15,"column":32}},"15":{"start":{"line":16,"column":0},"end":{"line":16,"column":15}},"16":{"start":{"line":17,"column":0},"end":{"line":17,"column":7}},"17":{"start":{"line":18,"column":0},"end":{"line":18,"column":27}},"18":{"start":{"line":19,"column":0},"end":{"line":19,"column":32}},"19":{"start":{"line":20,"column":0},"end":{"line":20,"column":8}},"20":{"start":{"line":21,"column":0},"end":{"line":21,"column":6}},"21":{"start":{"line":22,"column":0},"end":{"line":22,"column":4}},"22":{"start":{"line":23,"column":0},"end":{"line":23,"column":2}},"23":{"start":{"line":24,"column":0},"end":{"line":24,"column":0}},"24":{"start":{"line":25,"column":0},"end":{"line":25,"column":44}},"25":{"start":{"line":26,"column":0},"end":{"line":26,"column":23}},"26":{"start":{"line":27,"column":0},"end":{"line":27,"column":3}},"27":{"start":{"line":28,"column":0},"end":{"line":28,"column":0}},"28":{"start":{"line":29,"column":0},"end":{"line":29,"column":22}}},"s":{"0":1,"1":1,"2":1,"3":1,"4":1,"5":1,"6":1,"7":1,"8":1,"9":1,"10":1,"11":1,"12":1,"13":1,"14":1,"15":1,"16":1,"17":1,"18":1,"19":1,"20":1,"21":1,"22":1,"23":1,"24":1,"25":1,"26":1,"27":1,"28":1},"branchMap":{},"b":{},"fnMap":{},"f":{}}
}
