{
  "/Users/mariakaspur/Desktop/github/RSReact/src/__tests__/data/getRouter.tsx": {
    "path": "/Users/mariakaspur/Desktop/github/RSReact/src/__tests__/data/getRouter.tsx",
    "all": false,
    "statementMap": {
      "0": { "start": { "line": 1, "column": 0 }, "end": { "line": 1, "column": 66 } },
      "1": { "start": { "line": 2, "column": 0 }, "end": { "line": 2, "column": 53 } },
      "2": { "start": { "line": 3, "column": 0 }, "end": { "line": 3, "column": 39 } },
      "3": { "start": { "line": 4, "column": 0 }, "end": { "line": 4, "column": 50 } },
      "4": { "start": { "line": 5, "column": 0 }, "end": { "line": 5, "column": 0 } },
      "5": { "start": { "line": 6, "column": 0 }, "end": { "line": 6, "column": 55 } },
      "6": { "start": { "line": 7, "column": 0 }, "end": { "line": 7, "column": 45 } },
      "7": { "start": { "line": 8, "column": 0 }, "end": { "line": 8, "column": 27 } },
      "8": { "start": { "line": 9, "column": 0 }, "end": { "line": 9, "column": 5 } },
      "9": { "start": { "line": 10, "column": 0 }, "end": { "line": 10, "column": 10 } },
      "10": { "start": { "line": 11, "column": 0 }, "end": { "line": 11, "column": 28 } },
      "11": { "start": { "line": 12, "column": 0 }, "end": { "line": 12, "column": 40 } },
      "12": { "start": { "line": 13, "column": 0 }, "end": { "line": 13, "column": 15 } },
      "13": { "start": { "line": 14, "column": 0 }, "end": { "line": 14, "column": 4 } },
      "14": { "start": { "line": 15, "column": 0 }, "end": { "line": 15, "column": 1 } },
      "15": { "start": { "line": 16, "column": 0 }, "end": { "line": 16, "column": 0 } },
      "16": { "start": { "line": 17, "column": 0 }, "end": { "line": 17, "column": 56 } },
      "17": { "start": { "line": 18, "column": 0 }, "end": { "line": 18, "column": 45 } },
      "18": { "start": { "line": 19, "column": 0 }, "end": { "line": 19, "column": 27 } },
      "19": { "start": { "line": 20, "column": 0 }, "end": { "line": 20, "column": 5 } },
      "20": { "start": { "line": 21, "column": 0 }, "end": { "line": 21, "column": 10 } },
      "21": { "start": { "line": 22, "column": 0 }, "end": { "line": 22, "column": 10 } },
      "22": { "start": { "line": 23, "column": 0 }, "end": { "line": 23, "column": 30 } },
      "23": { "start": { "line": 24, "column": 0 }, "end": { "line": 24, "column": 42 } },
      "24": { "start": { "line": 25, "column": 0 }, "end": { "line": 25, "column": 17 } },
      "25": { "start": { "line": 26, "column": 0 }, "end": { "line": 26, "column": 6 } },
      "26": { "start": { "line": 27, "column": 0 }, "end": { "line": 27, "column": 11 } },
      "27": { "start": { "line": 28, "column": 0 }, "end": { "line": 28, "column": 4 } },
      "28": { "start": { "line": 29, "column": 0 }, "end": { "line": 29, "column": 1 } }
    },
    "s": {
      "0": 1,
      "1": 1,
      "2": 1,
      "3": 1,
      "4": 1,
      "5": 1,
      "6": 18,
      "7": 18,
      "8": 18,
      "9": 18,
      "10": 18,
      "11": 18,
      "12": 18,
      "13": 18,
      "14": 18,
      "15": 1,
      "16": 1,
      "17": 9,
      "18": 9,
      "19": 9,
      "20": 9,
      "21": 9,
      "22": 9,
      "23": 9,
      "24": 9,
      "25": 9,
      "26": 9,
      "27": 9,
      "28": 9
    },
    "branchMap": {
      "0": {
        "type": "branch",
        "line": 6,
        "loc": { "start": { "line": 6, "column": 7 }, "end": { "line": 15, "column": 1 } },
        "locations": [{ "start": { "line": 6, "column": 7 }, "end": { "line": 15, "column": 1 } }]
      },
      "1": {
        "type": "branch",
        "line": 17,
        "loc": { "start": { "line": 17, "column": 7 }, "end": { "line": 29, "column": 1 } },
        "locations": [{ "start": { "line": 17, "column": 7 }, "end": { "line": 29, "column": 1 } }]
      }
    },
    "b": { "0": [18], "1": [9] },
    "fnMap": {
      "0": {
        "name": "getRouter",
        "decl": { "start": { "line": 6, "column": 7 }, "end": { "line": 15, "column": 1 } },
        "loc": { "start": { "line": 6, "column": 7 }, "end": { "line": 15, "column": 1 } },
        "line": 6
      },
      "1": {
        "name": "getRouter2",
        "decl": { "start": { "line": 17, "column": 7 }, "end": { "line": 29, "column": 1 } },
        "loc": { "start": { "line": 17, "column": 7 }, "end": { "line": 29, "column": 1 } },
        "line": 17
      }
    },
    "f": { "0": 18, "1": 9 }
  },
  "/Users/mariakaspur/Desktop/github/RSReact/src/scripts/components/BtnError/BtnError.tsx": {
    "path": "/Users/mariakaspur/Desktop/github/RSReact/src/scripts/components/BtnError/BtnError.tsx",
    "all": false,
    "statementMap": {
      "0": { "start": { "line": 1, "column": 0 }, "end": { "line": 1, "column": 33 } },
      "1": { "start": { "line": 2, "column": 0 }, "end": { "line": 2, "column": 26 } },
      "2": { "start": { "line": 3, "column": 0 }, "end": { "line": 3, "column": 92 } },
      "3": { "start": { "line": 4, "column": 0 }, "end": { "line": 4, "column": 26 } },
      "4": { "start": { "line": 5, "column": 0 }, "end": { "line": 5, "column": 0 } },
      "5": { "start": { "line": 6, "column": 0 }, "end": { "line": 6, "column": 35 } },
      "6": { "start": { "line": 7, "column": 0 }, "end": { "line": 7, "column": 50 } },
      "7": { "start": { "line": 8, "column": 0 }, "end": { "line": 8, "column": 48 } },
      "8": { "start": { "line": 9, "column": 0 }, "end": { "line": 9, "column": 0 } },
      "9": { "start": { "line": 10, "column": 0 }, "end": { "line": 10, "column": 10 } },
      "10": { "start": { "line": 11, "column": 0 }, "end": { "line": 11, "column": 58 } },
      "11": { "start": { "line": 12, "column": 0 }, "end": { "line": 12, "column": 70 } },
      "12": { "start": { "line": 13, "column": 0 }, "end": { "line": 13, "column": 48 } },
      "13": { "start": { "line": 14, "column": 0 }, "end": { "line": 14, "column": 15 } },
      "14": { "start": { "line": 15, "column": 0 }, "end": { "line": 15, "column": 10 } },
      "15": { "start": { "line": 16, "column": 0 }, "end": { "line": 16, "column": 4 } },
      "16": { "start": { "line": 17, "column": 0 }, "end": { "line": 17, "column": 3 } },
      "17": { "start": { "line": 18, "column": 0 }, "end": { "line": 18, "column": 0 } },
      "18": { "start": { "line": 19, "column": 0 }, "end": { "line": 19, "column": 24 } }
    },
    "s": {
      "0": 1,
      "1": 1,
      "2": 1,
      "3": 1,
      "4": 1,
      "5": 1,
      "6": 33,
      "7": 33,
      "8": 28,
      "9": 28,
      "10": 28,
      "11": 28,
      "12": 28,
      "13": 28,
      "14": 28,
      "15": 28,
      "16": 28,
      "17": 1,
      "18": 1
    },
    "branchMap": {
      "0": {
        "type": "branch",
        "line": 6,
        "loc": { "start": { "line": 6, "column": 28 }, "end": { "line": 17, "column": 3 } },
        "locations": [{ "start": { "line": 6, "column": 28 }, "end": { "line": 17, "column": 3 } }]
      },
      "1": {
        "type": "branch",
        "line": 8,
        "loc": { "start": { "line": 8, "column": 16 }, "end": { "line": 8, "column": 48 } },
        "locations": [{ "start": { "line": 8, "column": 16 }, "end": { "line": 8, "column": 48 } }]
      },
      "2": {
        "type": "branch",
        "line": 8,
        "loc": { "start": { "line": 8, "column": 46 }, "end": { "line": 17, "column": 3 } },
        "locations": [{ "start": { "line": 8, "column": 46 }, "end": { "line": 17, "column": 3 } }]
      },
      "3": {
        "type": "branch",
        "line": 12,
        "loc": { "start": { "line": 12, "column": 45 }, "end": { "line": 12, "column": 70 } },
        "locations": [
          { "start": { "line": 12, "column": 45 }, "end": { "line": 12, "column": 70 } }
        ]
      }
    },
    "b": { "0": [33], "1": [4], "2": [28], "3": [1] },
    "fnMap": {
      "0": {
        "name": "onClick",
        "decl": { "start": { "line": 12, "column": 45 }, "end": { "line": 12, "column": 70 } },
        "loc": { "start": { "line": 12, "column": 45 }, "end": { "line": 12, "column": 70 } },
        "line": 12
      }
    },
    "f": { "0": 1 }
  },
  "/Users/mariakaspur/Desktop/github/RSReact/src/scripts/components/CardPotion/CardPotion.tsx": {
    "path": "/Users/mariakaspur/Desktop/github/RSReact/src/scripts/components/CardPotion/CardPotion.tsx",
    "all": false,
    "statementMap": {
      "0": { "start": { "line": 1, "column": 0 }, "end": { "line": 1, "column": 49 } },
      "1": { "start": { "line": 2, "column": 0 }, "end": { "line": 2, "column": 27 } },
      "2": { "start": { "line": 3, "column": 0 }, "end": { "line": 3, "column": 18 } },
      "3": { "start": { "line": 4, "column": 0 }, "end": { "line": 4, "column": 19 } },
      "4": { "start": { "line": 5, "column": 0 }, "end": { "line": 5, "column": 1 } },
      "5": { "start": { "line": 6, "column": 0 }, "end": { "line": 6, "column": 109 } },
      "6": { "start": { "line": 7, "column": 0 }, "end": { "line": 7, "column": 43 } },
      "7": { "start": { "line": 8, "column": 0 }, "end": { "line": 8, "column": 0 } },
      "8": { "start": { "line": 9, "column": 0 }, "end": { "line": 9, "column": 58 } },
      "9": { "start": { "line": 10, "column": 0 }, "end": { "line": 10, "column": 33 } },
      "10": { "start": { "line": 11, "column": 0 }, "end": { "line": 11, "column": 62 } },
      "11": { "start": { "line": 12, "column": 0 }, "end": { "line": 12, "column": 0 } },
      "12": { "start": { "line": 13, "column": 0 }, "end": { "line": 13, "column": 10 } },
      "13": { "start": { "line": 14, "column": 0 }, "end": { "line": 14, "column": 71 } },
      "14": { "start": { "line": 15, "column": 0 }, "end": { "line": 15, "column": 40 } },
      "15": { "start": { "line": 16, "column": 0 }, "end": { "line": 16, "column": 78 } },
      "16": { "start": { "line": 17, "column": 0 }, "end": { "line": 17, "column": 12 } },
      "17": { "start": { "line": 18, "column": 0 }, "end": { "line": 18, "column": 48 } },
      "18": { "start": { "line": 19, "column": 0 }, "end": { "line": 19, "column": 43 } },
      "19": { "start": { "line": 20, "column": 0 }, "end": { "line": 20, "column": 43 } },
      "20": { "start": { "line": 21, "column": 0 }, "end": { "line": 21, "column": 89 } },
      "21": { "start": { "line": 22, "column": 0 }, "end": { "line": 22, "column": 56 } },
      "22": { "start": { "line": 23, "column": 0 }, "end": { "line": 23, "column": 16 } },
      "23": { "start": { "line": 24, "column": 0 }, "end": { "line": 24, "column": 13 } },
      "24": { "start": { "line": 25, "column": 0 }, "end": { "line": 25, "column": 12 } },
      "25": { "start": { "line": 26, "column": 0 }, "end": { "line": 26, "column": 10 } },
      "26": { "start": { "line": 27, "column": 0 }, "end": { "line": 27, "column": 12 } },
      "27": { "start": { "line": 28, "column": 0 }, "end": { "line": 28, "column": 10 } },
      "28": { "start": { "line": 29, "column": 0 }, "end": { "line": 29, "column": 4 } },
      "29": { "start": { "line": 30, "column": 0 }, "end": { "line": 30, "column": 1 } }
    },
    "s": {
      "0": 1,
      "1": 1,
      "2": 1,
      "3": 1,
      "4": 1,
      "5": 1,
      "6": 1,
      "7": 1,
      "8": 640,
      "9": 640,
      "10": 640,
      "11": 640,
      "12": 640,
      "13": 640,
      "14": 640,
      "15": 640,
      "16": 640,
      "17": 640,
      "18": 640,
      "19": 640,
      "20": 185,
      "21": 185,
      "22": 185,
      "23": 455,
      "24": 455,
      "25": 640,
      "26": 640,
      "27": 640,
      "28": 640,
      "29": 640
    },
    "branchMap": {
      "0": {
        "type": "branch",
        "line": 9,
        "loc": { "start": { "line": 9, "column": 0 }, "end": { "line": 30, "column": 1 } },
        "locations": [{ "start": { "line": 9, "column": 0 }, "end": { "line": 30, "column": 1 } }]
      },
      "1": {
        "type": "branch",
        "line": 11,
        "loc": { "start": { "line": 11, "column": 40 }, "end": { "line": 11, "column": 55 } },
        "locations": [
          { "start": { "line": 11, "column": 40 }, "end": { "line": 11, "column": 55 } }
        ]
      },
      "2": {
        "type": "branch",
        "line": 11,
        "loc": { "start": { "line": 11, "column": 46 }, "end": { "line": 11, "column": 62 } },
        "locations": [
          { "start": { "line": 11, "column": 46 }, "end": { "line": 11, "column": 62 } }
        ]
      },
      "3": {
        "type": "branch",
        "line": 14,
        "loc": { "start": { "line": 14, "column": 46 }, "end": { "line": 14, "column": 65 } },
        "locations": [
          { "start": { "line": 14, "column": 46 }, "end": { "line": 14, "column": 65 } }
        ]
      },
      "4": {
        "type": "branch",
        "line": 14,
        "loc": { "start": { "line": 14, "column": 55 }, "end": { "line": 14, "column": 67 } },
        "locations": [
          { "start": { "line": 14, "column": 55 }, "end": { "line": 14, "column": 67 } }
        ]
      },
      "5": {
        "type": "branch",
        "line": 16,
        "loc": { "start": { "line": 16, "column": 38 }, "end": { "line": 16, "column": 63 } },
        "locations": [
          { "start": { "line": 16, "column": 38 }, "end": { "line": 16, "column": 63 } }
        ]
      },
      "6": {
        "type": "branch",
        "line": 20,
        "loc": { "start": { "line": 20, "column": 29 }, "end": { "line": 23, "column": 16 } },
        "locations": [
          { "start": { "line": 20, "column": 29 }, "end": { "line": 23, "column": 16 } }
        ]
      },
      "7": {
        "type": "branch",
        "line": 23,
        "loc": { "start": { "line": 23, "column": 10 }, "end": { "line": 25, "column": 12 } },
        "locations": [
          { "start": { "line": 23, "column": 10 }, "end": { "line": 25, "column": 12 } }
        ]
      }
    },
    "b": {
      "0": [640],
      "1": [379],
      "2": [261],
      "3": [261],
      "4": [379],
      "5": [69],
      "6": [185],
      "7": [455]
    },
    "fnMap": {
      "0": {
        "name": "CardPotion",
        "decl": { "start": { "line": 9, "column": 0 }, "end": { "line": 30, "column": 1 } },
        "loc": { "start": { "line": 9, "column": 0 }, "end": { "line": 30, "column": 1 } },
        "line": 9
      }
    },
    "f": { "0": 640 }
  },
  "/Users/mariakaspur/Desktop/github/RSReact/src/scripts/components/Cards/Cards.tsx": {
    "path": "/Users/mariakaspur/Desktop/github/RSReact/src/scripts/components/Cards/Cards.tsx",
    "all": false,
    "statementMap": {
      "0": { "start": { "line": 1, "column": 0 }, "end": { "line": 1, "column": 22 } },
      "1": { "start": { "line": 2, "column": 0 }, "end": { "line": 2, "column": 50 } },
      "2": { "start": { "line": 3, "column": 0 }, "end": { "line": 3, "column": 56 } },
      "3": { "start": { "line": 4, "column": 0 }, "end": { "line": 4, "column": 49 } },
      "4": { "start": { "line": 5, "column": 0 }, "end": { "line": 5, "column": 51 } },
      "5": { "start": { "line": 6, "column": 0 }, "end": { "line": 6, "column": 47 } },
      "6": { "start": { "line": 7, "column": 0 }, "end": { "line": 7, "column": 0 } },
      "7": { "start": { "line": 8, "column": 0 }, "end": { "line": 8, "column": 33 } },
      "8": { "start": { "line": 9, "column": 0 }, "end": { "line": 9, "column": 87 } },
      "9": { "start": { "line": 10, "column": 0 }, "end": { "line": 10, "column": 0 } },
      "10": { "start": { "line": 11, "column": 0 }, "end": { "line": 11, "column": 33 } },
      "11": { "start": { "line": 12, "column": 0 }, "end": { "line": 12, "column": 62 } },
      "12": { "start": { "line": 13, "column": 0 }, "end": { "line": 13, "column": 0 } },
      "13": { "start": { "line": 14, "column": 0 }, "end": { "line": 14, "column": 26 } },
      "14": { "start": { "line": 15, "column": 0 }, "end": { "line": 15, "column": 53 } },
      "15": { "start": { "line": 16, "column": 0 }, "end": { "line": 16, "column": 16 } },
      "16": { "start": { "line": 17, "column": 0 }, "end": { "line": 17, "column": 8 } },
      "17": { "start": { "line": 18, "column": 0 }, "end": { "line": 18, "column": 4 } },
      "18": { "start": { "line": 19, "column": 0 }, "end": { "line": 19, "column": 0 } },
      "19": { "start": { "line": 20, "column": 0 }, "end": { "line": 20, "column": 18 } },
      "20": { "start": { "line": 21, "column": 0 }, "end": { "line": 21, "column": 26 } },
      "21": { "start": { "line": 22, "column": 0 }, "end": { "line": 22, "column": 67 } },
      "22": { "start": { "line": 23, "column": 0 }, "end": { "line": 23, "column": 38 } },
      "23": { "start": { "line": 24, "column": 0 }, "end": { "line": 24, "column": 18 } },
      "24": { "start": { "line": 25, "column": 0 }, "end": { "line": 25, "column": 35 } },
      "25": { "start": { "line": 26, "column": 0 }, "end": { "line": 26, "column": 36 } },
      "26": { "start": { "line": 27, "column": 0 }, "end": { "line": 27, "column": 35 } },
      "27": { "start": { "line": 28, "column": 0 }, "end": { "line": 28, "column": 28 } },
      "28": { "start": { "line": 29, "column": 0 }, "end": { "line": 29, "column": 33 } },
      "29": { "start": { "line": 30, "column": 0 }, "end": { "line": 30, "column": 11 } },
      "30": { "start": { "line": 31, "column": 0 }, "end": { "line": 31, "column": 40 } },
      "31": { "start": { "line": 32, "column": 0 }, "end": { "line": 32, "column": 20 } },
      "32": { "start": { "line": 33, "column": 0 }, "end": { "line": 33, "column": 11 } },
      "33": { "start": { "line": 34, "column": 0 }, "end": { "line": 34, "column": 12 } },
      "34": { "start": { "line": 35, "column": 0 }, "end": { "line": 35, "column": 9 } },
      "35": { "start": { "line": 36, "column": 0 }, "end": { "line": 36, "column": 20 } },
      "36": { "start": { "line": 37, "column": 0 }, "end": { "line": 37, "column": 6 } },
      "37": { "start": { "line": 38, "column": 0 }, "end": { "line": 38, "column": 0 } },
      "38": { "start": { "line": 39, "column": 0 }, "end": { "line": 39, "column": 53 } },
      "39": { "start": { "line": 40, "column": 0 }, "end": { "line": 40, "column": 1 } }
    },
    "s": {
      "0": 1,
      "1": 1,
      "2": 1,
      "3": 1,
      "4": 1,
      "5": 1,
      "6": 1,
      "7": 115,
      "8": 115,
      "9": 115,
      "10": 115,
      "11": 115,
      "12": 115,
      "13": 115,
      "14": 115,
      "15": 115,
      "16": 115,
      "17": 115,
      "18": 115,
      "19": 115,
      "20": 115,
      "21": 23,
      "22": 23,
      "23": 667,
      "24": 667,
      "25": 667,
      "26": 667,
      "27": 667,
      "28": 667,
      "29": 667,
      "30": 667,
      "31": 667,
      "32": 23,
      "33": 23,
      "34": 92,
      "35": 92,
      "36": 115,
      "37": 115,
      "38": 115,
      "39": 115
    },
    "branchMap": {
      "0": {
        "type": "branch",
        "line": 8,
        "loc": { "start": { "line": 8, "column": 0 }, "end": { "line": 40, "column": 1 } },
        "locations": [{ "start": { "line": 8, "column": 0 }, "end": { "line": 40, "column": 1 } }]
      },
      "1": {
        "type": "branch",
        "line": 12,
        "loc": { "start": { "line": 12, "column": 40 }, "end": { "line": 12, "column": 55 } },
        "locations": [
          { "start": { "line": 12, "column": 40 }, "end": { "line": 12, "column": 55 } }
        ]
      },
      "2": {
        "type": "branch",
        "line": 12,
        "loc": { "start": { "line": 12, "column": 46 }, "end": { "line": 12, "column": 62 } },
        "locations": [
          { "start": { "line": 12, "column": 46 }, "end": { "line": 12, "column": 62 } }
        ]
      },
      "3": {
        "type": "branch",
        "line": 21,
        "loc": { "start": { "line": 21, "column": 21 }, "end": { "line": 34, "column": 12 } },
        "locations": [
          { "start": { "line": 21, "column": 21 }, "end": { "line": 34, "column": 12 } }
        ]
      },
      "4": {
        "type": "branch",
        "line": 22,
        "loc": { "start": { "line": 22, "column": 43 }, "end": { "line": 22, "column": 61 } },
        "locations": [
          { "start": { "line": 22, "column": 43 }, "end": { "line": 22, "column": 61 } }
        ]
      },
      "5": {
        "type": "branch",
        "line": 22,
        "loc": { "start": { "line": 22, "column": 52 }, "end": { "line": 22, "column": 63 } },
        "locations": [
          { "start": { "line": 22, "column": 52 }, "end": { "line": 22, "column": 63 } }
        ]
      },
      "6": {
        "type": "branch",
        "line": 34,
        "loc": { "start": { "line": 34, "column": 6 }, "end": { "line": 36, "column": 20 } },
        "locations": [{ "start": { "line": 34, "column": 6 }, "end": { "line": 36, "column": 20 } }]
      },
      "7": {
        "type": "branch",
        "line": 39,
        "loc": { "start": { "line": 39, "column": 9 }, "end": { "line": 39, "column": 44 } },
        "locations": [{ "start": { "line": 39, "column": 9 }, "end": { "line": 39, "column": 44 } }]
      },
      "8": {
        "type": "branch",
        "line": 39,
        "loc": { "start": { "line": 39, "column": 39 }, "end": { "line": 39, "column": 53 } },
        "locations": [
          { "start": { "line": 39, "column": 39 }, "end": { "line": 39, "column": 53 } }
        ]
      },
      "9": {
        "type": "branch",
        "line": 9,
        "loc": { "start": { "line": 9, "column": 55 }, "end": { "line": 9, "column": 85 } },
        "locations": [{ "start": { "line": 9, "column": 55 }, "end": { "line": 9, "column": 85 } }]
      },
      "10": {
        "type": "branch",
        "line": 23,
        "loc": { "start": { "line": 23, "column": 21 }, "end": { "line": 32, "column": 20 } },
        "locations": [
          { "start": { "line": 23, "column": 21 }, "end": { "line": 32, "column": 20 } }
        ]
      }
    },
    "b": {
      "0": [115],
      "1": [100],
      "2": [15],
      "3": [23],
      "4": [9],
      "5": [14],
      "6": [92],
      "7": [81],
      "8": [34],
      "9": [407],
      "10": [667]
    },
    "fnMap": {
      "0": {
        "name": "Cards",
        "decl": { "start": { "line": 8, "column": 0 }, "end": { "line": 40, "column": 1 } },
        "loc": { "start": { "line": 8, "column": 0 }, "end": { "line": 40, "column": 1 } },
        "line": 8
      }
    },
    "f": { "0": 115 }
  },
  "/Users/mariakaspur/Desktop/github/RSReact/src/scripts/components/ErrorBoundary/ErrorBoundary.tsx": {
    "path": "/Users/mariakaspur/Desktop/github/RSReact/src/scripts/components/ErrorBoundary/ErrorBoundary.tsx",
    "all": false,
    "statementMap": {
      "0": { "start": { "line": 1, "column": 0 }, "end": { "line": 1, "column": 45 } },
      "1": { "start": { "line": 2, "column": 0 }, "end": { "line": 2, "column": 56 } },
      "2": { "start": { "line": 3, "column": 0 }, "end": { "line": 3, "column": 0 } },
      "3": { "start": { "line": 4, "column": 0 }, "end": { "line": 4, "column": 18 } },
      "4": { "start": { "line": 5, "column": 0 }, "end": { "line": 5, "column": 22 } },
      "5": { "start": { "line": 6, "column": 0 }, "end": { "line": 6, "column": 1 } },
      "6": { "start": { "line": 7, "column": 0 }, "end": { "line": 7, "column": 0 } },
      "7": { "start": { "line": 8, "column": 0 }, "end": { "line": 8, "column": 18 } },
      "8": { "start": { "line": 9, "column": 0 }, "end": { "line": 9, "column": 20 } },
      "9": { "start": { "line": 10, "column": 0 }, "end": { "line": 10, "column": 1 } },
      "10": { "start": { "line": 11, "column": 0 }, "end": { "line": 11, "column": 0 } },
      "11": { "start": { "line": 12, "column": 0 }, "end": { "line": 12, "column": 70 } },
      "12": { "start": { "line": 13, "column": 0 }, "end": { "line": 13, "column": 40 } },
      "13": { "start": { "line": 14, "column": 0 }, "end": { "line": 14, "column": 17 } },
      "14": { "start": { "line": 15, "column": 0 }, "end": { "line": 15, "column": 37 } },
      "15": { "start": { "line": 16, "column": 0 }, "end": { "line": 16, "column": 3 } },
      "16": { "start": { "line": 17, "column": 0 }, "end": { "line": 17, "column": 0 } },
      "17": { "start": { "line": 18, "column": 0 }, "end": { "line": 18, "column": 37 } },
      "18": { "start": { "line": 19, "column": 0 }, "end": { "line": 19, "column": 30 } },
      "19": { "start": { "line": 20, "column": 0 }, "end": { "line": 20, "column": 3 } },
      "20": { "start": { "line": 21, "column": 0 }, "end": { "line": 21, "column": 0 } },
      "21": { "start": { "line": 22, "column": 0 }, "end": { "line": 22, "column": 12 } },
      "22": { "start": { "line": 23, "column": 0 }, "end": { "line": 23, "column": 30 } },
      "23": { "start": { "line": 24, "column": 0 }, "end": { "line": 24, "column": 27 } },
      "24": { "start": { "line": 25, "column": 0 }, "end": { "line": 25, "column": 5 } },
      "25": { "start": { "line": 26, "column": 0 }, "end": { "line": 26, "column": 0 } },
      "26": { "start": { "line": 27, "column": 0 }, "end": { "line": 27, "column": 31 } },
      "27": { "start": { "line": 28, "column": 0 }, "end": { "line": 28, "column": 3 } },
      "28": { "start": { "line": 29, "column": 0 }, "end": { "line": 29, "column": 1 } }
    },
    "s": {
      "0": 1,
      "1": 1,
      "2": 1,
      "3": 1,
      "4": 1,
      "5": 1,
      "6": 1,
      "7": 1,
      "8": 1,
      "9": 1,
      "10": 1,
      "11": 1,
      "12": 1,
      "13": 3,
      "14": 3,
      "15": 3,
      "16": 1,
      "17": 1,
      "18": 2,
      "19": 2,
      "20": 1,
      "21": 1,
      "22": 4,
      "23": 2,
      "24": 2,
      "25": 2,
      "26": 2,
      "27": 4,
      "28": 1
    },
    "branchMap": {
      "0": {
        "type": "branch",
        "line": 13,
        "loc": { "start": { "line": 13, "column": 2 }, "end": { "line": 16, "column": 3 } },
        "locations": [{ "start": { "line": 13, "column": 2 }, "end": { "line": 16, "column": 3 } }]
      },
      "1": {
        "type": "branch",
        "line": 18,
        "loc": { "start": { "line": 18, "column": 9 }, "end": { "line": 20, "column": 3 } },
        "locations": [{ "start": { "line": 18, "column": 9 }, "end": { "line": 20, "column": 3 } }]
      },
      "2": {
        "type": "branch",
        "line": 22,
        "loc": { "start": { "line": 22, "column": 2 }, "end": { "line": 28, "column": 3 } },
        "locations": [{ "start": { "line": 22, "column": 2 }, "end": { "line": 28, "column": 3 } }]
      },
      "3": {
        "type": "branch",
        "line": 23,
        "loc": { "start": { "line": 23, "column": 29 }, "end": { "line": 27, "column": 31 } },
        "locations": [
          { "start": { "line": 23, "column": 29 }, "end": { "line": 27, "column": 31 } }
        ]
      }
    },
    "b": { "0": [3], "1": [2], "2": [4], "3": [2] },
    "fnMap": {
      "0": {
        "name": "ErrorBoundary",
        "decl": { "start": { "line": 13, "column": 2 }, "end": { "line": 16, "column": 3 } },
        "loc": { "start": { "line": 13, "column": 2 }, "end": { "line": 16, "column": 3 } },
        "line": 13
      },
      "1": {
        "name": "getDerivedStateFromError",
        "decl": { "start": { "line": 18, "column": 9 }, "end": { "line": 20, "column": 3 } },
        "loc": { "start": { "line": 18, "column": 9 }, "end": { "line": 20, "column": 3 } },
        "line": 18
      },
      "2": {
        "name": "render",
        "decl": { "start": { "line": 22, "column": 2 }, "end": { "line": 28, "column": 3 } },
        "loc": { "start": { "line": 22, "column": 2 }, "end": { "line": 28, "column": 3 } },
        "line": 22
      }
    },
    "f": { "0": 3, "1": 2, "2": 4 }
  },
  "/Users/mariakaspur/Desktop/github/RSReact/src/scripts/components/InputNumber/InputNumber.tsx": {
    "path": "/Users/mariakaspur/Desktop/github/RSReact/src/scripts/components/InputNumber/InputNumber.tsx",
    "all": false,
    "statementMap": {
      "0": { "start": { "line": 1, "column": 0 }, "end": { "line": 1, "column": 43 } },
      "1": { "start": { "line": 2, "column": 0 }, "end": { "line": 2, "column": 67 } },
      "2": { "start": { "line": 3, "column": 0 }, "end": { "line": 3, "column": 60 } },
      "3": { "start": { "line": 4, "column": 0 }, "end": { "line": 4, "column": 51 } },
      "4": { "start": { "line": 5, "column": 0 }, "end": { "line": 5, "column": 0 } },
      "5": { "start": { "line": 6, "column": 0 }, "end": { "line": 6, "column": 18 } },
      "6": { "start": { "line": 7, "column": 0 }, "end": { "line": 7, "column": 20 } },
      "7": { "start": { "line": 8, "column": 0 }, "end": { "line": 8, "column": 20 } },
      "8": { "start": { "line": 9, "column": 0 }, "end": { "line": 9, "column": 17 } },
      "9": { "start": { "line": 10, "column": 0 }, "end": { "line": 10, "column": 1 } },
      "10": { "start": { "line": 11, "column": 0 }, "end": { "line": 11, "column": 0 } },
      "11": { "start": { "line": 12, "column": 0 }, "end": { "line": 12, "column": 76 } },
      "12": { "start": { "line": 13, "column": 0 }, "end": { "line": 13, "column": 48 } },
      "13": { "start": { "line": 14, "column": 0 }, "end": { "line": 14, "column": 36 } },
      "14": { "start": { "line": 15, "column": 0 }, "end": { "line": 15, "column": 67 } },
      "15": { "start": { "line": 16, "column": 0 }, "end": { "line": 16, "column": 0 } },
      "16": { "start": { "line": 17, "column": 0 }, "end": { "line": 17, "column": 52 } },
      "17": { "start": { "line": 18, "column": 0 }, "end": { "line": 18, "column": 25 } },
      "18": { "start": { "line": 19, "column": 0 }, "end": { "line": 19, "column": 18 } },
      "19": { "start": { "line": 20, "column": 0 }, "end": { "line": 20, "column": 15 } },
      "20": { "start": { "line": 21, "column": 0 }, "end": { "line": 21, "column": 32 } },
      "21": { "start": { "line": 22, "column": 0 }, "end": { "line": 22, "column": 14 } },
      "22": { "start": { "line": 23, "column": 0 }, "end": { "line": 23, "column": 15 } },
      "23": { "start": { "line": 24, "column": 0 }, "end": { "line": 24, "column": 32 } },
      "24": { "start": { "line": 25, "column": 0 }, "end": { "line": 25, "column": 14 } },
      "25": { "start": { "line": 26, "column": 0 }, "end": { "line": 26, "column": 14 } },
      "26": { "start": { "line": 27, "column": 0 }, "end": { "line": 27, "column": 14 } },
      "27": { "start": { "line": 28, "column": 0 }, "end": { "line": 28, "column": 5 } },
      "28": { "start": { "line": 29, "column": 0 }, "end": { "line": 29, "column": 34 } },
      "29": { "start": { "line": 30, "column": 0 }, "end": { "line": 30, "column": 21 } },
      "30": { "start": { "line": 31, "column": 0 }, "end": { "line": 31, "column": 5 } },
      "31": { "start": { "line": 32, "column": 0 }, "end": { "line": 32, "column": 0 } },
      "32": { "start": { "line": 33, "column": 0 }, "end": { "line": 33, "column": 57 } },
      "33": { "start": { "line": 34, "column": 0 }, "end": { "line": 34, "column": 33 } },
      "34": { "start": { "line": 35, "column": 0 }, "end": { "line": 35, "column": 4 } },
      "35": { "start": { "line": 36, "column": 0 }, "end": { "line": 36, "column": 0 } },
      "36": { "start": { "line": 37, "column": 0 }, "end": { "line": 37, "column": 10 } },
      "37": { "start": { "line": 38, "column": 0 }, "end": { "line": 38, "column": 56 } },
      "38": { "start": { "line": 39, "column": 0 }, "end": { "line": 39, "column": 57 } },
      "39": { "start": { "line": 40, "column": 0 }, "end": { "line": 40, "column": 32 } },
      "40": { "start": { "line": 41, "column": 0 }, "end": { "line": 41, "column": 15 } },
      "41": { "start": { "line": 42, "column": 0 }, "end": { "line": 42, "column": 89 } },
      "42": { "start": { "line": 43, "column": 0 }, "end": { "line": 43, "column": 23 } },
      "43": { "start": { "line": 44, "column": 0 }, "end": { "line": 44, "column": 42 } },
      "44": { "start": { "line": 45, "column": 0 }, "end": { "line": 45, "column": 42 } },
      "45": { "start": { "line": 46, "column": 0 }, "end": { "line": 46, "column": 9 } },
      "46": { "start": { "line": 47, "column": 0 }, "end": { "line": 47, "column": 11 } },
      "47": { "start": { "line": 48, "column": 0 }, "end": { "line": 48, "column": 17 } },
      "48": { "start": { "line": 49, "column": 0 }, "end": { "line": 49, "column": 14 } },
      "49": { "start": { "line": 50, "column": 0 }, "end": { "line": 50, "column": 34 } },
      "50": { "start": { "line": 51, "column": 0 }, "end": { "line": 51, "column": 23 } },
      "51": { "start": { "line": 52, "column": 0 }, "end": { "line": 52, "column": 24 } },
      "52": { "start": { "line": 53, "column": 0 }, "end": { "line": 53, "column": 27 } },
      "53": { "start": { "line": 54, "column": 0 }, "end": { "line": 54, "column": 24 } },
      "54": { "start": { "line": 55, "column": 0 }, "end": { "line": 55, "column": 25 } },
      "55": { "start": { "line": 56, "column": 0 }, "end": { "line": 56, "column": 23 } },
      "56": { "start": { "line": 57, "column": 0 }, "end": { "line": 57, "column": 28 } },
      "57": { "start": { "line": 58, "column": 0 }, "end": { "line": 58, "column": 41 } },
      "58": { "start": { "line": 59, "column": 0 }, "end": { "line": 59, "column": 12 } },
      "59": { "start": { "line": 60, "column": 0 }, "end": { "line": 60, "column": 10 } },
      "60": { "start": { "line": 61, "column": 0 }, "end": { "line": 61, "column": 15 } },
      "61": { "start": { "line": 62, "column": 0 }, "end": { "line": 62, "column": 83 } },
      "62": { "start": { "line": 63, "column": 0 }, "end": { "line": 63, "column": 42 } },
      "63": { "start": { "line": 64, "column": 0 }, "end": { "line": 64, "column": 23 } },
      "64": { "start": { "line": 65, "column": 0 }, "end": { "line": 65, "column": 42 } },
      "65": { "start": { "line": 66, "column": 0 }, "end": { "line": 66, "column": 9 } },
      "66": { "start": { "line": 67, "column": 0 }, "end": { "line": 67, "column": 11 } },
      "67": { "start": { "line": 68, "column": 0 }, "end": { "line": 68, "column": 17 } },
      "68": { "start": { "line": 69, "column": 0 }, "end": { "line": 69, "column": 12 } },
      "69": { "start": { "line": 70, "column": 0 }, "end": { "line": 70, "column": 10 } },
      "70": { "start": { "line": 71, "column": 0 }, "end": { "line": 71, "column": 4 } },
      "71": { "start": { "line": 72, "column": 0 }, "end": { "line": 72, "column": 1 } }
    },
    "s": {
      "0": 1,
      "1": 1,
      "2": 1,
      "3": 1,
      "4": 1,
      "5": 1,
      "6": 1,
      "7": 1,
      "8": 1,
      "9": 1,
      "10": 1,
      "11": 115,
      "12": 115,
      "13": 115,
      "14": 115,
      "15": 115,
      "16": 115,
      "17": 3,
      "18": 3,
      "19": 3,
      "20": 1,
      "21": 1,
      "22": 3,
      "23": 1,
      "24": 1,
      "25": 3,
      "26": 1,
      "27": 3,
      "28": 3,
      "29": 1,
      "30": 1,
      "31": 3,
      "32": 3,
      "33": 3,
      "34": 3,
      "35": 115,
      "36": 115,
      "37": 115,
      "38": 115,
      "39": 115,
      "40": 115,
      "41": 115,
      "42": 115,
      "43": 115,
      "44": 115,
      "45": 115,
      "46": 115,
      "47": 115,
      "48": 115,
      "49": 115,
      "50": 115,
      "51": 115,
      "52": 115,
      "53": 115,
      "54": 115,
      "55": 115,
      "56": 115,
      "57": 1,
      "58": 1,
      "59": 115,
      "60": 115,
      "61": 115,
      "62": 115,
      "63": 115,
      "64": 115,
      "65": 115,
      "66": 115,
      "67": 115,
      "68": 115,
      "69": 115,
      "70": 115,
      "71": 115
    },
    "branchMap": {
      "0": {
        "type": "branch",
        "line": 12,
        "loc": { "start": { "line": 12, "column": 0 }, "end": { "line": 72, "column": 1 } },
        "locations": [{ "start": { "line": 12, "column": 0 }, "end": { "line": 72, "column": 1 } }]
      },
      "1": {
        "type": "branch",
        "line": 39,
        "loc": { "start": { "line": 39, "column": 46 }, "end": { "line": 39, "column": 57 } },
        "locations": [
          { "start": { "line": 39, "column": 46 }, "end": { "line": 39, "column": 57 } }
        ]
      },
      "2": {
        "type": "branch",
        "line": 42,
        "loc": { "start": { "line": 42, "column": 55 }, "end": { "line": 42, "column": 84 } },
        "locations": [
          { "start": { "line": 42, "column": 55 }, "end": { "line": 42, "column": 84 } }
        ]
      },
      "3": {
        "type": "branch",
        "line": 42,
        "loc": { "start": { "line": 42, "column": 79 }, "end": { "line": 42, "column": 86 } },
        "locations": [
          { "start": { "line": 42, "column": 79 }, "end": { "line": 42, "column": 86 } }
        ]
      },
      "4": {
        "type": "branch",
        "line": 62,
        "loc": { "start": { "line": 62, "column": 54 }, "end": { "line": 62, "column": 78 } },
        "locations": [
          { "start": { "line": 62, "column": 54 }, "end": { "line": 62, "column": 78 } }
        ]
      },
      "5": {
        "type": "branch",
        "line": 15,
        "loc": { "start": { "line": 15, "column": 35 }, "end": { "line": 15, "column": 65 } },
        "locations": [
          { "start": { "line": 15, "column": 35 }, "end": { "line": 15, "column": 65 } }
        ]
      },
      "6": {
        "type": "branch",
        "line": 17,
        "loc": { "start": { "line": 17, "column": 22 }, "end": { "line": 35, "column": 4 } },
        "locations": [{ "start": { "line": 17, "column": 22 }, "end": { "line": 35, "column": 4 } }]
      },
      "7": {
        "type": "branch",
        "line": 20,
        "loc": { "start": { "line": 20, "column": 6 }, "end": { "line": 22, "column": 14 } },
        "locations": [{ "start": { "line": 20, "column": 6 }, "end": { "line": 22, "column": 14 } }]
      },
      "8": {
        "type": "branch",
        "line": 23,
        "loc": { "start": { "line": 23, "column": 6 }, "end": { "line": 25, "column": 14 } },
        "locations": [{ "start": { "line": 23, "column": 6 }, "end": { "line": 25, "column": 14 } }]
      },
      "9": {
        "type": "branch",
        "line": 26,
        "loc": { "start": { "line": 26, "column": 6 }, "end": { "line": 27, "column": 14 } },
        "locations": [{ "start": { "line": 26, "column": 6 }, "end": { "line": 27, "column": 14 } }]
      },
      "10": {
        "type": "branch",
        "line": 29,
        "loc": { "start": { "line": 29, "column": 33 }, "end": { "line": 31, "column": 5 } },
        "locations": [{ "start": { "line": 29, "column": 33 }, "end": { "line": 31, "column": 5 } }]
      },
      "11": {
        "type": "branch",
        "line": 44,
        "loc": { "start": { "line": 44, "column": 19 }, "end": { "line": 44, "column": 42 } },
        "locations": [
          { "start": { "line": 44, "column": 19 }, "end": { "line": 44, "column": 42 } }
        ]
      },
      "12": {
        "type": "branch",
        "line": 57,
        "loc": { "start": { "line": 57, "column": 20 }, "end": { "line": 59, "column": 12 } },
        "locations": [
          { "start": { "line": 57, "column": 20 }, "end": { "line": 59, "column": 12 } }
        ]
      },
      "13": {
        "type": "branch",
        "line": 65,
        "loc": { "start": { "line": 65, "column": 19 }, "end": { "line": 65, "column": 42 } },
        "locations": [
          { "start": { "line": 65, "column": 19 }, "end": { "line": 65, "column": 42 } }
        ]
      }
    },
    "b": {
      "0": [115],
      "1": [0],
      "2": [2],
      "3": [113],
      "4": [0],
      "5": [407],
      "6": [3],
      "7": [1],
      "8": [1],
      "9": [1],
      "10": [1],
      "11": [1],
      "12": [1],
      "13": [1]
    },
    "fnMap": {
      "0": {
        "name": "InputNumber",
        "decl": { "start": { "line": 12, "column": 0 }, "end": { "line": 72, "column": 1 } },
        "loc": { "start": { "line": 12, "column": 0 }, "end": { "line": 72, "column": 1 } },
        "line": 12
      },
      "1": {
        "name": "hundleClick",
        "decl": { "start": { "line": 17, "column": 22 }, "end": { "line": 35, "column": 4 } },
        "loc": { "start": { "line": 17, "column": 22 }, "end": { "line": 35, "column": 4 } },
        "line": 17
      },
      "2": {
        "name": "onClick",
        "decl": { "start": { "line": 44, "column": 19 }, "end": { "line": 44, "column": 42 } },
        "loc": { "start": { "line": 44, "column": 19 }, "end": { "line": 44, "column": 42 } },
        "line": 44
      },
      "3": {
        "name": "onChange",
        "decl": { "start": { "line": 57, "column": 20 }, "end": { "line": 59, "column": 12 } },
        "loc": { "start": { "line": 57, "column": 20 }, "end": { "line": 59, "column": 12 } },
        "line": 57
      },
      "4": {
        "name": "onClick",
        "decl": { "start": { "line": 65, "column": 19 }, "end": { "line": 65, "column": 42 } },
        "loc": { "start": { "line": 65, "column": 19 }, "end": { "line": 65, "column": 42 } },
        "line": 65
      }
    },
    "f": { "0": 115, "1": 3, "2": 1, "3": 1, "4": 1 }
  },
  "/Users/mariakaspur/Desktop/github/RSReact/src/scripts/components/Pagination/Pagination.tsx": {
    "path": "/Users/mariakaspur/Desktop/github/RSReact/src/scripts/components/Pagination/Pagination.tsx",
    "all": false,
    "statementMap": {
      "0": { "start": { "line": 1, "column": 0 }, "end": { "line": 1, "column": 27 } },
      "1": { "start": { "line": 2, "column": 0 }, "end": { "line": 2, "column": 54 } },
      "2": { "start": { "line": 3, "column": 0 }, "end": { "line": 3, "column": 59 } },
      "3": { "start": { "line": 4, "column": 0 }, "end": { "line": 4, "column": 67 } },
      "4": { "start": { "line": 5, "column": 0 }, "end": { "line": 5, "column": 51 } },
      "5": { "start": { "line": 6, "column": 0 }, "end": { "line": 6, "column": 0 } },
      "6": { "start": { "line": 7, "column": 0 }, "end": { "line": 7, "column": 26 } },
      "7": { "start": { "line": 8, "column": 0 }, "end": { "line": 8, "column": 36 } },
      "8": { "start": { "line": 9, "column": 0 }, "end": { "line": 9, "column": 98 } },
      "9": { "start": { "line": 10, "column": 0 }, "end": { "line": 10, "column": 48 } },
      "10": { "start": { "line": 11, "column": 0 }, "end": { "line": 11, "column": 0 } },
      "11": { "start": { "line": 12, "column": 0 }, "end": { "line": 12, "column": 77 } },
      "12": { "start": { "line": 13, "column": 0 }, "end": { "line": 13, "column": 27 } },
      "13": { "start": { "line": 14, "column": 0 }, "end": { "line": 14, "column": 18 } },
      "14": { "start": { "line": 15, "column": 0 }, "end": { "line": 15, "column": 19 } },
      "15": { "start": { "line": 16, "column": 0 }, "end": { "line": 16, "column": 24 } },
      "16": { "start": { "line": 17, "column": 0 }, "end": { "line": 17, "column": 14 } },
      "17": { "start": { "line": 18, "column": 0 }, "end": { "line": 18, "column": 18 } },
      "18": { "start": { "line": 19, "column": 0 }, "end": { "line": 19, "column": 31 } },
      "19": { "start": { "line": 20, "column": 0 }, "end": { "line": 20, "column": 14 } },
      "20": { "start": { "line": 21, "column": 0 }, "end": { "line": 21, "column": 18 } },
      "21": { "start": { "line": 22, "column": 0 }, "end": { "line": 22, "column": 31 } },
      "22": { "start": { "line": 23, "column": 0 }, "end": { "line": 23, "column": 14 } },
      "23": { "start": { "line": 24, "column": 0 }, "end": { "line": 24, "column": 17 } },
      "24": { "start": { "line": 25, "column": 0 }, "end": { "line": 25, "column": 28 } },
      "25": { "start": { "line": 26, "column": 0 }, "end": { "line": 26, "column": 14 } },
      "26": { "start": { "line": 27, "column": 0 }, "end": { "line": 27, "column": 5 } },
      "27": { "start": { "line": 28, "column": 0 }, "end": { "line": 28, "column": 67 } },
      "28": { "start": { "line": 29, "column": 0 }, "end": { "line": 29, "column": 35 } },
      "29": { "start": { "line": 30, "column": 0 }, "end": { "line": 30, "column": 4 } },
      "30": { "start": { "line": 31, "column": 0 }, "end": { "line": 31, "column": 0 } },
      "31": { "start": { "line": 32, "column": 0 }, "end": { "line": 32, "column": 10 } },
      "32": { "start": { "line": 33, "column": 0 }, "end": { "line": 33, "column": 78 } },
      "33": { "start": { "line": 34, "column": 0 }, "end": { "line": 34, "column": 10 } },
      "34": { "start": { "line": 35, "column": 0 }, "end": { "line": 35, "column": 86 } },
      "35": { "start": { "line": 36, "column": 0 }, "end": { "line": 36, "column": 54 } },
      "36": { "start": { "line": 37, "column": 0 }, "end": { "line": 37, "column": 37 } },
      "37": { "start": { "line": 38, "column": 0 }, "end": { "line": 38, "column": 7 } },
      "38": { "start": { "line": 39, "column": 0 }, "end": { "line": 39, "column": 21 } },
      "39": { "start": { "line": 40, "column": 0 }, "end": { "line": 40, "column": 12 } },
      "40": { "start": { "line": 41, "column": 0 }, "end": { "line": 41, "column": 10 } },
      "41": { "start": { "line": 42, "column": 0 }, "end": { "line": 42, "column": 85 } },
      "42": { "start": { "line": 43, "column": 0 }, "end": { "line": 43, "column": 53 } },
      "43": { "start": { "line": 44, "column": 0 }, "end": { "line": 44, "column": 36 } },
      "44": { "start": { "line": 45, "column": 0 }, "end": { "line": 45, "column": 7 } },
      "45": { "start": { "line": 46, "column": 0 }, "end": { "line": 46, "column": 15 } },
      "46": { "start": { "line": 47, "column": 0 }, "end": { "line": 47, "column": 12 } },
      "47": { "start": { "line": 48, "column": 0 }, "end": { "line": 48, "column": 84 } },
      "48": { "start": { "line": 49, "column": 0 }, "end": { "line": 49, "column": 14 } },
      "49": { "start": { "line": 50, "column": 0 }, "end": { "line": 50, "column": 12 } },
      "50": { "start": { "line": 51, "column": 0 }, "end": { "line": 51, "column": 10 } },
      "51": { "start": { "line": 52, "column": 0 }, "end": { "line": 52, "column": 90 } },
      "52": { "start": { "line": 53, "column": 0 }, "end": { "line": 53, "column": 53 } },
      "53": { "start": { "line": 54, "column": 0 }, "end": { "line": 54, "column": 36 } },
      "54": { "start": { "line": 55, "column": 0 }, "end": { "line": 55, "column": 7 } },
      "55": { "start": { "line": 56, "column": 0 }, "end": { "line": 56, "column": 15 } },
      "56": { "start": { "line": 57, "column": 0 }, "end": { "line": 57, "column": 12 } },
      "57": { "start": { "line": 58, "column": 0 }, "end": { "line": 58, "column": 10 } },
      "58": { "start": { "line": 59, "column": 0 }, "end": { "line": 59, "column": 89 } },
      "59": { "start": { "line": 60, "column": 0 }, "end": { "line": 60, "column": 52 } },
      "60": { "start": { "line": 61, "column": 0 }, "end": { "line": 61, "column": 35 } },
      "61": { "start": { "line": 62, "column": 0 }, "end": { "line": 62, "column": 7 } },
      "62": { "start": { "line": 63, "column": 0 }, "end": { "line": 63, "column": 21 } },
      "63": { "start": { "line": 64, "column": 0 }, "end": { "line": 64, "column": 12 } },
      "64": { "start": { "line": 65, "column": 0 }, "end": { "line": 65, "column": 10 } },
      "65": { "start": { "line": 66, "column": 0 }, "end": { "line": 66, "column": 4 } },
      "66": { "start": { "line": 67, "column": 0 }, "end": { "line": 67, "column": 2 } },
      "67": { "start": { "line": 68, "column": 0 }, "end": { "line": 68, "column": 0 } },
      "68": { "start": { "line": 69, "column": 0 }, "end": { "line": 69, "column": 26 } }
    },
    "s": {
      "0": 1,
      "1": 1,
      "2": 1,
      "3": 1,
      "4": 1,
      "5": 1,
      "6": 1,
      "7": 115,
      "8": 115,
      "9": 115,
      "10": 115,
      "11": 115,
      "12": 10,
      "13": 10,
      "14": 10,
      "15": 1,
      "16": 1,
      "17": 10,
      "18": 1,
      "19": 1,
      "20": 10,
      "21": 1,
      "22": 1,
      "23": 10,
      "24": 7,
      "25": 7,
      "26": 10,
      "27": 10,
      "28": 10,
      "29": 10,
      "30": 115,
      "31": 115,
      "32": 115,
      "33": 115,
      "34": 115,
      "35": 115,
      "36": 115,
      "37": 115,
      "38": 115,
      "39": 115,
      "40": 115,
      "41": 115,
      "42": 115,
      "43": 115,
      "44": 115,
      "45": 115,
      "46": 115,
      "47": 115,
      "48": 115,
      "49": 115,
      "50": 115,
      "51": 115,
      "52": 115,
      "53": 115,
      "54": 115,
      "55": 115,
      "56": 115,
      "57": 115,
      "58": 115,
      "59": 115,
      "60": 115,
      "61": 115,
      "62": 115,
      "63": 115,
      "64": 115,
      "65": 115,
      "66": 115,
      "67": 1,
      "68": 1
    },
    "branchMap": {
      "0": {
        "type": "branch",
        "line": 7,
        "loc": { "start": { "line": 7, "column": 19 }, "end": { "line": 67, "column": 2 } },
        "locations": [{ "start": { "line": 7, "column": 19 }, "end": { "line": 67, "column": 2 } }]
      },
      "1": {
        "type": "branch",
        "line": 33,
        "loc": { "start": { "line": 33, "column": 50 }, "end": { "line": 33, "column": 73 } },
        "locations": [
          { "start": { "line": 33, "column": 50 }, "end": { "line": 33, "column": 73 } }
        ]
      },
      "2": {
        "type": "branch",
        "line": 33,
        "loc": { "start": { "line": 33, "column": 69 }, "end": { "line": 33, "column": 75 } },
        "locations": [
          { "start": { "line": 33, "column": 69 }, "end": { "line": 33, "column": 75 } }
        ]
      },
      "3": {
        "type": "branch",
        "line": 35,
        "loc": { "start": { "line": 35, "column": 64 }, "end": { "line": 35, "column": 81 } },
        "locations": [
          { "start": { "line": 35, "column": 64 }, "end": { "line": 35, "column": 81 } }
        ]
      },
      "4": {
        "type": "branch",
        "line": 35,
        "loc": { "start": { "line": 35, "column": 68 }, "end": { "line": 35, "column": 83 } },
        "locations": [
          { "start": { "line": 35, "column": 68 }, "end": { "line": 35, "column": 83 } }
        ]
      },
      "5": {
        "type": "branch",
        "line": 42,
        "loc": { "start": { "line": 42, "column": 63 }, "end": { "line": 42, "column": 80 } },
        "locations": [
          { "start": { "line": 42, "column": 63 }, "end": { "line": 42, "column": 80 } }
        ]
      },
      "6": {
        "type": "branch",
        "line": 42,
        "loc": { "start": { "line": 42, "column": 67 }, "end": { "line": 42, "column": 82 } },
        "locations": [
          { "start": { "line": 42, "column": 67 }, "end": { "line": 42, "column": 82 } }
        ]
      },
      "7": {
        "type": "branch",
        "line": 52,
        "loc": { "start": { "line": 52, "column": 65 }, "end": { "line": 52, "column": 85 } },
        "locations": [
          { "start": { "line": 52, "column": 65 }, "end": { "line": 52, "column": 85 } }
        ]
      },
      "8": {
        "type": "branch",
        "line": 52,
        "loc": { "start": { "line": 52, "column": 72 }, "end": { "line": 52, "column": 87 } },
        "locations": [
          { "start": { "line": 52, "column": 72 }, "end": { "line": 52, "column": 87 } }
        ]
      },
      "9": {
        "type": "branch",
        "line": 59,
        "loc": { "start": { "line": 59, "column": 64 }, "end": { "line": 59, "column": 84 } },
        "locations": [
          { "start": { "line": 59, "column": 64 }, "end": { "line": 59, "column": 84 } }
        ]
      },
      "10": {
        "type": "branch",
        "line": 59,
        "loc": { "start": { "line": 59, "column": 71 }, "end": { "line": 59, "column": 86 } },
        "locations": [
          { "start": { "line": 59, "column": 71 }, "end": { "line": 59, "column": 86 } }
        ]
      },
      "11": {
        "type": "branch",
        "line": 9,
        "loc": { "start": { "line": 9, "column": 66 }, "end": { "line": 9, "column": 96 } },
        "locations": [{ "start": { "line": 9, "column": 66 }, "end": { "line": 9, "column": 96 } }]
      },
      "12": {
        "type": "branch",
        "line": 12,
        "loc": { "start": { "line": 12, "column": 32 }, "end": { "line": 30, "column": 4 } },
        "locations": [{ "start": { "line": 12, "column": 32 }, "end": { "line": 30, "column": 4 } }]
      },
      "13": {
        "type": "branch",
        "line": 15,
        "loc": { "start": { "line": 15, "column": 6 }, "end": { "line": 17, "column": 14 } },
        "locations": [{ "start": { "line": 15, "column": 6 }, "end": { "line": 17, "column": 14 } }]
      },
      "14": {
        "type": "branch",
        "line": 18,
        "loc": { "start": { "line": 18, "column": 6 }, "end": { "line": 20, "column": 14 } },
        "locations": [{ "start": { "line": 18, "column": 6 }, "end": { "line": 20, "column": 14 } }]
      },
      "15": {
        "type": "branch",
        "line": 21,
        "loc": { "start": { "line": 21, "column": 6 }, "end": { "line": 23, "column": 14 } },
        "locations": [{ "start": { "line": 21, "column": 6 }, "end": { "line": 23, "column": 14 } }]
      },
      "16": {
        "type": "branch",
        "line": 24,
        "loc": { "start": { "line": 24, "column": 6 }, "end": { "line": 26, "column": 14 } },
        "locations": [{ "start": { "line": 24, "column": 6 }, "end": { "line": 26, "column": 14 } }]
      },
      "17": {
        "type": "branch",
        "line": 36,
        "loc": { "start": { "line": 36, "column": 17 }, "end": { "line": 36, "column": 54 } },
        "locations": [
          { "start": { "line": 36, "column": 17 }, "end": { "line": 36, "column": 54 } }
        ]
      },
      "18": {
        "type": "branch",
        "line": 43,
        "loc": { "start": { "line": 43, "column": 17 }, "end": { "line": 43, "column": 53 } },
        "locations": [
          { "start": { "line": 43, "column": 17 }, "end": { "line": 43, "column": 53 } }
        ]
      },
      "19": {
        "type": "branch",
        "line": 53,
        "loc": { "start": { "line": 53, "column": 17 }, "end": { "line": 53, "column": 53 } },
        "locations": [
          { "start": { "line": 53, "column": 17 }, "end": { "line": 53, "column": 53 } }
        ]
      },
      "20": {
        "type": "branch",
        "line": 60,
        "loc": { "start": { "line": 60, "column": 17 }, "end": { "line": 60, "column": 52 } },
        "locations": [
          { "start": { "line": 60, "column": 17 }, "end": { "line": 60, "column": 52 } }
        ]
      }
    },
    "b": {
      "0": [115],
      "1": [81],
      "2": [34],
      "3": [39],
      "4": [76],
      "5": [39],
      "6": [76],
      "7": [40],
      "8": [75],
      "9": [40],
      "10": [75],
      "11": [407],
      "12": [10],
      "13": [1],
      "14": [1],
      "15": [1],
      "16": [7],
      "17": [1],
      "18": [1],
      "19": [1],
      "20": [7]
    },
    "fnMap": {
      "0": {
        "name": "Pagination",
        "decl": { "start": { "line": 7, "column": 19 }, "end": { "line": 67, "column": 2 } },
        "loc": { "start": { "line": 7, "column": 19 }, "end": { "line": 67, "column": 2 } },
        "line": 7
      },
      "1": {
        "name": "handlePaginationClick",
        "decl": { "start": { "line": 12, "column": 32 }, "end": { "line": 30, "column": 4 } },
        "loc": { "start": { "line": 12, "column": 32 }, "end": { "line": 30, "column": 4 } },
        "line": 12
      },
      "2": {
        "name": "onClick",
        "decl": { "start": { "line": 36, "column": 17 }, "end": { "line": 36, "column": 54 } },
        "loc": { "start": { "line": 36, "column": 17 }, "end": { "line": 36, "column": 54 } },
        "line": 36
      },
      "3": {
        "name": "onClick",
        "decl": { "start": { "line": 43, "column": 17 }, "end": { "line": 43, "column": 53 } },
        "loc": { "start": { "line": 43, "column": 17 }, "end": { "line": 43, "column": 53 } },
        "line": 43
      },
      "4": {
        "name": "onClick",
        "decl": { "start": { "line": 53, "column": 17 }, "end": { "line": 53, "column": 53 } },
        "loc": { "start": { "line": 53, "column": 17 }, "end": { "line": 53, "column": 53 } },
        "line": 53
      },
      "5": {
        "name": "onClick",
        "decl": { "start": { "line": 60, "column": 17 }, "end": { "line": 60, "column": 52 } },
        "loc": { "start": { "line": 60, "column": 17 }, "end": { "line": 60, "column": 52 } },
        "line": 60
      }
    },
    "f": { "0": 115, "1": 10, "2": 1, "3": 1, "4": 1, "5": 7 }
  },
  "/Users/mariakaspur/Desktop/github/RSReact/src/scripts/components/Pagination/data/arrowsIco.tsx": {
    "path": "/Users/mariakaspur/Desktop/github/RSReact/src/scripts/components/Pagination/data/arrowsIco.tsx",
    "all": false,
    "statementMap": {
      "0": { "start": { "line": 1, "column": 0 }, "end": { "line": 1, "column": 22 } },
      "1": { "start": { "line": 2, "column": 0 }, "end": { "line": 2, "column": 62 } },
      "2": { "start": { "line": 3, "column": 0 }, "end": { "line": 3, "column": 9 } },
      "3": { "start": { "line": 4, "column": 0 }, "end": { "line": 4, "column": 132 } },
      "4": { "start": { "line": 5, "column": 0 }, "end": { "line": 5, "column": 25 } },
      "5": { "start": { "line": 6, "column": 0 }, "end": { "line": 6, "column": 35 } },
      "6": { "start": { "line": 7, "column": 0 }, "end": { "line": 7, "column": 29 } },
      "7": { "start": { "line": 8, "column": 0 }, "end": { "line": 8, "column": 12 } },
      "8": { "start": { "line": 9, "column": 0 }, "end": { "line": 9, "column": 47 } },
      "9": { "start": { "line": 10, "column": 0 }, "end": { "line": 10, "column": 8 } },
      "10": { "start": { "line": 11, "column": 0 }, "end": { "line": 11, "column": 2 } },
      "11": { "start": { "line": 12, "column": 0 }, "end": { "line": 12, "column": 0 } },
      "12": { "start": { "line": 13, "column": 0 }, "end": { "line": 13, "column": 28 } },
      "13": { "start": { "line": 14, "column": 0 }, "end": { "line": 14, "column": 62 } },
      "14": { "start": { "line": 15, "column": 0 }, "end": { "line": 15, "column": 27 } },
      "15": { "start": { "line": 16, "column": 0 }, "end": { "line": 16, "column": 11 } },
      "16": { "start": { "line": 17, "column": 0 }, "end": { "line": 17, "column": 136 } },
      "17": { "start": { "line": 18, "column": 0 }, "end": { "line": 18, "column": 37 } },
      "18": { "start": { "line": 19, "column": 0 }, "end": { "line": 19, "column": 31 } },
      "19": { "start": { "line": 20, "column": 0 }, "end": { "line": 20, "column": 14 } },
      "20": { "start": { "line": 21, "column": 0 }, "end": { "line": 21, "column": 11 } },
      "21": { "start": { "line": 22, "column": 0 }, "end": { "line": 22, "column": 137 } },
      "22": { "start": { "line": 23, "column": 0 }, "end": { "line": 23, "column": 37 } },
      "23": { "start": { "line": 24, "column": 0 }, "end": { "line": 24, "column": 31 } },
      "24": { "start": { "line": 25, "column": 0 }, "end": { "line": 25, "column": 14 } },
      "25": { "start": { "line": 26, "column": 0 }, "end": { "line": 26, "column": 8 } },
      "26": { "start": { "line": 27, "column": 0 }, "end": { "line": 27, "column": 8 } },
      "27": { "start": { "line": 28, "column": 0 }, "end": { "line": 28, "column": 2 } }
    },
    "s": {
      "0": 1,
      "1": 1,
      "2": 1,
      "3": 1,
      "4": 1,
      "5": 1,
      "6": 1,
      "7": 1,
      "8": 1,
      "9": 1,
      "10": 1,
      "11": 1,
      "12": 1,
      "13": 1,
      "14": 1,
      "15": 1,
      "16": 1,
      "17": 1,
      "18": 1,
      "19": 1,
      "20": 1,
      "21": 1,
      "22": 1,
      "23": 1,
      "24": 1,
      "25": 1,
      "26": 1,
      "27": 1
    },
    "branchMap": {},
    "b": {},
    "fnMap": {},
    "f": {}
  },
  "/Users/mariakaspur/Desktop/github/RSReact/src/scripts/components/Preloader/Preloader.tsx": {
    "path": "/Users/mariakaspur/Desktop/github/RSReact/src/scripts/components/Preloader/Preloader.tsx",
    "all": false,
    "statementMap": {
      "0": { "start": { "line": 1, "column": 0 }, "end": { "line": 1, "column": 26 } },
      "1": { "start": { "line": 2, "column": 0 }, "end": { "line": 2, "column": 0 } },
      "2": { "start": { "line": 3, "column": 0 }, "end": { "line": 3, "column": 37 } },
      "3": { "start": { "line": 4, "column": 0 }, "end": { "line": 4, "column": 10 } },
      "4": { "start": { "line": 5, "column": 0 }, "end": { "line": 5, "column": 31 } },
      "5": { "start": { "line": 6, "column": 0 }, "end": { "line": 6, "column": 46 } },
      "6": { "start": { "line": 7, "column": 0 }, "end": { "line": 7, "column": 10 } },
      "7": { "start": { "line": 8, "column": 0 }, "end": { "line": 8, "column": 4 } },
      "8": { "start": { "line": 9, "column": 0 }, "end": { "line": 9, "column": 1 } }
    },
    "s": { "0": 1, "1": 1, "2": 81, "3": 81, "4": 81, "5": 81, "6": 81, "7": 81, "8": 81 },
    "branchMap": {
      "0": {
        "type": "branch",
        "line": 3,
        "loc": { "start": { "line": 3, "column": 0 }, "end": { "line": 9, "column": 1 } },
        "locations": [{ "start": { "line": 3, "column": 0 }, "end": { "line": 9, "column": 1 } }]
      }
    },
    "b": { "0": [81] },
    "fnMap": {
      "0": {
        "name": "Preloader",
        "decl": { "start": { "line": 3, "column": 0 }, "end": { "line": 9, "column": 1 } },
        "loc": { "start": { "line": 3, "column": 0 }, "end": { "line": 9, "column": 1 } },
        "line": 3
      }
    },
    "f": { "0": 81 }
  },
  "/Users/mariakaspur/Desktop/github/RSReact/src/scripts/components/Search/Search.tsx": {
    "path": "/Users/mariakaspur/Desktop/github/RSReact/src/scripts/components/Search/Search.tsx",
    "all": false,
    "statementMap": {
      "0": { "start": { "line": 1, "column": 0 }, "end": { "line": 1, "column": 33 } },
      "1": { "start": { "line": 2, "column": 0 }, "end": { "line": 2, "column": 23 } },
      "2": { "start": { "line": 3, "column": 0 }, "end": { "line": 3, "column": 62 } },
      "3": { "start": { "line": 4, "column": 0 }, "end": { "line": 4, "column": 43 } },
      "4": { "start": { "line": 5, "column": 0 }, "end": { "line": 5, "column": 26 } },
      "5": { "start": { "line": 6, "column": 0 }, "end": { "line": 6, "column": 57 } },
      "6": { "start": { "line": 7, "column": 0 }, "end": { "line": 7, "column": 67 } },
      "7": { "start": { "line": 8, "column": 0 }, "end": { "line": 8, "column": 61 } },
      "8": { "start": { "line": 9, "column": 0 }, "end": { "line": 9, "column": 62 } },
      "9": { "start": { "line": 10, "column": 0 }, "end": { "line": 10, "column": 0 } },
      "10": { "start": { "line": 11, "column": 0 }, "end": { "line": 11, "column": 33 } },
      "11": { "start": { "line": 12, "column": 0 }, "end": { "line": 12, "column": 36 } },
      "12": { "start": { "line": 13, "column": 0 }, "end": { "line": 13, "column": 78 } },
      "13": { "start": { "line": 14, "column": 0 }, "end": { "line": 14, "column": 0 } },
      "14": { "start": { "line": 15, "column": 0 }, "end": { "line": 15, "column": 97 } },
      "15": { "start": { "line": 16, "column": 0 }, "end": { "line": 16, "column": 69 } },
      "16": { "start": { "line": 17, "column": 0 }, "end": { "line": 17, "column": 71 } },
      "17": { "start": { "line": 18, "column": 0 }, "end": { "line": 18, "column": 0 } },
      "18": { "start": { "line": 19, "column": 0 }, "end": { "line": 19, "column": 33 } },
      "19": { "start": { "line": 20, "column": 0 }, "end": { "line": 20, "column": 0 } },
      "20": { "start": { "line": 21, "column": 0 }, "end": { "line": 21, "column": 30 } },
      "21": { "start": { "line": 22, "column": 0 }, "end": { "line": 22, "column": 60 } },
      "22": { "start": { "line": 23, "column": 0 }, "end": { "line": 23, "column": 36 } },
      "23": { "start": { "line": 24, "column": 0 }, "end": { "line": 24, "column": 20 } },
      "24": { "start": { "line": 25, "column": 0 }, "end": { "line": 25, "column": 5 } },
      "25": { "start": { "line": 26, "column": 0 }, "end": { "line": 26, "column": 4 } },
      "26": { "start": { "line": 27, "column": 0 }, "end": { "line": 27, "column": 0 } },
      "27": { "start": { "line": 28, "column": 0 }, "end": { "line": 28, "column": 10 } },
      "28": { "start": { "line": 29, "column": 0 }, "end": { "line": 29, "column": 28 } },
      "29": { "start": { "line": 30, "column": 0 }, "end": { "line": 30, "column": 38 } },
      "30": { "start": { "line": 31, "column": 0 }, "end": { "line": 31, "column": 14 } },
      "31": { "start": { "line": 32, "column": 0 }, "end": { "line": 32, "column": 35 } },
      "32": { "start": { "line": 33, "column": 0 }, "end": { "line": 33, "column": 21 } },
      "33": { "start": { "line": 34, "column": 0 }, "end": { "line": 34, "column": 18 } },
      "34": { "start": { "line": 35, "column": 0 }, "end": { "line": 35, "column": 28 } },
      "35": { "start": { "line": 36, "column": 0 }, "end": { "line": 36, "column": 31 } },
      "36": { "start": { "line": 37, "column": 0 }, "end": { "line": 37, "column": 28 } },
      "37": { "start": { "line": 38, "column": 0 }, "end": { "line": 38, "column": 45 } },
      "38": { "start": { "line": 39, "column": 0 }, "end": { "line": 39, "column": 12 } },
      "39": { "start": { "line": 40, "column": 0 }, "end": { "line": 40, "column": 10 } },
      "40": { "start": { "line": 41, "column": 0 }, "end": { "line": 41, "column": 0 } },
      "41": { "start": { "line": 42, "column": 0 }, "end": { "line": 42, "column": 51 } },
      "42": { "start": { "line": 43, "column": 0 }, "end": { "line": 43, "column": 16 } },
      "43": { "start": { "line": 44, "column": 0 }, "end": { "line": 44, "column": 16 } },
      "44": { "start": { "line": 45, "column": 0 }, "end": { "line": 45, "column": 41 } },
      "45": { "start": { "line": 46, "column": 0 }, "end": { "line": 46, "column": 15 } },
      "46": { "start": { "line": 47, "column": 0 }, "end": { "line": 47, "column": 14 } },
      "47": { "start": { "line": 48, "column": 0 }, "end": { "line": 48, "column": 0 } },
      "48": { "start": { "line": 49, "column": 0 }, "end": { "line": 49, "column": 13 } },
      "49": { "start": { "line": 50, "column": 0 }, "end": { "line": 50, "column": 75 } },
      "50": { "start": { "line": 51, "column": 0 }, "end": { "line": 51, "column": 44 } },
      "51": { "start": { "line": 52, "column": 0 }, "end": { "line": 52, "column": 7 } },
      "52": { "start": { "line": 53, "column": 0 }, "end": { "line": 53, "column": 18 } },
      "53": { "start": { "line": 54, "column": 0 }, "end": { "line": 54, "column": 15 } },
      "54": { "start": { "line": 55, "column": 0 }, "end": { "line": 55, "column": 0 } },
      "55": { "start": { "line": 56, "column": 0 }, "end": { "line": 56, "column": 91 } },
      "56": { "start": { "line": 57, "column": 0 }, "end": { "line": 57, "column": 50 } },
      "57": { "start": { "line": 58, "column": 0 }, "end": { "line": 58, "column": 91 } },
      "58": { "start": { "line": 59, "column": 0 }, "end": { "line": 59, "column": 14 } },
      "59": { "start": { "line": 60, "column": 0 }, "end": { "line": 60, "column": 79 } },
      "60": { "start": { "line": 61, "column": 0 }, "end": { "line": 61, "column": 78 } },
      "61": { "start": { "line": 62, "column": 0 }, "end": { "line": 62, "column": 15 } },
      "62": { "start": { "line": 63, "column": 0 }, "end": { "line": 63, "column": 47 } },
      "63": { "start": { "line": 64, "column": 0 }, "end": { "line": 64, "column": 40 } },
      "64": { "start": { "line": 65, "column": 0 }, "end": { "line": 65, "column": 31 } },
      "65": { "start": { "line": 66, "column": 0 }, "end": { "line": 66, "column": 57 } },
      "66": { "start": { "line": 67, "column": 0 }, "end": { "line": 67, "column": 96 } },
      "67": { "start": { "line": 68, "column": 0 }, "end": { "line": 68, "column": 16 } },
      "68": { "start": { "line": 69, "column": 0 }, "end": { "line": 69, "column": 13 } },
      "69": { "start": { "line": 70, "column": 0 }, "end": { "line": 70, "column": 24 } },
      "70": { "start": { "line": 71, "column": 0 }, "end": { "line": 71, "column": 17 } },
      "71": { "start": { "line": 72, "column": 0 }, "end": { "line": 72, "column": 13 } },
      "72": { "start": { "line": 73, "column": 0 }, "end": { "line": 73, "column": 13 } },
      "73": { "start": { "line": 74, "column": 0 }, "end": { "line": 74, "column": 12 } },
      "74": { "start": { "line": 75, "column": 0 }, "end": { "line": 75, "column": 0 } },
      "75": { "start": { "line": 76, "column": 0 }, "end": { "line": 76, "column": 93 } },
      "76": { "start": { "line": 77, "column": 0 }, "end": { "line": 77, "column": 22 } },
      "77": { "start": { "line": 78, "column": 0 }, "end": { "line": 78, "column": 15 } },
      "78": { "start": { "line": 79, "column": 0 }, "end": { "line": 79, "column": 10 } },
      "79": { "start": { "line": 80, "column": 0 }, "end": { "line": 80, "column": 4 } },
      "80": { "start": { "line": 81, "column": 0 }, "end": { "line": 81, "column": 3 } },
      "81": { "start": { "line": 82, "column": 0 }, "end": { "line": 82, "column": 0 } },
      "82": { "start": { "line": 83, "column": 0 }, "end": { "line": 83, "column": 22 } }
    },
    "s": {
      "0": 1,
      "1": 1,
      "2": 1,
      "3": 1,
      "4": 1,
      "5": 1,
      "6": 1,
      "7": 1,
      "8": 1,
      "9": 1,
      "10": 1,
      "11": 104,
      "12": 104,
      "13": 104,
      "14": 104,
      "15": 104,
      "16": 104,
      "17": 104,
      "18": 104,
      "19": 104,
      "20": 104,
      "21": 1,
      "22": 1,
      "23": 0,
      "24": 0,
      "25": 1,
      "26": 104,
      "27": 104,
      "28": 104,
      "29": 104,
      "30": 104,
      "31": 104,
      "32": 104,
      "33": 104,
      "34": 104,
      "35": 104,
      "36": 104,
      "37": 1,
      "38": 1,
      "39": 104,
      "40": 104,
      "41": 104,
      "42": 104,
      "43": 104,
      "44": 104,
      "45": 104,
      "46": 104,
      "47": 104,
      "48": 104,
      "49": 104,
      "50": 104,
      "51": 104,
      "52": 104,
      "53": 104,
      "54": 104,
      "55": 104,
      "56": 104,
      "57": 104,
      "58": 104,
      "59": 104,
      "60": 104,
      "61": 936,
      "62": 936,
      "63": 936,
      "64": 936,
      "65": 0,
      "66": 0,
      "67": 0,
      "68": 936,
      "69": 936,
      "70": 936,
      "71": 104,
      "72": 104,
      "73": 104,
      "74": 104,
      "75": 104,
      "76": 104,
      "77": 104,
      "78": 104,
      "79": 104,
      "80": 104,
      "81": 1,
      "82": 1
    },
    "branchMap": {
      "0": {
        "type": "branch",
        "line": 11,
        "loc": { "start": { "line": 11, "column": 26 }, "end": { "line": 81, "column": 3 } },
        "locations": [{ "start": { "line": 11, "column": 26 }, "end": { "line": 81, "column": 3 } }]
      },
      "1": {
        "type": "branch",
        "line": 50,
        "loc": { "start": { "line": 50, "column": 54 }, "end": { "line": 50, "column": 64 } },
        "locations": [
          { "start": { "line": 50, "column": 54 }, "end": { "line": 50, "column": 64 } }
        ]
      },
      "2": {
        "type": "branch",
        "line": 50,
        "loc": { "start": { "line": 50, "column": 59 }, "end": { "line": 50, "column": 72 } },
        "locations": [
          { "start": { "line": 50, "column": 59 }, "end": { "line": 50, "column": 72 } }
        ]
      },
      "3": {
        "type": "branch",
        "line": 58,
        "loc": { "start": { "line": 58, "column": 40 }, "end": { "line": 58, "column": 68 } },
        "locations": [
          { "start": { "line": 58, "column": 40 }, "end": { "line": 58, "column": 68 } }
        ]
      },
      "4": {
        "type": "branch",
        "line": 60,
        "loc": { "start": { "line": 60, "column": 45 }, "end": { "line": 60, "column": 73 } },
        "locations": [
          { "start": { "line": 60, "column": 45 }, "end": { "line": 60, "column": 73 } }
        ]
      },
      "5": {
        "type": "branch",
        "line": 13,
        "loc": { "start": { "line": 13, "column": 46 }, "end": { "line": 13, "column": 76 } },
        "locations": [
          { "start": { "line": 13, "column": 46 }, "end": { "line": 13, "column": 76 } }
        ]
      },
      "6": {
        "type": "branch",
        "line": 21,
        "loc": { "start": { "line": 21, "column": 23 }, "end": { "line": 26, "column": 4 } },
        "locations": [{ "start": { "line": 21, "column": 23 }, "end": { "line": 26, "column": 4 } }]
      },
      "7": {
        "type": "branch",
        "line": 23,
        "loc": { "start": { "line": 23, "column": 35 }, "end": { "line": 25, "column": 5 } },
        "locations": [{ "start": { "line": 23, "column": 35 }, "end": { "line": 25, "column": 5 } }]
      },
      "8": {
        "type": "branch",
        "line": 37,
        "loc": { "start": { "line": 37, "column": 20 }, "end": { "line": 39, "column": 12 } },
        "locations": [
          { "start": { "line": 37, "column": 20 }, "end": { "line": 39, "column": 12 } }
        ]
      },
      "9": {
        "type": "branch",
        "line": 61,
        "loc": { "start": { "line": 61, "column": 26 }, "end": { "line": 71, "column": 17 } },
        "locations": [
          { "start": { "line": 61, "column": 26 }, "end": { "line": 71, "column": 17 } }
        ]
      },
      "10": {
        "type": "branch",
        "line": 76,
        "loc": { "start": { "line": 76, "column": 47 }, "end": { "line": 76, "column": 69 } },
        "locations": [
          { "start": { "line": 76, "column": 47 }, "end": { "line": 76, "column": 69 } }
        ]
      }
    },
    "b": {
      "0": [104],
      "1": [100],
      "2": [4],
      "3": [0],
      "4": [0],
      "5": [396],
      "6": [1],
      "7": [0],
      "8": [1],
      "9": [936],
      "10": [1]
    },
    "fnMap": {
      "0": {
        "name": "handleSearch",
        "decl": { "start": { "line": 21, "column": 23 }, "end": { "line": 26, "column": 4 } },
        "loc": { "start": { "line": 21, "column": 23 }, "end": { "line": 26, "column": 4 } },
        "line": 21
      },
      "1": {
        "name": "onChange",
        "decl": { "start": { "line": 37, "column": 20 }, "end": { "line": 39, "column": 12 } },
        "loc": { "start": { "line": 37, "column": 20 }, "end": { "line": 39, "column": 12 } },
        "line": 37
      },
      "2": {
        "name": "onClick",
        "decl": { "start": { "line": 51, "column": 17 }, "end": { "line": 51, "column": 44 } },
        "loc": { "start": { "line": 51, "column": 17 }, "end": { "line": 51, "column": 44 } },
        "line": 51
      },
      "3": {
        "name": "onClick",
        "decl": { "start": { "line": 56, "column": 49 }, "end": { "line": 56, "column": 91 } },
        "loc": { "start": { "line": 56, "column": 49 }, "end": { "line": 56, "column": 91 } },
        "line": 56
      },
      "4": {
        "name": "onClick",
        "decl": { "start": { "line": 65, "column": 23 }, "end": { "line": 68, "column": 16 } },
        "loc": { "start": { "line": 65, "column": 23 }, "end": { "line": 68, "column": 16 } },
        "line": 65
      },
      "5": {
        "name": "onClick",
        "decl": { "start": { "line": 76, "column": 47 }, "end": { "line": 76, "column": 69 } },
        "loc": { "start": { "line": 76, "column": 47 }, "end": { "line": 76, "column": 69 } },
        "line": 76
      }
    },
    "f": { "0": 1, "1": 1, "2": 0, "3": 0, "4": 0, "5": 1 }
  },
  "/Users/mariakaspur/Desktop/github/RSReact/src/scripts/components/Search/data/ico.tsx": {
    "path": "/Users/mariakaspur/Desktop/github/RSReact/src/scripts/components/Search/data/ico.tsx",
    "all": false,
    "statementMap": {
      "0": { "start": { "line": 1, "column": 0 }, "end": { "line": 1, "column": 25 } },
      "1": { "start": { "line": 2, "column": 0 }, "end": { "line": 2, "column": 75 } },
      "2": { "start": { "line": 3, "column": 0 }, "end": { "line": 3, "column": 49 } },
      "3": { "start": { "line": 4, "column": 0 }, "end": { "line": 4, "column": 9 } },
      "4": { "start": { "line": 5, "column": 0 }, "end": { "line": 5, "column": 22 } },
      "5": { "start": { "line": 6, "column": 0 }, "end": { "line": 6, "column": 27 } },
      "6": { "start": { "line": 7, "column": 0 }, "end": { "line": 7, "column": 28 } },
      "7": { "start": { "line": 8, "column": 0 }, "end": { "line": 8, "column": 22 } },
      "8": { "start": { "line": 9, "column": 0 }, "end": { "line": 9, "column": 38 } },
      "9": { "start": { "line": 10, "column": 0 }, "end": { "line": 10, "column": 20 } },
      "10": { "start": { "line": 11, "column": 0 }, "end": { "line": 11, "column": 43 } },
      "11": { "start": { "line": 12, "column": 0 }, "end": { "line": 12, "column": 12 } },
      "12": { "start": { "line": 13, "column": 0 }, "end": { "line": 13, "column": 8 } },
      "13": { "start": { "line": 14, "column": 0 }, "end": { "line": 14, "column": 2 } },
      "14": { "start": { "line": 15, "column": 0 }, "end": { "line": 15, "column": 0 } },
      "15": { "start": { "line": 16, "column": 0 }, "end": { "line": 16, "column": 29 } },
      "16": { "start": { "line": 17, "column": 0 }, "end": { "line": 17, "column": 73 } },
      "17": { "start": { "line": 18, "column": 0 }, "end": { "line": 18, "column": 27 } },
      "18": { "start": { "line": 19, "column": 0 }, "end": { "line": 19, "column": 11 } },
      "19": { "start": { "line": 20, "column": 0 }, "end": { "line": 20, "column": 306 } },
      "20": { "start": { "line": 21, "column": 0 }, "end": { "line": 21, "column": 22 } },
      "21": { "start": { "line": 22, "column": 0 }, "end": { "line": 22, "column": 31 } },
      "22": { "start": { "line": 23, "column": 0 }, "end": { "line": 23, "column": 14 } },
      "23": { "start": { "line": 24, "column": 0 }, "end": { "line": 24, "column": 11 } },
      "24": { "start": { "line": 25, "column": 0 }, "end": { "line": 25, "column": 111 } },
      "25": { "start": { "line": 26, "column": 0 }, "end": { "line": 26, "column": 22 } },
      "26": { "start": { "line": 27, "column": 0 }, "end": { "line": 27, "column": 31 } },
      "27": { "start": { "line": 28, "column": 0 }, "end": { "line": 28, "column": 14 } },
      "28": { "start": { "line": 29, "column": 0 }, "end": { "line": 29, "column": 8 } },
      "29": { "start": { "line": 30, "column": 0 }, "end": { "line": 30, "column": 8 } },
      "30": { "start": { "line": 31, "column": 0 }, "end": { "line": 31, "column": 2 } },
      "31": { "start": { "line": 32, "column": 0 }, "end": { "line": 32, "column": 0 } },
      "32": { "start": { "line": 33, "column": 0 }, "end": { "line": 33, "column": 25 } },
      "33": { "start": { "line": 34, "column": 0 }, "end": { "line": 34, "column": 6 } },
      "34": { "start": { "line": 35, "column": 0 }, "end": { "line": 35, "column": 15 } },
      "35": { "start": { "line": 36, "column": 0 }, "end": { "line": 36, "column": 21 } },
      "36": { "start": { "line": 37, "column": 0 }, "end": { "line": 37, "column": 23 } },
      "37": { "start": { "line": 38, "column": 0 }, "end": { "line": 38, "column": 38 } },
      "38": { "start": { "line": 39, "column": 0 }, "end": { "line": 39, "column": 14 } },
      "39": { "start": { "line": 40, "column": 0 }, "end": { "line": 40, "column": 3 } },
      "40": { "start": { "line": 41, "column": 0 }, "end": { "line": 41, "column": 9 } },
      "41": { "start": { "line": 42, "column": 0 }, "end": { "line": 42, "column": 22 } },
      "42": { "start": { "line": 43, "column": 0 }, "end": { "line": 43, "column": 22 } },
      "43": { "start": { "line": 44, "column": 0 }, "end": { "line": 44, "column": 27 } },
      "44": { "start": { "line": 45, "column": 0 }, "end": { "line": 45, "column": 28 } },
[...]
        "line": 60,
        "loc": { "start": { "line": 60, "column": 19 }, "end": { "line": 65, "column": 12 } },
        "locations": [
          { "start": { "line": 60, "column": 19 }, "end": { "line": 65, "column": 12 } }
        ]
      },
      "17": {
        "type": "branch",
        "line": 61,
        "loc": { "start": { "line": 61, "column": 43 }, "end": { "line": 64, "column": 13 } },
        "locations": [
          { "start": { "line": 61, "column": 43 }, "end": { "line": 64, "column": 13 } }
        ]
      }
    },
    "b": {
      "0": [115],
      "1": [29],
      "2": [29],
      "3": [15],
      "4": [100],
      "5": [408],
      "6": [61],
      "7": [56],
      "8": [5],
      "9": [56],
      "10": [56],
      "11": [32],
      "12": [10],
      "13": [22],
      "14": [10],
      "15": [22],
      "16": [15],
      "17": [0]
    },
    "fnMap": {
      "0": {
        "name": "App",
        "decl": { "start": { "line": 25, "column": 12 }, "end": { "line": 77, "column": 2 } },
        "loc": { "start": { "line": 25, "column": 12 }, "end": { "line": 77, "column": 2 } },
        "line": 25
      },
      "1": {
        "name": "onClick",
        "decl": { "start": { "line": 60, "column": 19 }, "end": { "line": 65, "column": 12 } },
        "loc": { "start": { "line": 60, "column": 19 }, "end": { "line": 65, "column": 12 } },
        "line": 60
      }
    },
    "f": { "0": 115, "1": 15 }
  },
  "/Users/mariakaspur/Desktop/github/RSReact/src/scripts/pages/CardDetail/CardDetail.tsx": {
    "path": "/Users/mariakaspur/Desktop/github/RSReact/src/scripts/pages/CardDetail/CardDetail.tsx",
    "all": false,
    "statementMap": {
      "0": { "start": { "line": 1, "column": 0 }, "end": { "line": 1, "column": 51 } },
      "1": { "start": { "line": 2, "column": 0 }, "end": { "line": 2, "column": 42 } },
      "2": { "start": { "line": 3, "column": 0 }, "end": { "line": 3, "column": 105 } },
      "3": { "start": { "line": 4, "column": 0 }, "end": { "line": 4, "column": 47 } },
      "4": { "start": { "line": 5, "column": 0 }, "end": { "line": 5, "column": 63 } },
      "5": { "start": { "line": 6, "column": 0 }, "end": { "line": 6, "column": 54 } },
      "6": { "start": { "line": 7, "column": 0 }, "end": { "line": 7, "column": 0 } },
      "7": { "start": { "line": 8, "column": 0 }, "end": { "line": 8, "column": 38 } },
      "8": { "start": { "line": 9, "column": 0 }, "end": { "line": 9, "column": 29 } },
      "9": { "start": { "line": 10, "column": 0 }, "end": { "line": 10, "column": 58 } },
      "10": { "start": { "line": 11, "column": 0 }, "end": { "line": 11, "column": 0 } },
      "11": { "start": { "line": 12, "column": 0 }, "end": { "line": 12, "column": 10 } },
      "12": { "start": { "line": 13, "column": 0 }, "end": { "line": 13, "column": 74 } },
      "13": { "start": { "line": 14, "column": 0 }, "end": { "line": 14, "column": 75 } },
      "14": { "start": { "line": 15, "column": 0 }, "end": { "line": 15, "column": 18 } },
      "15": { "start": { "line": 16, "column": 0 }, "end": { "line": 16, "column": 13 } },
      "16": { "start": { "line": 17, "column": 0 }, "end": { "line": 17, "column": 0 } },
      "17": { "start": { "line": 18, "column": 0 }, "end": { "line": 18, "column": 22 } },
      "18": { "start": { "line": 19, "column": 0 }, "end": { "line": 19, "column": 35 } },
      "19": { "start": { "line": 20, "column": 0 }, "end": { "line": 20, "column": 42 } },
      "20": { "start": { "line": 21, "column": 0 }, "end": { "line": 21, "column": 96 } },
      "21": { "start": { "line": 22, "column": 0 }, "end": { "line": 22, "column": 16 } },
      "22": { "start": { "line": 23, "column": 0 }, "end": { "line": 23, "column": 43 } },
      "23": { "start": { "line": 24, "column": 0 }, "end": { "line": 24, "column": 79 } },
      "24": { "start": { "line": 25, "column": 0 }, "end": { "line": 25, "column": 26 } },
      "25": { "start": { "line": 26, "column": 0 }, "end": { "line": 26, "column": 17 } },
      "26": { "start": { "line": 27, "column": 0 }, "end": { "line": 27, "column": 69 } },
      "27": { "start": { "line": 28, "column": 0 }, "end": { "line": 28, "column": 93 } },
      "28": { "start": { "line": 29, "column": 0 }, "end": { "line": 29, "column": 57 } },
      "29": { "start": { "line": 30, "column": 0 }, "end": { "line": 30, "column": 75 } },
      "30": { "start": { "line": 31, "column": 0 }, "end": { "line": 31, "column": 28 } },
      "31": { "start": { "line": 32, "column": 0 }, "end": { "line": 32, "column": 24 } },
      "32": { "start": { "line": 33, "column": 0 }, "end": { "line": 33, "column": 77 } },
      "33": { "start": { "line": 34, "column": 0 }, "end": { "line": 34, "column": 29 } },
      "34": { "start": { "line": 35, "column": 0 }, "end": { "line": 35, "column": 24 } },
      "35": { "start": { "line": 36, "column": 0 }, "end": { "line": 36, "column": 22 } },
      "36": { "start": { "line": 37, "column": 0 }, "end": { "line": 37, "column": 17 } },
      "37": { "start": { "line": 38, "column": 0 }, "end": { "line": 38, "column": 18 } },
      "38": { "start": { "line": 39, "column": 0 }, "end": { "line": 39, "column": 16 } },
      "39": { "start": { "line": 40, "column": 0 }, "end": { "line": 40, "column": 14 } },
      "40": { "start": { "line": 41, "column": 0 }, "end": { "line": 41, "column": 11 } },
      "41": { "start": { "line": 42, "column": 0 }, "end": { "line": 42, "column": 76 } },
      "42": { "start": { "line": 43, "column": 0 }, "end": { "line": 43, "column": 20 } },
      "43": { "start": { "line": 44, "column": 0 }, "end": { "line": 44, "column": 13 } },
      "44": { "start": { "line": 45, "column": 0 }, "end": { "line": 45, "column": 8 } },
      "45": { "start": { "line": 46, "column": 0 }, "end": { "line": 46, "column": 10 } },
      "46": { "start": { "line": 47, "column": 0 }, "end": { "line": 47, "column": 4 } },
      "47": { "start": { "line": 48, "column": 0 }, "end": { "line": 48, "column": 1 } }
    },
    "s": {
      "0": 1,
      "1": 1,
      "2": 1,
      "3": 1,
      "4": 1,
      "5": 1,
      "6": 1,
      "7": 14,
      "8": 14,
      "9": 14,
      "10": 14,
      "11": 14,
      "12": 14,
      "13": 14,
      "14": 14,
      "15": 14,
      "16": 14,
      "17": 14,
      "18": 1,
      "19": 1,
      "20": 1,
      "21": 1,
      "22": 1,
      "23": 1,
      "24": 1,
      "25": 1,
      "26": 1,
      "27": 1,
      "28": 7,
      "29": 7,
      "30": 7,
      "31": 7,
      "32": 7,
      "33": 7,
      "34": 7,
      "35": 7,
      "36": 1,
      "37": 1,
      "38": 1,
      "39": 1,
      "40": 13,
      "41": 13,
      "42": 13,
      "43": 13,
      "44": 14,
      "45": 14,
      "46": 14,
      "47": 14
    },
    "branchMap": {
      "0": {
        "type": "branch",
        "line": 8,
        "loc": { "start": { "line": 8, "column": 0 }, "end": { "line": 48, "column": 1 } },
        "locations": [{ "start": { "line": 8, "column": 0 }, "end": { "line": 48, "column": 1 } }]
      },
      "1": {
        "type": "branch",
        "line": 18,
        "loc": { "start": { "line": 18, "column": 8 }, "end": { "line": 40, "column": 14 } },
        "locations": [{ "start": { "line": 18, "column": 8 }, "end": { "line": 40, "column": 14 } }]
      },
      "2": {
        "type": "branch",
        "line": 21,
        "loc": { "start": { "line": 21, "column": 59 }, "end": { "line": 21, "column": 78 } },
        "locations": [
          { "start": { "line": 21, "column": 59 }, "end": { "line": 21, "column": 78 } }
        ]
      },
      "3": {
        "type": "branch",
        "line": 40,
        "loc": { "start": { "line": 40, "column": 8 }, "end": { "line": 44, "column": 13 } },
        "locations": [{ "start": { "line": 40, "column": 8 }, "end": { "line": 44, "column": 13 } }]
      },
      "4": {
        "type": "branch",
        "line": 28,
        "loc": { "start": { "line": 28, "column": 70 }, "end": { "line": 36, "column": 22 } },
        "locations": [
          { "start": { "line": 28, "column": 70 }, "end": { "line": 36, "column": 22 } }
        ]
      }
    },
    "b": { "0": [14], "1": [1], "2": [0], "3": [13], "4": [7] },
    "fnMap": {
      "0": {
        "name": "CardDetail",
        "decl": { "start": { "line": 8, "column": 0 }, "end": { "line": 48, "column": 1 } },
        "loc": { "start": { "line": 8, "column": 0 }, "end": { "line": 48, "column": 1 } },
        "line": 8
      }
    },
    "f": { "0": 14 }
  },
  "/Users/mariakaspur/Desktop/github/RSReact/src/scripts/pages/CardDetail/createAttributes.tsx": {
    "path": "/Users/mariakaspur/Desktop/github/RSReact/src/scripts/pages/CardDetail/createAttributes.tsx",
    "all": false,
    "statementMap": {
      "0": { "start": { "line": 1, "column": 0 }, "end": { "line": 1, "column": 49 } },
      "1": { "start": { "line": 2, "column": 0 }, "end": { "line": 2, "column": 0 } },
      "2": { "start": { "line": 3, "column": 0 }, "end": { "line": 3, "column": 63 } },
      "3": { "start": { "line": 4, "column": 0 }, "end": { "line": 4, "column": 23 } },
      "4": { "start": { "line": 5, "column": 0 }, "end": { "line": 5, "column": 0 } },
      "5": { "start": { "line": 6, "column": 0 }, "end": { "line": 6, "column": 10 } },
      "6": { "start": { "line": 7, "column": 0 }, "end": { "line": 7, "column": 75 } },
      "7": { "start": { "line": 8, "column": 0 }, "end": { "line": 8, "column": 65 } },
      "8": { "start": { "line": 9, "column": 0 }, "end": { "line": 9, "column": 57 } },
      "9": { "start": { "line": 10, "column": 0 }, "end": { "line": 10, "column": 71 } },
      "10": { "start": { "line": 11, "column": 0 }, "end": { "line": 11, "column": 63 } },
      "11": { "start": { "line": 12, "column": 0 }, "end": { "line": 12, "column": 71 } },
      "12": { "start": { "line": 13, "column": 0 }, "end": { "line": 13, "column": 16 } },
      "13": { "start": { "line": 14, "column": 0 }, "end": { "line": 14, "column": 22 } },
      "14": { "start": { "line": 15, "column": 0 }, "end": { "line": 15, "column": 23 } },
      "15": { "start": { "line": 16, "column": 0 }, "end": { "line": 16, "column": 19 } },
      "16": { "start": { "line": 17, "column": 0 }, "end": { "line": 17, "column": 30 } },
      "17": { "start": { "line": 18, "column": 0 }, "end": { "line": 18, "column": 40 } },
      "18": { "start": { "line": 19, "column": 0 }, "end": { "line": 19, "column": 44 } },
      "19": { "start": { "line": 20, "column": 0 }, "end": { "line": 20, "column": 16 } },
      "20": { "start": { "line": 21, "column": 0 }, "end": { "line": 21, "column": 29 } },
      "21": { "start": { "line": 22, "column": 0 }, "end": { "line": 22, "column": 4 } },
      "22": { "start": { "line": 23, "column": 0 }, "end": { "line": 23, "column": 1 } }
    },
    "s": {
      "0": 1,
      "1": 1,
      "2": 1,
      "3": 1,
      "4": 1,
      "5": 1,
      "6": 1,
      "7": 1,
      "8": 1,
      "9": 1,
      "10": 1,
      "11": 1,
      "12": 1,
      "13": 1,
      "14": 1,
      "15": 1,
      "16": 1,
      "17": 4,
      "18": 4,
      "19": 4,
      "20": 1,
      "21": 1,
      "22": 1
    },
    "branchMap": {
      "0": {
        "type": "branch",
        "line": 3,
        "loc": { "start": { "line": 3, "column": 7 }, "end": { "line": 23, "column": 1 } },
        "locations": [{ "start": { "line": 3, "column": 7 }, "end": { "line": 23, "column": 1 } }]
      },
      "1": {
        "type": "branch",
        "line": 4,
        "loc": { "start": { "line": 4, "column": 13 }, "end": { "line": 4, "column": 23 } },
        "locations": [{ "start": { "line": 4, "column": 13 }, "end": { "line": 4, "column": 23 } }]
      },
      "2": {
        "type": "branch",
        "line": 7,
        "loc": { "start": { "line": 7, "column": 55 }, "end": { "line": 7, "column": 75 } },
        "locations": [{ "start": { "line": 7, "column": 55 }, "end": { "line": 7, "column": 75 } }]
      },
      "3": {
        "type": "branch",
        "line": 8,
        "loc": { "start": { "line": 8, "column": 45 }, "end": { "line": 8, "column": 65 } },
        "locations": [{ "start": { "line": 8, "column": 45 }, "end": { "line": 8, "column": 65 } }]
      },
      "4": {
        "type": "branch",
        "line": 9,
        "loc": { "start": { "line": 9, "column": 37 }, "end": { "line": 9, "column": 57 } },
        "locations": [{ "start": { "line": 9, "column": 37 }, "end": { "line": 9, "column": 57 } }]
      },
      "5": {
        "type": "branch",
        "line": 10,
        "loc": { "start": { "line": 10, "column": 24 }, "end": { "line": 10, "column": 51 } },
        "locations": [
          { "start": { "line": 10, "column": 24 }, "end": { "line": 10, "column": 51 } }
        ]
      },
      "6": {
        "type": "branch",
        "line": 11,
        "loc": { "start": { "line": 11, "column": 20 }, "end": { "line": 11, "column": 43 } },
        "locations": [
          { "start": { "line": 11, "column": 20 }, "end": { "line": 11, "column": 43 } }
        ]
      },
      "7": {
        "type": "branch",
        "line": 12,
        "loc": { "start": { "line": 12, "column": 25 }, "end": { "line": 12, "column": 51 } },
        "locations": [
          { "start": { "line": 12, "column": 25 }, "end": { "line": 12, "column": 51 } }
        ]
      },
      "8": {
        "type": "branch",
        "line": 21,
        "loc": { "start": { "line": 21, "column": 9 }, "end": { "line": 21, "column": 29 } },
        "locations": [{ "start": { "line": 21, "column": 9 }, "end": { "line": 21, "column": 29 } }]
      },
      "9": {
        "type": "branch",
        "line": 17,
        "loc": { "start": { "line": 17, "column": 13 }, "end": { "line": 20, "column": 16 } },
        "locations": [
          { "start": { "line": 17, "column": 13 }, "end": { "line": 20, "column": 16 } }
        ]
      },
      "10": {
        "type": "branch",
        "line": 19,
        "loc": { "start": { "line": 19, "column": 30 }, "end": { "line": 19, "column": 39 } },
        "locations": [
          { "start": { "line": 19, "column": 30 }, "end": { "line": 19, "column": 39 } }
        ]
      }
    },
    "b": {
      "0": [1],
      "1": [0],
      "2": [0],
      "3": [0],
      "4": [0],
      "5": [0],
      "6": [0],
      "7": [0],
      "8": [0],
      "9": [4],
      "10": [0]
    },
    "fnMap": {
      "0": {
        "name": "createAttributes",
        "decl": { "start": { "line": 3, "column": 7 }, "end": { "line": 23, "column": 1 } },
        "loc": { "start": { "line": 3, "column": 7 }, "end": { "line": 23, "column": 1 } },
        "line": 3
      }
    },
    "f": { "0": 1 }
  },
  "/Users/mariakaspur/Desktop/github/RSReact/src/scripts/pages/ErrorPage/ErrorPage.tsx": {
    "path": "/Users/mariakaspur/Desktop/github/RSReact/src/scripts/pages/ErrorPage/ErrorPage.tsx",
    "all": false,
    "statementMap": {
      "0": { "start": { "line": 1, "column": 0 }, "end": { "line": 1, "column": 27 } },
      "1": { "start": { "line": 2, "column": 0 }, "end": { "line": 2, "column": 71 } },
      "2": { "start": { "line": 3, "column": 0 }, "end": { "line": 3, "column": 0 } },
      "3": { "start": { "line": 4, "column": 0 }, "end": { "line": 4, "column": 37 } },
      "4": { "start": { "line": 5, "column": 0 }, "end": { "line": 5, "column": 10 } },
      "5": { "start": { "line": 6, "column": 0 }, "end": { "line": 6, "column": 31 } },
      "6": { "start": { "line": 7, "column": 0 }, "end": { "line": 7, "column": 38 } },
      "7": { "start": { "line": 8, "column": 0 }, "end": { "line": 8, "column": 47 } },
      "8": { "start": { "line": 9, "column": 0 }, "end": { "line": 9, "column": 41 } },
      "9": { "start": { "line": 10, "column": 0 }, "end": { "line": 10, "column": 44 } },
      "10": { "start": { "line": 11, "column": 0 }, "end": { "line": 11, "column": 14 } },
      "11": { "start": { "line": 12, "column": 0 }, "end": { "line": 12, "column": 12 } },
      "12": { "start": { "line": 13, "column": 0 }, "end": { "line": 13, "column": 80 } },
      "13": { "start": { "line": 14, "column": 0 }, "end": { "line": 14, "column": 10 } },
      "14": { "start": { "line": 15, "column": 0 }, "end": { "line": 15, "column": 4 } },
      "15": { "start": { "line": 16, "column": 0 }, "end": { "line": 16, "column": 1 } }
    },
    "s": {
      "0": 1,
      "1": 1,
      "2": 1,
      "3": 4,
      "4": 4,
      "5": 4,
      "6": 4,
      "7": 4,
      "8": 4,
      "9": 4,
      "10": 4,
      "11": 4,
      "12": 4,
      "13": 4,
      "14": 4,
      "15": 4
    },
    "branchMap": {
      "0": {
        "type": "branch",
        "line": 4,
        "loc": { "start": { "line": 4, "column": 0 }, "end": { "line": 16, "column": 1 } },
        "locations": [{ "start": { "line": 4, "column": 0 }, "end": { "line": 16, "column": 1 } }]
      }
    },
    "b": { "0": [4] },
    "fnMap": {
      "0": {
        "name": "ErrorPage",
        "decl": { "start": { "line": 4, "column": 0 }, "end": { "line": 16, "column": 1 } },
        "loc": { "start": { "line": 4, "column": 0 }, "end": { "line": 16, "column": 1 } },
        "line": 4
      }
    },
    "f": { "0": 4 }
  },
  "/Users/mariakaspur/Desktop/github/RSReact/src/scripts/router/router.tsx": {
    "path": "/Users/mariakaspur/Desktop/github/RSReact/src/scripts/router/router.tsx",
    "all": false,
    "statementMap": {
      "0": { "start": { "line": 1, "column": 0 }, "end": { "line": 1, "column": 55 } },
      "1": { "start": { "line": 2, "column": 0 }, "end": { "line": 2, "column": 35 } },
      "2": { "start": { "line": 3, "column": 0 }, "end": { "line": 3, "column": 53 } },
      "3": { "start": { "line": 4, "column": 0 }, "end": { "line": 4, "column": 56 } },
      "4": { "start": { "line": 5, "column": 0 }, "end": { "line": 5, "column": 0 } },
      "5": { "start": { "line": 6, "column": 0 }, "end": { "line": 6, "column": 23 } },
      "6": { "start": { "line": 7, "column": 0 }, "end": { "line": 7, "column": 3 } },
      "7": { "start": { "line": 8, "column": 0 }, "end": { "line": 8, "column": 14 } },
      "8": { "start": { "line": 9, "column": 0 }, "end": { "line": 9, "column": 21 } },
      "9": { "start": { "line": 10, "column": 0 }, "end": { "line": 10, "column": 32 } },
      "10": { "start": { "line": 11, "column": 0 }, "end": { "line": 11, "column": 15 } },
      "11": { "start": { "line": 12, "column": 0 }, "end": { "line": 12, "column": 7 } },
      "12": { "start": { "line": 13, "column": 0 }, "end": { "line": 13, "column": 27 } },
      "13": { "start": { "line": 14, "column": 0 }, "end": { "line": 14, "column": 32 } },
      "14": { "start": { "line": 15, "column": 0 }, "end": { "line": 15, "column": 8 } },
      "15": { "start": { "line": 16, "column": 0 }, "end": { "line": 16, "column": 6 } },
      "16": { "start": { "line": 17, "column": 0 }, "end": { "line": 17, "column": 4 } },
      "17": { "start": { "line": 18, "column": 0 }, "end": { "line": 18, "column": 2 } },
      "18": { "start": { "line": 19, "column": 0 }, "end": { "line": 19, "column": 0 } },
      "19": { "start": { "line": 20, "column": 0 }, "end": { "line": 20, "column": 44 } },
      "20": { "start": { "line": 21, "column": 0 }, "end": { "line": 21, "column": 23 } },
      "21": { "start": { "line": 22, "column": 0 }, "end": { "line": 22, "column": 3 } },
      "22": { "start": { "line": 23, "column": 0 }, "end": { "line": 23, "column": 0 } },
      "23": { "start": { "line": 24, "column": 0 }, "end": { "line": 24, "column": 22 } }
    },
    "s": {
      "0": 1,
      "1": 1,
      "2": 1,
      "3": 1,
      "4": 1,
      "5": 1,
      "6": 1,
      "7": 1,
      "8": 1,
      "9": 1,
      "10": 1,
      "11": 1,
      "12": 1,
      "13": 1,
      "14": 1,
      "15": 1,
      "16": 1,
      "17": 1,
      "18": 1,
      "19": 1,
      "20": 1,
      "21": 1,
      "22": 1,
      "23": 1
    },
    "branchMap": {},
    "b": {},
    "fnMap": {},
    "f": {}
  }
}
